Log file open, 03/08/17 15:12:34
LogInit:Display: Running engine for game: Teapot_Multiplayer
LogPlatformFile: Not using cached read wrapper
LogInit:Display: RandInit(-1855714920) SRandInit(-1855714920).
LogTaskGraph: Started task graph with 5 named threads and 8 total threads with 1 sets of task threads.
LogStats: Stats thread started at 0.071527
LogInit: Using libcurl 7.47.1
LogInit:  - built for x86_64-pc-win32
LogInit:  - supports SSL with OpenSSL/1.0.2g
LogInit:  - supports HTTP deflate (compression) using libz 1.2.8
LogInit:  - other features:
LogInit:      CURL_VERSION_SSL
LogInit:      CURL_VERSION_LIBZ
LogInit:      CURL_VERSION_IPV6
LogInit:      CURL_VERSION_ASYNCHDNS
LogInit:      CURL_VERSION_LARGEFILE
LogInit:      CURL_VERSION_IDN
LogInit:  CurlRequestOptions (configurable via config and command line):
LogInit:  - bVerifyPeer = false  - Libcurl will NOT verify peer certificate
LogInit:  - bUseHttpProxy = false  - Libcurl will NOT use HTTP proxy
LogInit:  - bDontReuseConnections = false  - Libcurl will reuse connections
LogInit:  - CertBundlePath = nullptr  - Libcurl will use whatever was configured at build time.
LogInit: WinSock: version 1.1 (2.2), MaxSocks=32767, MaxUdp=65467
OCULUS: Info: [CAPI] LibOVR module is located at C:\Program Files\Oculus\Support\oculus-runtime\LibOVRRT64_1.dll
OCULUS: Debug: Connected to the server running version (prod = 1).1.12.0(build = 347531) feature version = 0. Client runs version (prod = 1).1.12.0(build = 347531) feature version = 0
OCULUS: Debug: [HMDState] Using default profile default
OCULUS: Info: IAD changed to 60.6mm
OCULUS: Debug: [SharedMemory] Creating factory
LogInit: Build: ++UE4+Release-4.15-CL-3299760
LogInit: Engine Version: 4.15.0-3299760+++UE4+Release-4.15
LogInit: Compatible Engine Version: 4.15.0-3299760+++UE4+Release-4.15
LogInit: Net CL: 3299760
LogDevObjectVersion: Number of dev versions registered: 14
LogDevObjectVersion:   Dev-Blueprints (B0D832E4-1F89-4F0D-ACCF-7EB736FD4AA2): 8
LogDevObjectVersion:   Dev-Build (E1C64328-A22C-4D53-A36C-8E866417BD8C): 0
LogDevObjectVersion:   Dev-Core (375EC13C-06E4-48FB-B500-84F0262A717E): 2
LogDevObjectVersion:   Dev-Editor (E4B068ED-F494-42E9-A231-DA0B2E46BB41): 14
LogDevObjectVersion:   Dev-Framework (CFFC743F-43B0-4480-9391-14DF171D2073): 22
LogDevObjectVersion:   Dev-Mobile (B02B49B5-BB20-44E9-A304-32B752E40360): 0
LogDevObjectVersion:   Dev-Networking (A4E4105C-59A1-49B5-A7C5-40C4547EDFEE): 0
LogDevObjectVersion:   Dev-Online (39C831C9-5AE6-47DC-9A44-9C173E1C8E7C): 0
LogDevObjectVersion:   Dev-Physics (78F01B33-EBEA-4F98-B9B4-84EACCB95AA2): 0
LogDevObjectVersion:   Dev-Platform (6631380F-2D4D-43E0-8009-CF276956A95A): 0
LogDevObjectVersion:   Dev-Rendering (12F88B9F-8875-4AFC-A67C-D90C383ABD29): 12
LogDevObjectVersion:   Dev-Sequencer (7B5AE74C-D270-4C10-A958-57980B212A5A): 3
LogDevObjectVersion:   Dev-VR (D7296918-1DD6-4BDD-9DE2-64A83CC13884): 0
LogDevObjectVersion:   Dev-LoadTimes (C2A15278-BFE7-4AFE-6C17-90FF531DF755): 1
LogInit: Compiled (64-bit): Feb 14 2017 02:04:14
LogInit: Compiled with Visual C++: 19.00.23026.00
LogInit: Build Configuration: Development
LogInit: Branch Name: ++UE4+Release-4.15
LogInit: Command line: -EpicPortal 
LogInit: Base directory: C:/Program Files/Epic Games/UE_4.15/Engine/Binaries/Win64/
LogInit: Installed Engine Build: 1
LogInit: Presizing for max 8388607 objects, including 0 objects not considered by GC, pre-allocating 0 bytes for permanent pool.
LogInit: Object subsystem initialized
[2017.03.08-14.12.35:702][  0]LogConsoleManager:Display: Setting the console variable 'r.RHICmdBypass' with 'SetByProjectSetting' was ignored as it is lower priority than the previous 'SetBySystemSettingsIni'. Value remains '1'
[2017.03.08-14.12.35:704][  0]LogInit: Selected Device Profile: [Windows]
[2017.03.08-14.12.35:704][  0]LogInit: Applying CVar settings loaded from the selected device profile: [Windows]
[2017.03.08-14.12.35:713][  0]LogInit: Computer: DESKTOP-RDBT9IJ
[2017.03.08-14.12.35:713][  0]LogInit: User: StudentVR
[2017.03.08-14.12.35:713][  0]LogInit: CPU Page size=65536, Cores=4
[2017.03.08-14.12.35:713][  0]LogInit: High frequency timer resolution =3.328121 MHz
[2017.03.08-14.12.35:713][  0]LogMemory: Memory total: Physical=15.9GB (16GB approx)
[2017.03.08-14.12.35:713][  0]LogMemory: Platform Memory Stats for Windows
[2017.03.08-14.12.35:713][  0]LogMemory: Process Physical Memory: 271.85 MB used, 271.85 MB peak
[2017.03.08-14.12.35:713][  0]LogMemory: Process Virtual Memory: 266.09 MB used, 266.09 MB peak
[2017.03.08-14.12.35:713][  0]LogMemory: Physical Memory: 4225.78 MB used,  12100.20 MB free, 16325.98 MB total
[2017.03.08-14.12.35:713][  0]LogMemory: Virtual Memory: 709.10 MB used,  12100.20 MB free, 134217728.00 MB total
[2017.03.08-14.12.35:780][  0]LogTextLocalizationManager: No translations for ('sv-SE') exist, falling back to 'en' for localization and internationalization data.
[2017.03.08-14.12.36:301][  0]LogD3D11RHI: D3D11 adapters:
[2017.03.08-14.12.36:333][  0]LogD3D11RHI:    0. 'NVIDIA GeForce GTX 1070' (Feature Level 11_0)
[2017.03.08-14.12.36:333][  0]LogD3D11RHI:       8145/0/8162 MB DedicatedVideo/DedicatedSystem/SharedSystem, Outputs:1, VendorId:0x10de
[2017.03.08-14.12.36:334][  0]LogD3D11RHI:    1. 'Microsoft Basic Render Driver' (Feature Level 11_0)
[2017.03.08-14.12.36:334][  0]LogD3D11RHI:       0/0/8162 MB DedicatedVideo/DedicatedSystem/SharedSystem, Outputs:0, VendorId:0x1414
[2017.03.08-14.12.36:334][  0]LogD3D11RHI: Chosen D3D11 Adapter: 0
[2017.03.08-14.12.36:337][  0]LogD3D11RHI: Creating new Direct3DDevice
[2017.03.08-14.12.36:337][  0]LogD3D11RHI:     GPU DeviceId: 0x1b81 (for the marketing name, search the web for "GPU Device Id")
[2017.03.08-14.12.36:337][  0]LogWindows: EnumDisplayDevices:
[2017.03.08-14.12.36:337][  0]LogWindows:    0. 'NVIDIA GeForce GTX 1070' (P:1 D:1)
[2017.03.08-14.12.36:337][  0]LogWindows:    1. 'NVIDIA GeForce GTX 1070' (P:0 D:0)
[2017.03.08-14.12.36:337][  0]LogWindows:    2. 'NVIDIA GeForce GTX 1070' (P:0 D:0)
[2017.03.08-14.12.36:337][  0]LogWindows:    3. 'NVIDIA GeForce GTX 1070' (P:0 D:0)
[2017.03.08-14.12.36:337][  0]LogWindows: DebugString: FoundDriverCount:4 
[2017.03.08-14.12.36:337][  0]LogD3D11RHI:     Adapter Name: NVIDIA GeForce GTX 1070
[2017.03.08-14.12.36:337][  0]LogD3D11RHI:   Driver Version: 376.53 (internal:21.21.13.7653, unified:376.53)
[2017.03.08-14.12.36:337][  0]LogD3D11RHI:      Driver Date: 12-29-2016
[2017.03.08-14.12.36:337][  0]LogRHI: Texture pool is 1361 MB (70% of 1945 MB)
[2017.03.08-14.12.36:349][  0]LogD3D11RHI: Async texture creation enabled
[2017.03.08-14.12.36:358][  0]LogD3D11RHI: GPU Timing Frequency: 1000.000000 (Debug: 2 1)
[2017.03.08-14.12.36:407][  0]LogShaderCompilers: Guid format shader working directory is -40 characters bigger than the processId version (../../../../../../Users/Student_VR/Documents/GitHub/Gambling-Teapot/Teapot_Multiplayer 4.15/Intermediate/Shaders/WorkingDirectory/5944/).
[2017.03.08-14.12.36:407][  0]LogShaderCompilers: Cleaned the shader compiler working directory 'C:/Users/Student_VR/AppData/Local/Temp/UnrealShaderWorkingDir/731A112C4B679980228E589F1DF86C9D/'.
[2017.03.08-14.12.36:407][  0]LogShaderCompilers:Display: Using Local Shader Compiler.
[2017.03.08-14.12.37:273][  0]LogTemp:Display: Loaded TP AllDesktopTargetPlatform
[2017.03.08-14.12.37:319][  0]LogTemp:Display: Loaded TP MacClientTargetPlatform
[2017.03.08-14.12.37:366][  0]LogTemp:Display: Loaded TP MacNoEditorTargetPlatform
[2017.03.08-14.12.37:411][  0]LogTemp:Display: Loaded TP MacServerTargetPlatform
[2017.03.08-14.12.37:456][  0]LogTemp:Display: Loaded TP MacTargetPlatform
[2017.03.08-14.12.37:502][  0]LogTemp:Display: Loaded TP WindowsClientTargetPlatform
[2017.03.08-14.12.37:548][  0]LogTemp:Display: Loaded TP WindowsNoEditorTargetPlatform
[2017.03.08-14.12.37:597][  0]LogTemp:Display: Loaded TP WindowsServerTargetPlatform
[2017.03.08-14.12.37:638][  0]LogTemp:Display: Loaded TP WindowsTargetPlatform
[2017.03.08-14.12.37:701][  0]LogTemp:Display: Loaded TP AndroidTargetPlatform
[2017.03.08-14.12.37:768][  0]LogTemp:Display: Loaded TP Android_ASTCTargetPlatform
[2017.03.08-14.12.37:824][  0]LogTemp:Display: Loaded TP Android_ATCTargetPlatform
[2017.03.08-14.12.37:880][  0]LogTemp:Display: Loaded TP Android_DXTTargetPlatform
[2017.03.08-14.12.37:940][  0]LogTemp:Display: Loaded TP Android_ETC1TargetPlatform
[2017.03.08-14.12.37:998][  0]LogTemp:Display: Loaded TP Android_ETC2TargetPlatform
[2017.03.08-14.12.38:098][  0]LogTemp:Display: Loaded TP Android_MultiTargetPlatform
[2017.03.08-14.12.38:098][  0]LogTemp:Display: Loaded TP Android_PVRTCTargetPlatform
[2017.03.08-14.12.38:133][  0]LogTemp:Display: Loaded TP HTML5TargetPlatform
[2017.03.08-14.12.38:217][  0]LogTemp:Display: Loaded TP IOSTargetPlatform
[2017.03.08-14.12.38:247][  0]LogTemp:Display: Loaded TP TVOSTargetPlatform
[2017.03.08-14.12.38:291][  0]LogTemp:Display: Loaded TP LinuxClientTargetPlatform
[2017.03.08-14.12.38:336][  0]LogTemp:Display: Loaded TP LinuxNoEditorTargetPlatform
[2017.03.08-14.12.38:380][  0]LogTemp:Display: Loaded TP LinuxServerTargetPlatform
[2017.03.08-14.12.38:425][  0]LogTemp:Display: Loaded TP LinuxTargetPlatform
[2017.03.08-14.12.38:425][  0]LogTargetPlatformManager:Display: Building Assets For Windows
[2017.03.08-14.12.38:811][  0]LogDerivedDataCache:Display: Max Cache Size: 512 MB
[2017.03.08-14.12.38:870][  0]LogDerivedDataCache: Loaded boot cache 0.06s 61MB C:/Users/Student_VR/AppData/Local/UnrealEngine/4.15/DerivedDataCache/Boot.ddc.
[2017.03.08-14.12.38:870][  0]LogDerivedDataCache:Display: Loaded Boot cache: C:/Users/Student_VR/AppData/Local/UnrealEngine/4.15/DerivedDataCache/Boot.ddc
[2017.03.08-14.12.38:870][  0]LogDerivedDataCache: FDerivedDataBackendGraph:  Pak pak cache file ../../../../../../Users/Student_VR/Documents/GitHub/Gambling-Teapot/Teapot_Multiplayer 4.15/DerivedDataCache/DDC.ddp not found, will not use a pak cache.
[2017.03.08-14.12.38:870][  0]LogDerivedDataCache: Unable to find inner node Pak for hierarchical cache Hierarchy.
[2017.03.08-14.12.38:870][  0]LogDerivedDataCache: FDerivedDataBackendGraph:  CompressedPak pak cache file ../../../../../../Users/Student_VR/Documents/GitHub/Gambling-Teapot/Teapot_Multiplayer 4.15/DerivedDataCache/Compressed.ddp not found, will not use a pak cache.
[2017.03.08-14.12.38:870][  0]LogDerivedDataCache: Unable to find inner node CompressedPak for hierarchical cache Hierarchy.
[2017.03.08-14.12.38:891][  0]LogDerivedDataCache:Display: Pak cache opened for reading ../../../Engine/DerivedDataCache/Compressed.ddp.
[2017.03.08-14.12.38:903][  0]LogDerivedDataCache: Using Local data cache path C:/Users/Student_VR/AppData/Local/UnrealEngine/Common/DerivedDataCache: Writable
[2017.03.08-14.12.38:911][  0]LogSlate: Using Freetype 2.6.0
[2017.03.08-14.12.38:912][  0]LogSlate: SlateFontCache - WITH_FREETYPE: 1, WITH_HARFBUZZ: 1
[2017.03.08-14.12.38:912][  0]LogSlate: SlateFontCache - WITH_FREETYPE: 1, WITH_HARFBUZZ: 1
[2017.03.08-14.12.39:151][  0]LogInit: Selected Device Profile: [Windows]
[2017.03.08-14.12.39:153][  0]LogContentStreaming: Texture pool size is 0.00 MB
[2017.03.08-14.12.39:327][  0]LogMeshUtilities: Using QuadricMeshReduction for automatic static mesh reduction
[2017.03.08-14.12.39:363][  0]LogSimplygon: Simplygon DLL not present - disabling.
[2017.03.08-14.12.39:399][  0]LogMeshUtilities: Using SimplygonSwarm for distributed automatic mesh merging
[2017.03.08-14.12.39:399][  0]LogMeshUtilities: No automatic skeletal mesh reduction module available
[2017.03.08-14.12.39:399][  0]LogMeshUtilities: No automatic mesh merging module available
[2017.03.08-14.12.39:836][  0]LogNetVersion: GetLocalNetworkVersion: CL: 3299760, ProjectName: teapot_multiplayer, ProjectVersion: , EngineNetworkVersion: 2, GameNetworkVersion: 0, NetworkChecksum: 1232477341
[2017.03.08-14.12.39:876][  0]LogAssetRegistry: FAssetRegistry took 0.0210 seconds to start up
[2017.03.08-14.12.39:912][  0]LogPackageLocalizationCache: Processed 3 localized package path(s) for 1 prioritized culture(s) in 0.017452 seconds
[2017.03.08-14.12.39:917][  0]LogUObjectArray: 32475 objects as part of root set at end of initial load.
[2017.03.08-14.12.39:917][  0]LogUObjectAllocator: 7073368 out of 0 bytes used by permanent object pool.
[2017.03.08-14.12.39:917][  0]LogUObjectArray: CloseDisregardForGC: 0/0 objects in disregard for GC pool
[2017.03.08-14.12.41:236][  0]LogTcpMessaging: Initializing TcpMessaging bridge
[2017.03.08-14.12.41:269][  0]LogUdpMessaging: Initializing bridge on interface 0.0.0.0:0 to multicast group 230.0.0.1:6666.
[2017.03.08-14.12.41:671][  0]LogMaterial: Uniform references updated for custom material expression Custom.
[2017.03.08-14.12.42:049][  0]SourceControl: Info Source control is disabled
[2017.03.08-14.12.42:077][  0]SourceControl: Info Source control is disabled
[2017.03.08-14.12.42:115][  0]SourceControl: Info Source control is disabled
[2017.03.08-14.12.42:153][  0]SourceControl: Info Source control is disabled
[2017.03.08-14.12.42:679][  0]LogOnline:Display: STEAM: Loading Steam SDK 1.32
[2017.03.08-14.12.43:145][  0]LogEngine: Initializing Engine...
[2017.03.08-14.12.43:145][  0]LogHMD: Oculus plugin initialized. Version: 4.15.0-3299760+++UE4+Release-4.15, LibOVR: 1.12.0, SDK: 1.10.0, built Feb 14 2017, 02:10:09
[2017.03.08-14.12.43:241][  0]OCULUS: Debug: [HMDState] Using default profile default
[2017.03.08-14.12.43:241][  0]OCULUS: Info: IAD changed to 60.6mm
[2017.03.08-14.12.43:341][  0]LogAIModule: Creating AISystem for world Untitled
[2017.03.08-14.12.43:348][  0]LogInit: XAudio2 using 'Headphones (Rift Audio)' : 2 channels at 48 kHz using 16 bits per sample (channel mask 0x3)
[2017.03.08-14.12.43:355][  0]LogInit: FAudioDevice initialized.
[2017.03.08-14.12.43:381][  0]LogDerivedDataCache: Saved boot cache 0.03s 61MB C:/Users/Student_VR/AppData/Local/UnrealEngine/4.15/DerivedDataCache/Boot.ddc.
[2017.03.08-14.12.43:386][  0]LogInit: Texture streaming: Enabled
[2017.03.08-14.12.43:465][  0]LogEngineSessionManager: EngineSessionManager initialized
[2017.03.08-14.12.43:534][  0]LogInit: Transaction tracking system initialized
[2017.03.08-14.12.43:894][  0]BlueprintLog: New page: Editor Load
[2017.03.08-14.12.44:643][  0]LocalizationService: Info Localization service is disabled
[2017.03.08-14.12.45:183][  0]LogConsoleResponse:Display: 
[2017.03.08-14.12.45:286][  0]LogCook:Display: Max memory allowance for cook 16384mb min free memory 0mb
[2017.03.08-14.12.45:286][  0]LogCook:Display: Mobile HDR setting 1
[2017.03.08-14.12.45:327][  0]LogFileCache: Scanning file cache for directory 'C:/Users/Student_VR/Documents/GitHub/Gambling-Teapot/Teapot_Multiplayer 4.15/Content/' took 0.01s
[2017.03.08-14.12.46:102][  0]SourceControl: Info Source control is disabled
[2017.03.08-14.12.46:102][  0]LightingResults: New page: Lighting Build
[2017.03.08-14.12.46:135][  0]MapCheck: New page: Map Check
[2017.03.08-14.12.46:135][  0]LightingResults: New page: Lighting Build
[2017.03.08-14.12.46:620][  0]LogClass:Warning: Enum '/Game/Teapot_Content/Blueprints/Teapot_GameState_Enum.Teapot_GameState_Enum' was upgraded to use FText to store its display name data. Please re-save this asset to avoid issues with localization and determinstic cooking.
[2017.03.08-14.12.46:652][  0]LogClass:Warning: Enum '/Game/Teapot_Content/Blueprints/Teapot_GripEnum.Teapot_GripEnum' was upgraded to use FText to store its display name data. Please re-save this asset to avoid issues with localization and determinstic cooking.
[2017.03.08-14.12.46:903][  0]LogAIModule: Creating AISystem for world Teapot_Level_Lobby
[2017.03.08-14.12.46:906][  0]LogEditorServer: Finished looking for orphan Actors (0.000 secs)
[2017.03.08-14.12.46:907][  0]Cmd: MAP CHECKDEP NOCLEARLOG
[2017.03.08-14.12.46:944][  0]MapCheck: Info Map check complete: 0 Error(s), 0 Warning(s), took 37.477ms to complete.
[2017.03.08-14.12.46:944][  0]LogFileHelpers: Loading map 'Teapot_Level_Lobby' took 0.842
[2017.03.08-14.12.47:000][  0]LogWindowsTextInputMethodSystem:Display: IME system now deactivated.
[2017.03.08-14.12.47:120][  0]LogCollectionManager: Loaded 0 collections in 0.001315 seconds
[2017.03.08-14.12.47:196][  0]LogFileCache: Scanning file cache for directory 'C:/Users/Student_VR/Documents/GitHub/Gambling-Teapot/Teapot_Multiplayer 4.15/Saved/Collections/' took 0.01s
[2017.03.08-14.12.47:196][  0]LogFileCache: Scanning file cache for directory 'C:/Users/Student_VR/Documents/GitHub/Gambling-Teapot/Teapot_Multiplayer 4.15/Content/Developers/StudentVR/Collections/' took 0.01s
[2017.03.08-14.12.47:196][  0]LogFileCache: Scanning file cache for directory 'C:/Users/Student_VR/Documents/GitHub/Gambling-Teapot/Teapot_Multiplayer 4.15/Content/Collections/' took 0.01s
[2017.03.08-14.12.47:196][  0]LogCollectionManager: Rebuilt the GUID cache for 0 collections in 0.000001 seconds
[2017.03.08-14.12.47:204][  0]LogContentBrowser: Native class hierarchy populated in 0.0076 seconds. Added 2246 classes and 453 folders.
[2017.03.08-14.12.47:206][  0]LogStats: UGameplayTagsManager::ConstructGameplayTagTree: Construct from data asset -  0.000 s
[2017.03.08-14.12.47:206][  0]LogStats: UGameplayTagsManager::ConstructGameplayTagTree: GameplayTagTreeChangedEvent.Broadcast -  0.000 s
[2017.03.08-14.12.47:263][  0]LogContentBrowser: Native class hierarchy updated for 'WidgetCarousel' in 0.0005 seconds. Added 0 classes and 0 folders.
[2017.03.08-14.12.47:288][  0]LogContentBrowser: Native class hierarchy updated for 'AddContentDialog' in 0.0004 seconds. Added 0 classes and 0 folders.
[2017.03.08-14.12.47:324][  0]LogContentBrowser: Native class hierarchy updated for 'SceneOutliner' in 0.0004 seconds. Added 1 classes and 2 folders.
[2017.03.08-14.12.47:408][  0]LogCrashTracker: Crashtracker disabled due to settings.
[2017.03.08-14.12.47:414][  0]LogUObjectGlobals:Warning: Failed to find object 'Class None.'
[2017.03.08-14.12.47:473][  0]LogContentBrowser: Native class hierarchy updated for 'HierarchicalLODOutliner' in 0.0005 seconds. Added 1 classes and 2 folders.
[2017.03.08-14.12.47:473][  0]LogLoad: (Engine Initialization) Total time: 15.32 seconds
[2017.03.08-14.12.47:473][  0]LogLoad: (Engine Initialization) Total Blueprint compile time: 0.32 seconds
[2017.03.08-14.12.47:473][  0]LogExternalProfiler: Found external profiler: VSPerf
[2017.03.08-14.12.47:473][  0]LogExternalProfiler: Using external profiler: VSPerf
[2017.03.08-14.12.47:483][  0]LogOcInput: OculusInput pre-init called
[2017.03.08-14.12.47:493][  0]LogOcInput: OculusInput is initialized. Init status 0. Runtime version: 1.12.0
[2017.03.08-14.12.47:513][  0]LogContentStreaming: Texture pool size now 1000 MB
[2017.03.08-14.12.47:514][  0]LogSlate: Took 0.000205 seconds to synchronously load lazily loaded font '../../../Engine/Content/Slate/Fonts/Roboto-Regular.ttf' (155K)
[2017.03.08-14.12.47:518][  0]LogSlate: Took 0.000236 seconds to synchronously load lazily loaded font '../../../Engine/Content/Slate/Fonts/Roboto-Bold.ttf' (160K)
[2017.03.08-14.12.47:522][  0]LogSlate: Took 0.000151 seconds to synchronously load lazily loaded font '../../../Engine/Content/Editor/Slate/Fonts/FontAwesome.ttf' (139K)
[2017.03.08-14.12.47:629][  0]LogSlate: Took 0.000108 seconds to synchronously load lazily loaded font '../../../Engine/Content/Slate/Fonts/Roboto-Light.ttf' (159K)
[2017.03.08-14.12.47:666][  0]LogRenderer: Reallocating scene render targets to support 1208x652 NumSamples 1 (Frame:2).
[2017.03.08-14.12.47:717][  1]LogAssetRegistry: Asset discovery search completed in 7.8620 seconds
[2017.03.08-14.12.47:717][  1]LogCollectionManager: Rebuilt the object cache for 0 collections in 0.000003 seconds (found 0 objects)
[2017.03.08-14.12.47:717][  1]LogCollectionManager: Fixed up redirectors for 0 collections in 0.000027 seconds (updated 0 objects)
[2017.03.08-14.12.56:044][993]LogSlate: Took 0.000114 seconds to synchronously load lazily loaded font '../../../Engine/Content/Slate/Fonts/Roboto-Light.ttf' (159K)
[2017.03.08-14.12.56:067][993]LogAIModule: Creating AISystem for world Teapot_Level_Test2
[2017.03.08-14.12.56:094][993]LightingResults: New page: Lighting Build
[2017.03.08-14.12.56:095][993]LoadErrors: New page: Loading map: Teapot_Level_Test2.umap
[2017.03.08-14.12.56:096][993]MapCheck: New page: Map Check
[2017.03.08-14.12.56:096][993]LightingResults: New page: Lighting Build
[2017.03.08-14.12.56:179][993]LogEditorServer: Finished looking for orphan Actors (0.000 secs)
[2017.03.08-14.12.56:197][993]Cmd: MAP CHECKDEP NOCLEARLOG
[2017.03.08-14.12.56:227][993]MapCheck: Info Map check complete: 0 Error(s), 0 Warning(s), took 30.371ms to complete.
[2017.03.08-14.12.56:227][993]LogFileHelpers: Loading map 'Teapot_Level_Test2' took 0.134
[2017.03.08-14.16.25:625][754]LogWindowsTextInputMethodSystem:Display: IME system now deactivated.
[2017.03.08-14.16.25:805][755]Cmd: QUIT_EDITOR
[2017.03.08-14.16.25:852][755]LogExit: Preparing to exit.
[2017.03.08-14.16.26:455][755]LogDirectoryWatcher: A directory notification for 'C:/Users/Student_VR/Documents/GitHub/Gambling-Teapot/Teapot_Multiplayer 4.15/Content/' was aborted.
[2017.03.08-14.16.26:472][755]LogExit: Editor shut down
[2017.03.08-14.16.26:472][755]LogExit: Transaction tracking system shut down
[2017.03.08-14.16.26:515][755]LogObj: Freed 0b from 0 cluster array pools.
[2017.03.08-14.16.26:515][755]LogExit: Object subsystem successfully closed.
[2017.03.08-14.16.26:526][755]LogD3D11RHI: Shutdown
[2017.03.08-14.16.26:526][755]LogD3D11RHI: CleanupD3DDevice
[2017.03.08-14.16.26:577][755]LogD3D11RHI: ~FD3D11DynamicRHI
[2017.03.08-14.16.26:587][755]LogModuleManager: Shutting down and abandoning module HierarchicalLODOutliner (498)
[2017.03.08-14.16.26:587][755]LogModuleManager: Shutting down and abandoning module CrashTracker (496)
[2017.03.08-14.16.26:587][755]LogModuleManager: Shutting down and abandoning module SceneOutliner (494)
[2017.03.08-14.16.26:587][755]LogModuleManager: Shutting down and abandoning module AddContentDialog (492)
[2017.03.08-14.16.26:587][755]LogDirectoryWatcher: A directory notification for 'C:/Program Files/Epic Games/UE_4.15/FeaturePacks/' was aborted.
[2017.03.08-14.16.26:588][755]LogModuleManager: Shutting down and abandoning module WidgetCarousel (491)
[2017.03.08-14.16.26:588][755]LogModuleManager: Shutting down and abandoning module EditorWidgets (488)
[2017.03.08-14.16.26:588][755]LogModuleManager: Shutting down and abandoning module CollectionManager (486)
[2017.03.08-14.16.26:588][755]LogDirectoryWatcher: A directory notification for 'C:/Users/Student_VR/Documents/GitHub/Gambling-Teapot/Teapot_Multiplayer 4.15/Content/Collections/' was aborted.
[2017.03.08-14.16.26:588][755]LogDirectoryWatcher: A directory notification for 'C:/Users/Student_VR/Documents/GitHub/Gambling-Teapot/Teapot_Multiplayer 4.15/Content/Developers/StudentVR/Collections/' was aborted.
[2017.03.08-14.16.26:588][755]LogDirectoryWatcher: A directory notification for 'C:/Users/Student_VR/Documents/GitHub/Gambling-Teapot/Teapot_Multiplayer 4.15/Saved/Collections/' was aborted.
[2017.03.08-14.16.26:588][755]LogModuleManager: Shutting down and abandoning module StatsViewer (484)
[2017.03.08-14.16.26:588][755]LogModuleManager: Shutting down and abandoning module FoliageEdit (482)
[2017.03.08-14.16.26:588][755]LogModuleManager: Shutting down and abandoning module LandscapeEditor (480)
[2017.03.08-14.16.26:588][755]LogModuleManager: Shutting down and abandoning module SceneDepthPickerMode (478)
[2017.03.08-14.16.26:588][755]LogModuleManager: Shutting down and abandoning module ActorPickerMode (476)
[2017.03.08-14.16.26:588][755]LogModuleManager: Shutting down and abandoning module GeometryMode (474)
[2017.03.08-14.16.26:588][755]LogModuleManager: Shutting down and abandoning module TextureAlignMode (472)
[2017.03.08-14.16.26:588][755]LogModuleManager: Shutting down and abandoning module BspMode (470)
[2017.03.08-14.16.26:588][755]LogModuleManager: Shutting down and abandoning module HardwareSurvey (468)
[2017.03.08-14.16.26:588][755]LogModuleManager: Shutting down and abandoning module SequenceRecorderSections (466)
[2017.03.08-14.16.26:588][755]LogModuleManager: Shutting down and abandoning module AutomationWorker (464)
[2017.03.08-14.16.26:588][755]LogModuleManager: Shutting down and abandoning module MatineeToLevelSequence (462)
[2017.03.08-14.16.26:588][755]LogModuleManager: Shutting down and abandoning module LevelSequenceEditor (460)
[2017.03.08-14.16.26:588][755]LogModuleManager: Shutting down and abandoning module PlacementMode (459)
[2017.03.08-14.16.26:588][755]LogModuleManager: Shutting down and abandoning module WmfMediaFactory (456)
[2017.03.08-14.16.26:588][755]LogModuleManager: Shutting down and abandoning module WmfMediaEditor (454)
[2017.03.08-14.16.26:588][755]LogModuleManager: Shutting down and abandoning module MfMediaFactory (452)
[2017.03.08-14.16.26:588][755]LogModuleManager: Shutting down and abandoning module MfMediaEditor (450)
[2017.03.08-14.16.26:588][755]LogModuleManager: Shutting down and abandoning module AvfMediaFactory (448)
[2017.03.08-14.16.26:588][755]LogModuleManager: Shutting down and abandoning module AvfMediaEditor (446)
[2017.03.08-14.16.26:588][755]LogModuleManager: Shutting down and abandoning module AndroidMediaFactory (444)
[2017.03.08-14.16.26:588][755]LogModuleManager: Shutting down and abandoning module Media (443)
[2017.03.08-14.16.26:588][755]LogModuleManager: Shutting down and abandoning module AndroidMediaEditor (440)
[2017.03.08-14.16.26:588][755]LogModuleManager: Shutting down and abandoning module CharacterAI (438)
[2017.03.08-14.16.26:588][755]LogModuleManager: Shutting down and abandoning module AudioCapture (436)
[2017.03.08-14.16.26:588][755]LogModuleManager: Shutting down and abandoning module SequenceRecorder (435)
[2017.03.08-14.16.26:588][755]LogModuleManager: Shutting down and abandoning module SmartSnapping (432)
[2017.03.08-14.16.26:588][755]LogModuleManager: Shutting down and abandoning module SessionServices (430)
[2017.03.08-14.16.26:588][755]LogModuleManager: Shutting down and abandoning module ViewportSnapping (428)
[2017.03.08-14.16.26:588][755]LogModuleManager: Shutting down and abandoning module ViewportInteraction (426)
[2017.03.08-14.16.26:588][755]LogModuleManager: Shutting down and abandoning module LogVisualizer (424)
[2017.03.08-14.16.26:588][755]LogModuleManager: Shutting down and abandoning module IntroTutorials (422)
[2017.03.08-14.16.26:588][755]LogModuleManager: Shutting down and abandoning module GameProjectGeneration (421)
[2017.03.08-14.16.26:588][755]LogModuleManager: Shutting down and abandoning module EditorLiveStreaming (418)
[2017.03.08-14.16.26:588][755]LogModuleManager: Shutting down and abandoning module IOSPlatformEditor (416)
[2017.03.08-14.16.26:588][755]LogModuleManager: Shutting down and abandoning module HTML5PlatformEditor (414)
[2017.03.08-14.16.26:588][755]LogModuleManager: Shutting down and abandoning module AndroidPlatformEditor (412)
[2017.03.08-14.16.26:588][755]LogModuleManager: Shutting down and abandoning module AndroidDeviceDetection (411)
[2017.03.08-14.16.27:034][755]LogModuleManager: Shutting down and abandoning module IOSRuntimeSettings (408)
[2017.03.08-14.16.27:034][755]LogModuleManager: Shutting down and abandoning module AndroidRuntimeSettings (406)
[2017.03.08-14.16.27:034][755]LogModuleManager: Shutting down and abandoning module InputBindingEditor (404)
[2017.03.08-14.16.27:034][755]LogModuleManager: Shutting down and abandoning module NiagaraEditor (402)
[2017.03.08-14.16.27:034][755]LogModuleManager: Shutting down and abandoning module MergeActors (400)
[2017.03.08-14.16.27:034][755]LogModuleManager: Shutting down and abandoning module SizeMap (398)
[2017.03.08-14.16.27:034][755]LogModuleManager: Shutting down and abandoning module TreeMap (396)
[2017.03.08-14.16.27:034][755]LogModuleManager: Shutting down and abandoning module ReferenceViewer (394)
[2017.03.08-14.16.27:034][755]LogModuleManager: Shutting down and abandoning module LocalizationDashboard (392)
[2017.03.08-14.16.27:034][755]LogModuleManager: Shutting down and abandoning module LocalizationService (391)
[2017.03.08-14.16.27:034][755]LogModuleManager: Shutting down and abandoning module HardwareTargeting (388)
[2017.03.08-14.16.27:034][755]LogModuleManager: Shutting down and abandoning module DeviceProfileEditor (386)
[2017.03.08-14.16.27:034][755]LogModuleManager: Shutting down and abandoning module UndoHistory (384)
[2017.03.08-14.16.27:034][755]LogModuleManager: Shutting down and abandoning module UserFeedback (382)
[2017.03.08-14.16.27:034][755]LogModuleManager: Shutting down and abandoning module XmlParser (380)
[2017.03.08-14.16.27:034][755]LogModuleManager: Shutting down and abandoning module Blutility (378)
[2017.03.08-14.16.27:034][755]LogModuleManager: Shutting down and abandoning module ProjectSettingsViewer (376)
[2017.03.08-14.16.27:034][755]LogModuleManager: Shutting down and abandoning module ProjectTargetPlatformEditor (375)
[2017.03.08-14.16.27:035][755]LogModuleManager: Shutting down and abandoning module EditorSettingsViewer (372)
[2017.03.08-14.16.27:035][755]LogModuleManager: Shutting down and abandoning module SettingsEditor (370)
[2017.03.08-14.16.27:035][755]LogModuleManager: Shutting down and abandoning module ProjectLauncher (368)
[2017.03.08-14.16.27:035][755]LogModuleManager: Shutting down and abandoning module SessionFrontend (366)
[2017.03.08-14.16.27:035][755]LogModuleManager: Shutting down and abandoning module ProfilerClient (364)
[2017.03.08-14.16.27:035][755]LogModuleManager: Shutting down and abandoning module DeviceManager (362)
[2017.03.08-14.16.27:035][755]LogModuleManager: Shutting down and abandoning module TargetDeviceServices (361)
[2017.03.08-14.16.27:088][755]LogModuleManager: Shutting down and abandoning module AutomationController (358)
[2017.03.08-14.16.27:088][755]LogModuleManager: Shutting down and abandoning module AutomationWindow (356)
[2017.03.08-14.16.27:088][755]LogModuleManager: Shutting down and abandoning module Layers (354)
[2017.03.08-14.16.27:088][755]LogModuleManager: Shutting down and abandoning module ComponentVisualizers (352)
[2017.03.08-14.16.27:088][755]LogModuleManager: Shutting down and abandoning module DetailCustomizations (350)
[2017.03.08-14.16.27:088][755]LogModuleManager: Shutting down and abandoning module PackagesDialog (348)
[2017.03.08-14.16.27:088][755]LogModuleManager: Shutting down and abandoning module Persona (346)
[2017.03.08-14.16.27:088][755]LogModuleManager: Shutting down and abandoning module AnimGraph (345)
[2017.03.08-14.16.27:088][755]LogModuleManager: Shutting down and abandoning module Kismet (342)
[2017.03.08-14.16.27:089][755]LogModuleManager: Shutting down and abandoning module GraphEditor (340)
[2017.03.08-14.16.27:089][755]LogModuleManager: Shutting down and abandoning module ClassViewer (338)
[2017.03.08-14.16.27:089][755]LogModuleManager: Shutting down and abandoning module Toolbox (336)
[2017.03.08-14.16.27:089][755]LogModuleManager: Shutting down and abandoning module ModuleUI (334)
[2017.03.08-14.16.27:089][755]LogModuleManager: Shutting down and abandoning module MovieSceneTools (332)
[2017.03.08-14.16.27:089][755]LogModuleManager: Shutting down and abandoning module OutputLog (330)
[2017.03.08-14.16.27:089][755]LogModuleManager: Shutting down and abandoning module GammaUI (328)
[2017.03.08-14.16.27:089][755]LogModuleManager: Shutting down and abandoning module Documentation (326)
[2017.03.08-14.16.27:089][755]LogModuleManager: Shutting down and abandoning module Niagara (324)
[2017.03.08-14.16.27:089][755]LogModuleManager: Shutting down and abandoning module StreamingPauseRendering (322)
[2017.03.08-14.16.27:089][755]LogModuleManager: Shutting down and abandoning module AnalyticsET (320)
[2017.03.08-14.16.27:089][755]LogModuleManager: Shutting down and abandoning module PortalServices (318)
[2017.03.08-14.16.27:089][755]LogModuleManager: Shutting down and abandoning module PortalRpc (316)
[2017.03.08-14.16.27:089][755]LogModuleManager: Shutting down and abandoning module MessagingRpc (314)
[2017.03.08-14.16.27:089][755]LogModuleManager: Shutting down and abandoning module AIModule (312)
[2017.03.08-14.16.27:089][755]LogModuleManager: Shutting down and abandoning module GameplayDebugger (311)
[2017.03.08-14.16.27:089][755]LogModuleManager: Shutting down and abandoning module AITestSuite (309)
[2017.03.08-14.16.27:089][755]LogModuleManager: Shutting down and abandoning module ProfilerService (306)
[2017.03.08-14.16.27:178][755]LogModuleManager: Shutting down and abandoning module TaskGraph (304)
[2017.03.08-14.16.27:178][755]LogModuleManager: Shutting down and abandoning module SteamVRController (302)
[2017.03.08-14.16.27:178][755]LogModuleManager: Shutting down and abandoning module SteamVR (300)
[2017.03.08-14.16.27:178][755]LogModuleManager: Shutting down and abandoning module ProceduralMeshComponentEditor (298)
[2017.03.08-14.16.27:178][755]LogModuleManager: Shutting down and abandoning module ProceduralMeshComponent (296)
[2017.03.08-14.16.27:178][755]LogModuleManager: Shutting down and abandoning module OculusLibrary (294)
[2017.03.08-14.16.27:178][755]LogModuleManager: Shutting down and abandoning module OculusInput (292)
[2017.03.08-14.16.27:178][755]LogModuleManager: Shutting down and abandoning module MobilePatchingUtils (290)
[2017.03.08-14.16.27:178][755]LogModuleManager: Shutting down and abandoning module CustomMeshComponent (288)
[2017.03.08-14.16.27:178][755]LogModuleManager: Shutting down and abandoning module CableComponent (286)
[2017.03.08-14.16.27:178][755]LogModuleManager: Shutting down and abandoning module ArchVisCharacter (284)
[2017.03.08-14.16.27:178][755]LogModuleManager: Shutting down and abandoning module MediaPlayerEditor (280)
[2017.03.08-14.16.27:178][755]LogModuleManager: Shutting down and abandoning module HTML5Networking (278)
[2017.03.08-14.16.27:178][755]LogModuleManager: Shutting down and abandoning module AlembicImporter (276)
[2017.03.08-14.16.27:178][755]LogModuleManager: Shutting down and abandoning module AlembicLibrary (275)
[2017.03.08-14.16.27:178][755]LogModuleManager: Shutting down and abandoning module GeometryCache (274)
[2017.03.08-14.16.27:178][755]LogModuleManager: Shutting down and abandoning module GeometryCacheEd (273)
[2017.03.08-14.16.27:178][755]LogModuleManager: Shutting down and abandoning module SuperSearchEditor (268)
[2017.03.08-14.16.27:178][755]LogModuleManager: Shutting down and abandoning module SuperSearch (267)
[2017.03.08-14.16.27:178][755]LogModuleManager: Shutting down and abandoning module SpeedTreeImporter (264)
[2017.03.08-14.16.27:178][755]LogModuleManager: Shutting down and abandoning module PluginBrowser (262)
[2017.03.08-14.16.27:178][755]LogModuleManager: Shutting down and abandoning module MobileLauncherProfileWizard (260)
[2017.03.08-14.16.27:178][755]LogModuleManager: Shutting down and abandoning module EpicSurvey (258)
[2017.03.08-14.16.27:178][755]LogModuleManager: Shutting down and abandoning module VisualStudioSourceCodeAccess (256)
[2017.03.08-14.16.27:178][755]LogModuleManager: Shutting down and abandoning module DesktopPlatform (255)
[2017.03.08-14.16.27:178][755]LogModuleManager: Shutting down and abandoning module UObjectPlugin (252)
[2017.03.08-14.16.27:178][755]LogModuleManager: Shutting down and abandoning module SubversionSourceControl (250)
[2017.03.08-14.16.27:178][755]LogModuleManager: Shutting down and abandoning module PerforceSourceControl (248)
[2017.03.08-14.16.27:178][755]LogModuleManager: Shutting down and abandoning module GitSourceControl (246)
[2017.03.08-14.16.27:179][755]LogModuleManager: Shutting down and abandoning module SourceControl (245)
[2017.03.08-14.16.27:179][755]LogModuleManager: Shutting down and abandoning module LightPropagationVolumeEditor (242)
[2017.03.08-14.16.27:179][755]LogModuleManager: Shutting down and abandoning module PaperTiledImporter (240)
[2017.03.08-14.16.27:179][755]LogModuleManager: Shutting down and abandoning module PaperSpriteSheetImporter (238)
[2017.03.08-14.16.27:179][755]LogModuleManager: Shutting down and abandoning module Paper2DEditor (236)
[2017.03.08-14.16.27:179][755]LogModuleManager: Shutting down and abandoning module MeshPaint (235)
[2017.03.08-14.16.27:179][755]LogModuleManager: Shutting down and abandoning module LevelEditor (233)
[2017.03.08-14.16.27:179][755]LogModuleManager: Shutting down and abandoning module PixelInspectorModule (232)
[2017.03.08-14.16.27:179][755]LogModuleManager: Shutting down and abandoning module MainFrame (230)
[2017.03.08-14.16.27:179][755]LogModuleManager: Shutting down and abandoning module HotReload (229)
[2017.03.08-14.16.27:180][755]LogModuleManager: Shutting down and abandoning module ContentBrowser (225)
[2017.03.08-14.16.27:181][755]LogModuleManager: Shutting down and abandoning module PhysXVehiclesEditor (222)
[2017.03.08-14.16.27:181][755]LogModuleManager: Shutting down and abandoning module PhysXVehicles (220)
[2017.03.08-14.16.27:181][755]LogModuleManager: Shutting down and abandoning module LocationServicesBPLibrary (218)
[2017.03.08-14.16.27:181][755]LogModuleManager: Shutting down and abandoning module UdpMessaging (216)
[2017.03.08-14.16.27:282][755]LogModuleManager: Shutting down and abandoning module TcpMessaging (214)
[2017.03.08-14.16.27:382][755]LogModuleManager: Shutting down and abandoning module GameplayTagsEditor (212)
[2017.03.08-14.16.27:382][755]LogModuleManager: Shutting down and abandoning module FacialAnimationEditor (210)
[2017.03.08-14.16.27:382][755]LogModuleManager: Shutting down and abandoning module FacialAnimation (208)
[2017.03.08-14.16.27:382][755]LogModuleManager: Shutting down and abandoning module LightPropagationVolumeRuntime (206)
[2017.03.08-14.16.27:382][755]LogModuleManager: Shutting down and abandoning module Paper2D (204)
[2017.03.08-14.16.27:382][755]LogModuleManager: Shutting down and abandoning module WindowsMoviePlayer (202)
[2017.03.08-14.16.27:382][755]LogModuleManager: Shutting down and abandoning module WmfMedia (200)
[2017.03.08-14.16.27:382][755]LogModuleManager: Shutting down and abandoning module MfMedia (198)
[2017.03.08-14.16.27:382][755]LogModuleManager: Shutting down and abandoning module MediaAssets (196)
[2017.03.08-14.16.27:382][755]LogModuleManager: Shutting down and abandoning module GameLiveStreaming (194)
[2017.03.08-14.16.27:382][755]LogModuleManager: Shutting down and abandoning module VREditor (192)
[2017.03.08-14.16.27:382][755]LogModuleManager: Shutting down and abandoning module GameplayTasksEditor (190)
[2017.03.08-14.16.27:382][755]LogModuleManager: Shutting down and abandoning module BehaviorTreeEditor (188)
[2017.03.08-14.16.27:382][755]LogModuleManager: Shutting down and abandoning module FunctionalTesting (186)
[2017.03.08-14.16.27:383][755]LogModuleManager: Shutting down and abandoning module CollisionAnalyzer (184)
[2017.03.08-14.16.27:383][755]LogModuleManager: Shutting down and abandoning module UMG (182)
[2017.03.08-14.16.27:383][755]LogModuleManager: Shutting down and abandoning module UMGEditor (181)
[2017.03.08-14.16.27:383][755]LogModuleManager: Shutting down and abandoning module Sequencer (180)
[2017.03.08-14.16.27:383][755]LogModuleManager: Shutting down and abandoning module AssetTools (178)
[2017.03.08-14.16.27:383][755]LogModuleManager: Shutting down and abandoning module MessageLog (177)
[2017.03.08-14.16.27:383][755]LogModuleManager: Shutting down and abandoning module WorkspaceMenuStructure (176)
[2017.03.08-14.16.27:383][755]LogModuleManager: Shutting down and abandoning module SlateReflector (170)
[2017.03.08-14.16.27:383][755]LogModuleManager: Shutting down and abandoning module Slate (168)
[2017.03.08-14.16.27:383][755]LogModuleManager: Shutting down and abandoning module EditorStyle (166)
[2017.03.08-14.16.27:384][755]LogModuleManager: Shutting down and abandoning module SourceCodeAccess (164)
[2017.03.08-14.16.27:384][755]LogModuleManager: Shutting down and abandoning module HeadMountedDisplay (162)
[2017.03.08-14.16.27:384][755]LogModuleManager: Shutting down and abandoning module XAudio2 (160)
[2017.03.08-14.16.27:384][755]LogModuleManager: Shutting down and abandoning module Networking (158)
[2017.03.08-14.16.27:384][755]LogModuleManager: Shutting down and abandoning module Core (156)
[2017.03.08-14.16.27:384][755]LogModuleManager: Shutting down and abandoning module AssetRegistry (154)
[2017.03.08-14.16.27:446][755]LogDirectoryWatcher: A directory notification for '../../../Engine/Content/' was aborted.
[2017.03.08-14.16.27:447][755]LogDirectoryWatcher: A directory notification for '../../../../../../Users/Student_VR/Documents/GitHub/Gambling-Teapot/Teapot_Multiplayer 4.15/Content/' was aborted.
[2017.03.08-14.16.27:447][755]LogDirectoryWatcher: A directory notification for '../../../Engine/Plugins/2D/Paper2D/Content/' was aborted.
[2017.03.08-14.16.27:447][755]LogModuleManager: Shutting down and abandoning module DirectoryWatcher (153)
[2017.03.08-14.16.27:447][755]LogModuleManager: Shutting down and abandoning module KismetCompiler (150)
[2017.03.08-14.16.27:447][755]LogModuleManager: Shutting down and abandoning module PhysXFormats (148)
[2017.03.08-14.16.27:447][755]LogModuleManager: Shutting down and abandoning module MeshUtilities (146)
[2017.03.08-14.16.27:447][755]LogModuleManager: Shutting down and abandoning module SimplygonSwarm (145)
[2017.03.08-14.16.27:447][755]LogModuleManager: Shutting down and abandoning module SimplygonMeshReduction (143)
[2017.03.08-14.16.27:447][755]LogModuleManager: Shutting down and abandoning module QuadricMeshReduction (141)
[2017.03.08-14.16.27:447][755]LogModuleManager: Shutting down and abandoning module PropertyEditor (139)
[2017.03.08-14.16.27:447][755]LogModuleManager: Shutting down and abandoning module DerivedDataCache (136)
[2017.03.08-14.16.27:529][755]LogDerivedDataCache: Shutdown
[2017.03.08-14.16.27:529][755]LogModuleManager: Shutting down and abandoning module TargetPlatform (134)
[2017.03.08-14.16.27:529][755]LogModuleManager: Shutting down and abandoning module VulkanShaderFormat (133)
[2017.03.08-14.16.27:529][755]LogModuleManager: Shutting down and abandoning module ShaderFormatOpenGL (131)
[2017.03.08-14.16.27:529][755]LogModuleManager: Shutting down and abandoning module ShaderFormatD3D (129)
[2017.03.08-14.16.27:529][755]LogModuleManager: Shutting down and abandoning module MetalShaderFormat (127)
[2017.03.08-14.16.27:529][755]LogModuleManager: Shutting down and abandoning module TextureFormatUncompressed (125)
[2017.03.08-14.16.27:529][755]LogModuleManager: Shutting down and abandoning module TextureFormatPVR (123)
[2017.03.08-14.16.27:529][755]LogModuleManager: Shutting down and abandoning module TextureFormatDXT (121)
[2017.03.08-14.16.27:529][755]LogModuleManager: Shutting down and abandoning module TextureFormatIntelISPCTexComp (119)
[2017.03.08-14.16.27:529][755]LogModuleManager: Shutting down and abandoning module TextureFormatASTC (117)
[2017.03.08-14.16.27:529][755]LogModuleManager: Shutting down and abandoning module ImageWrapper (116)
[2017.03.08-14.16.27:529][755]LogModuleManager: Shutting down and abandoning module TextureFormatAndroid (113)
[2017.03.08-14.16.27:529][755]LogModuleManager: Shutting down and abandoning module AudioFormatOpus (111)
[2017.03.08-14.16.27:529][755]LogModuleManager: Shutting down and abandoning module AudioFormatOgg (109)
[2017.03.08-14.16.27:529][755]LogModuleManager: Shutting down and abandoning module AudioFormatADPCM (107)
[2017.03.08-14.16.27:529][755]LogModuleManager: Shutting down and abandoning module LinuxTargetPlatform (105)
[2017.03.08-14.16.27:529][755]LogModuleManager: Shutting down and abandoning module LinuxServerTargetPlatform (103)
[2017.03.08-14.16.27:529][755]LogModuleManager: Shutting down and abandoning module LinuxNoEditorTargetPlatform (101)
[2017.03.08-14.16.27:529][755]LogModuleManager: Shutting down and abandoning module LinuxClientTargetPlatform (99)
[2017.03.08-14.16.27:529][755]LogModuleManager: Shutting down and abandoning module TVOSTargetPlatform (97)
[2017.03.08-14.16.27:529][755]LogModuleManager: Shutting down and abandoning module Messaging (95)
[2017.03.08-14.16.27:529][755]LogModuleManager: Shutting down and abandoning module IOSTargetPlatform (93)
[2017.03.08-14.16.27:529][755]LogModuleManager: Shutting down and abandoning module HTML5TargetPlatform (91)
[2017.03.08-14.16.27:529][755]LogModuleManager: Shutting down and abandoning module Android_PVRTCTargetPlatform (89)
[2017.03.08-14.16.27:529][755]LogModuleManager: Shutting down and abandoning module Android_MultiTargetPlatform (87)
[2017.03.08-14.16.27:529][755]LogModuleManager: Shutting down and abandoning module Android_ETC2TargetPlatform (85)
[2017.03.08-14.16.27:529][755]LogModuleManager: Shutting down and abandoning module Android_ETC1TargetPlatform (83)
[2017.03.08-14.16.27:529][755]LogModuleManager: Shutting down and abandoning module Android_DXTTargetPlatform (81)
[2017.03.08-14.16.27:529][755]LogModuleManager: Shutting down and abandoning module Android_ATCTargetPlatform (79)
[2017.03.08-14.16.27:529][755]LogModuleManager: Shutting down and abandoning module Android_ASTCTargetPlatform (77)
[2017.03.08-14.16.27:529][755]LogModuleManager: Shutting down and abandoning module AndroidTargetPlatform (75)
[2017.03.08-14.16.27:530][755]LogModuleManager: Shutting down and abandoning module WindowsTargetPlatform (73)
[2017.03.08-14.16.27:530][755]LogModuleManager: Shutting down and abandoning module WindowsServerTargetPlatform (71)
[2017.03.08-14.16.27:530][755]LogModuleManager: Shutting down and abandoning module WindowsNoEditorTargetPlatform (69)
[2017.03.08-14.16.27:530][755]LogModuleManager: Shutting down and abandoning module WindowsClientTargetPlatform (67)
[2017.03.08-14.16.27:530][755]LogModuleManager: Shutting down and abandoning module MacTargetPlatform (65)
[2017.03.08-14.16.27:530][755]LogModuleManager: Shutting down and abandoning module MacServerTargetPlatform (63)
[2017.03.08-14.16.27:530][755]LogModuleManager: Shutting down and abandoning module MacNoEditorTargetPlatform (61)
[2017.03.08-14.16.27:530][755]LogModuleManager: Shutting down and abandoning module MacClientTargetPlatform (59)
[2017.03.08-14.16.27:530][755]LogModuleManager: Shutting down and abandoning module AllDesktopTargetPlatform (57)
[2017.03.08-14.16.27:530][755]LogModuleManager: Shutting down and abandoning module InputCore (54)
[2017.03.08-14.16.27:530][755]LogModuleManager: Shutting down and abandoning module Settings (52)
[2017.03.08-14.16.27:530][755]LogModuleManager: Shutting down and abandoning module OculusRift (50)
[2017.03.08-14.16.27:530][755]LogHMD: Oculus shutdown.
[2017.03.08-14.16.27:530][755]LogModuleManager: Shutting down and abandoning module ExampleDeviceProfileSelector (48)
[2017.03.08-14.16.27:530][755]LogModuleManager: Shutting down and abandoning module OnlineBlueprintSupport (46)
[2017.03.08-14.16.27:530][755]LogModuleManager: Shutting down and abandoning module OnlineSubsystem (42)
[2017.03.08-14.16.27:530][755]LogOnline:Display: OSS: FOnlineSubsystemNull::Shutdown()
[2017.03.08-14.16.27:531][755]LogOnline:Display: Unloading online subsystem: NULL
[2017.03.08-14.16.27:531][755]LogOnline:Display: Unloading online subsystem: STEAM
[2017.03.08-14.16.27:531][755]LogModuleManager: Shutting down and abandoning module XMPP (37)
[2017.03.08-14.16.27:531][755]LogModuleManager: Shutting down and abandoning module HTTP (35)
[2017.03.08-14.16.27:531][755]LogHttp:Display: Http module shutting down, but needs to wait on 1 outstanding Http requests:
[2017.03.08-14.16.27:531][755]LogHttp:Display: 	verb=[POST] url=[https://datarouter.ol.epicgames.com/datarouter/api/v1/public/data?SessionID=%7BF87954ED-4AFA-87F0-991D-8DB53EF4A9B4%7D&AppID=UEEditor.Rocket.Release&AppVersion=4.15.0-3299760%2B%2B%2BUE4%2BRelease-4.15&UserID=6ed0749a419d912de4ba9fbae8d95b30%7C4afe76437ab440cdb8ffcb6c4f60f91d%7C372b1023-63c2-4256-a9e7-53869f86b3da&AppEnvironment=datacollector-binary&UploadType=eteventstream] status=Processing
[2017.03.08-14.16.27:543][755]LogModuleManager: Shutting down and abandoning module SSL (34)
[2017.03.08-14.16.27:544][755]LogModuleManager: Shutting down and abandoning module AudioEditor (30)
[2017.03.08-14.16.27:544][755]LogModuleManager: Shutting down and abandoning module TextureCompressor (28)
[2017.03.08-14.16.27:544][755]LogModuleManager: Shutting down and abandoning module ShaderCore (26)
[2017.03.08-14.16.27:544][755]LogModuleManager: Shutting down and abandoning module Landscape (24)
[2017.03.08-14.16.27:544][755]LogModuleManager: Shutting down and abandoning module SlateRHIRenderer (22)
[2017.03.08-14.16.27:544][755]LogModuleManager: Shutting down and abandoning module OpenGLDrv (20)
[2017.03.08-14.16.27:544][755]LogModuleManager: Shutting down and abandoning module D3D11RHI (18)
[2017.03.08-14.16.27:544][755]LogModuleManager: Shutting down and abandoning module AnimGraphRuntime (16)
[2017.03.08-14.16.27:544][755]LogModuleManager: Shutting down and abandoning module Renderer (14)
[2017.03.08-14.16.27:544][755]LogModuleManager: Shutting down and abandoning module Engine (12)
[2017.03.08-14.16.27:544][755]LogModuleManager: Shutting down and abandoning module CoreUObject (10)
[2017.03.08-14.16.27:544][755]LogModuleManager: Shutting down and abandoning module NetworkFile (8)
[2017.03.08-14.16.27:544][755]LogModuleManager: Shutting down and abandoning module StreamingFile (6)
[2017.03.08-14.16.27:544][755]LogModuleManager: Shutting down and abandoning module SandboxFile (4)
[2017.03.08-14.16.27:544][755]LogModuleManager: Shutting down and abandoning module PakFile (2)
[2017.03.08-14.16.27:548][755]LogExit: Exiting.
[2017.03.08-14.16.27:550][755]Log file closed, 03/08/17 15:16:27
