Log file open, 03/08/17 15:08:47
LogInit:Display: Running engine for game: Teapot_Multiplayer
LogPlatformFile: Not using cached read wrapper
LogInit:Display: RandInit(1683182732) SRandInit(1683182732).
LogTaskGraph: Started task graph with 5 named threads and 8 total threads with 1 sets of task threads.
LogStats: Stats thread started at 0.069203
LogInit: Using libcurl 7.47.1
LogInit:  - built for x86_64-pc-win32
LogInit:  - supports SSL with OpenSSL/1.0.2g
LogInit:  - supports HTTP deflate (compression) using libz 1.2.8
LogInit:  - other features:
LogInit:      CURL_VERSION_SSL
LogInit:      CURL_VERSION_LIBZ
LogInit:      CURL_VERSION_IPV6
LogInit:      CURL_VERSION_ASYNCHDNS
LogInit:      CURL_VERSION_LARGEFILE
LogInit:      CURL_VERSION_IDN
LogInit:  CurlRequestOptions (configurable via config and command line):
LogInit:  - bVerifyPeer = false  - Libcurl will NOT verify peer certificate
LogInit:  - bUseHttpProxy = false  - Libcurl will NOT use HTTP proxy
LogInit:  - bDontReuseConnections = false  - Libcurl will reuse connections
LogInit:  - CertBundlePath = nullptr  - Libcurl will use whatever was configured at build time.
LogInit: WinSock: version 1.1 (2.2), MaxSocks=32767, MaxUdp=65467
OCULUS: Info: [CAPI] LibOVR module is located at C:\Program Files\Oculus\Support\oculus-runtime\LibOVRRT64_1.dll
OCULUS: Debug: Connected to the server running version (prod = 1).1.12.0(build = 347531) feature version = 0. Client runs version (prod = 1).1.12.0(build = 347531) feature version = 0
OCULUS: Debug: [HMDState] Using default profile default
OCULUS: Info: IAD changed to 60.6mm
OCULUS: Debug: [SharedMemory] Creating factory
LogInit: Build: ++UE4+Release-4.15-CL-3299760
LogInit: Engine Version: 4.15.0-3299760+++UE4+Release-4.15
LogInit: Compatible Engine Version: 4.15.0-3299760+++UE4+Release-4.15
LogInit: Net CL: 3299760
LogDevObjectVersion: Number of dev versions registered: 14
LogDevObjectVersion:   Dev-Blueprints (B0D832E4-1F89-4F0D-ACCF-7EB736FD4AA2): 8
LogDevObjectVersion:   Dev-Build (E1C64328-A22C-4D53-A36C-8E866417BD8C): 0
LogDevObjectVersion:   Dev-Core (375EC13C-06E4-48FB-B500-84F0262A717E): 2
LogDevObjectVersion:   Dev-Editor (E4B068ED-F494-42E9-A231-DA0B2E46BB41): 14
LogDevObjectVersion:   Dev-Framework (CFFC743F-43B0-4480-9391-14DF171D2073): 22
LogDevObjectVersion:   Dev-Mobile (B02B49B5-BB20-44E9-A304-32B752E40360): 0
LogDevObjectVersion:   Dev-Networking (A4E4105C-59A1-49B5-A7C5-40C4547EDFEE): 0
LogDevObjectVersion:   Dev-Online (39C831C9-5AE6-47DC-9A44-9C173E1C8E7C): 0
LogDevObjectVersion:   Dev-Physics (78F01B33-EBEA-4F98-B9B4-84EACCB95AA2): 0
LogDevObjectVersion:   Dev-Platform (6631380F-2D4D-43E0-8009-CF276956A95A): 0
LogDevObjectVersion:   Dev-Rendering (12F88B9F-8875-4AFC-A67C-D90C383ABD29): 12
LogDevObjectVersion:   Dev-Sequencer (7B5AE74C-D270-4C10-A958-57980B212A5A): 3
LogDevObjectVersion:   Dev-VR (D7296918-1DD6-4BDD-9DE2-64A83CC13884): 0
LogDevObjectVersion:   Dev-LoadTimes (C2A15278-BFE7-4AFE-6C17-90FF531DF755): 1
LogInit: Compiled (64-bit): Feb 14 2017 02:04:14
LogInit: Compiled with Visual C++: 19.00.23026.00
LogInit: Build Configuration: Development
LogInit: Branch Name: ++UE4+Release-4.15
LogInit: Command line:  
LogInit: Base directory: C:/Program Files/Epic Games/UE_4.15/Engine/Binaries/Win64/
LogInit: Installed Engine Build: 1
LogInit: Presizing for max 8388607 objects, including 0 objects not considered by GC, pre-allocating 0 bytes for permanent pool.
LogInit: Object subsystem initialized
[2017.03.08-14.08.48:175][  0]LogConsoleManager:Display: Setting the console variable 'r.RHICmdBypass' with 'SetByProjectSetting' was ignored as it is lower priority than the previous 'SetBySystemSettingsIni'. Value remains '1'
[2017.03.08-14.08.48:176][  0]LogInit: Selected Device Profile: [Windows]
[2017.03.08-14.08.48:176][  0]LogInit: Applying CVar settings loaded from the selected device profile: [Windows]
[2017.03.08-14.08.48:185][  0]LogInit: Computer: DESKTOP-RDBT9IJ
[2017.03.08-14.08.48:185][  0]LogInit: User: StudentVR
[2017.03.08-14.08.48:185][  0]LogInit: CPU Page size=65536, Cores=4
[2017.03.08-14.08.48:185][  0]LogInit: High frequency timer resolution =3.328121 MHz
[2017.03.08-14.08.48:186][  0]LogMemory: Memory total: Physical=15.9GB (16GB approx)
[2017.03.08-14.08.48:186][  0]LogMemory: Platform Memory Stats for Windows
[2017.03.08-14.08.48:186][  0]LogMemory: Process Physical Memory: 272.45 MB used, 272.45 MB peak
[2017.03.08-14.08.48:186][  0]LogMemory: Process Virtual Memory: 266.17 MB used, 266.17 MB peak
[2017.03.08-14.08.48:186][  0]LogMemory: Physical Memory: 4167.73 MB used,  12158.25 MB free, 16325.98 MB total
[2017.03.08-14.08.48:186][  0]LogMemory: Virtual Memory: 709.10 MB used,  12158.25 MB free, 134217728.00 MB total
[2017.03.08-14.08.48:252][  0]LogTextLocalizationManager: No translations for ('sv-SE') exist, falling back to 'en' for localization and internationalization data.
[2017.03.08-14.08.48:771][  0]LogD3D11RHI: D3D11 adapters:
[2017.03.08-14.08.48:803][  0]LogD3D11RHI:    0. 'NVIDIA GeForce GTX 1070' (Feature Level 11_0)
[2017.03.08-14.08.48:803][  0]LogD3D11RHI:       8145/0/8162 MB DedicatedVideo/DedicatedSystem/SharedSystem, Outputs:1, VendorId:0x10de
[2017.03.08-14.08.48:804][  0]LogD3D11RHI:    1. 'Microsoft Basic Render Driver' (Feature Level 11_0)
[2017.03.08-14.08.48:804][  0]LogD3D11RHI:       0/0/8162 MB DedicatedVideo/DedicatedSystem/SharedSystem, Outputs:0, VendorId:0x1414
[2017.03.08-14.08.48:804][  0]LogD3D11RHI: Chosen D3D11 Adapter: 0
[2017.03.08-14.08.48:807][  0]LogD3D11RHI: Creating new Direct3DDevice
[2017.03.08-14.08.48:807][  0]LogD3D11RHI:     GPU DeviceId: 0x1b81 (for the marketing name, search the web for "GPU Device Id")
[2017.03.08-14.08.48:807][  0]LogWindows: EnumDisplayDevices:
[2017.03.08-14.08.48:807][  0]LogWindows:    0. 'NVIDIA GeForce GTX 1070' (P:1 D:1)
[2017.03.08-14.08.48:807][  0]LogWindows:    1. 'NVIDIA GeForce GTX 1070' (P:0 D:0)
[2017.03.08-14.08.48:807][  0]LogWindows:    2. 'NVIDIA GeForce GTX 1070' (P:0 D:0)
[2017.03.08-14.08.48:808][  0]LogWindows:    3. 'NVIDIA GeForce GTX 1070' (P:0 D:0)
[2017.03.08-14.08.48:808][  0]LogWindows: DebugString: FoundDriverCount:4 
[2017.03.08-14.08.48:808][  0]LogD3D11RHI:     Adapter Name: NVIDIA GeForce GTX 1070
[2017.03.08-14.08.48:808][  0]LogD3D11RHI:   Driver Version: 376.53 (internal:21.21.13.7653, unified:376.53)
[2017.03.08-14.08.48:808][  0]LogD3D11RHI:      Driver Date: 12-29-2016
[2017.03.08-14.08.48:808][  0]LogRHI: Texture pool is 1361 MB (70% of 1945 MB)
[2017.03.08-14.08.48:819][  0]LogD3D11RHI: Async texture creation enabled
[2017.03.08-14.08.48:829][  0]LogD3D11RHI: GPU Timing Frequency: 1000.000000 (Debug: 2 1)
[2017.03.08-14.08.48:878][  0]LogShaderCompilers: Guid format shader working directory is -40 characters bigger than the processId version (../../../../../../Users/Student_VR/Documents/GitHub/Gambling-Teapot/Teapot_Multiplayer 4.15/Intermediate/Shaders/WorkingDirectory/9320/).
[2017.03.08-14.08.48:878][  0]LogShaderCompilers: Cleaned the shader compiler working directory 'C:/Users/Student_VR/AppData/Local/Temp/UnrealShaderWorkingDir/5885FEF641C4EBD2036296B30D150C14/'.
[2017.03.08-14.08.48:878][  0]LogShaderCompilers:Display: Using Local Shader Compiler.
[2017.03.08-14.08.49:733][  0]LogTemp:Display: Loaded TP AllDesktopTargetPlatform
[2017.03.08-14.08.49:779][  0]LogTemp:Display: Loaded TP MacClientTargetPlatform
[2017.03.08-14.08.49:824][  0]LogTemp:Display: Loaded TP MacNoEditorTargetPlatform
[2017.03.08-14.08.49:871][  0]LogTemp:Display: Loaded TP MacServerTargetPlatform
[2017.03.08-14.08.49:917][  0]LogTemp:Display: Loaded TP MacTargetPlatform
[2017.03.08-14.08.49:963][  0]LogTemp:Display: Loaded TP WindowsClientTargetPlatform
[2017.03.08-14.08.50:009][  0]LogTemp:Display: Loaded TP WindowsNoEditorTargetPlatform
[2017.03.08-14.08.50:054][  0]LogTemp:Display: Loaded TP WindowsServerTargetPlatform
[2017.03.08-14.08.50:091][  0]LogTemp:Display: Loaded TP WindowsTargetPlatform
[2017.03.08-14.08.50:138][  0]LogTemp:Display: Loaded TP AndroidTargetPlatform
[2017.03.08-14.08.50:183][  0]LogTemp:Display: Loaded TP Android_ASTCTargetPlatform
[2017.03.08-14.08.50:229][  0]LogTemp:Display: Loaded TP Android_ATCTargetPlatform
[2017.03.08-14.08.50:273][  0]LogTemp:Display: Loaded TP Android_DXTTargetPlatform
[2017.03.08-14.08.50:323][  0]LogTemp:Display: Loaded TP Android_ETC1TargetPlatform
[2017.03.08-14.08.50:384][  0]LogTemp:Display: Loaded TP Android_ETC2TargetPlatform
[2017.03.08-14.08.50:509][  0]LogTemp:Display: Loaded TP Android_MultiTargetPlatform
[2017.03.08-14.08.50:509][  0]LogTemp:Display: Loaded TP Android_PVRTCTargetPlatform
[2017.03.08-14.08.50:550][  0]LogTemp:Display: Loaded TP HTML5TargetPlatform
[2017.03.08-14.08.50:651][  0]LogTemp:Display: Loaded TP IOSTargetPlatform
[2017.03.08-14.08.50:691][  0]LogTemp:Display: Loaded TP TVOSTargetPlatform
[2017.03.08-14.08.50:744][  0]LogTemp:Display: Loaded TP LinuxClientTargetPlatform
[2017.03.08-14.08.50:790][  0]LogTemp:Display: Loaded TP LinuxNoEditorTargetPlatform
[2017.03.08-14.08.50:838][  0]LogTemp:Display: Loaded TP LinuxServerTargetPlatform
[2017.03.08-14.08.50:884][  0]LogTemp:Display: Loaded TP LinuxTargetPlatform
[2017.03.08-14.08.50:884][  0]LogTargetPlatformManager:Display: Building Assets For Windows
[2017.03.08-14.08.51:244][  0]LogDerivedDataCache:Display: Max Cache Size: 512 MB
[2017.03.08-14.08.51:291][  0]LogDerivedDataCache: Loaded boot cache 0.05s 61MB C:/Users/Student_VR/AppData/Local/UnrealEngine/4.15/DerivedDataCache/Boot.ddc.
[2017.03.08-14.08.51:291][  0]LogDerivedDataCache:Display: Loaded Boot cache: C:/Users/Student_VR/AppData/Local/UnrealEngine/4.15/DerivedDataCache/Boot.ddc
[2017.03.08-14.08.51:291][  0]LogDerivedDataCache: FDerivedDataBackendGraph:  Pak pak cache file ../../../../../../Users/Student_VR/Documents/GitHub/Gambling-Teapot/Teapot_Multiplayer 4.15/DerivedDataCache/DDC.ddp not found, will not use a pak cache.
[2017.03.08-14.08.51:291][  0]LogDerivedDataCache: Unable to find inner node Pak for hierarchical cache Hierarchy.
[2017.03.08-14.08.51:291][  0]LogDerivedDataCache: FDerivedDataBackendGraph:  CompressedPak pak cache file ../../../../../../Users/Student_VR/Documents/GitHub/Gambling-Teapot/Teapot_Multiplayer 4.15/DerivedDataCache/Compressed.ddp not found, will not use a pak cache.
[2017.03.08-14.08.51:291][  0]LogDerivedDataCache: Unable to find inner node CompressedPak for hierarchical cache Hierarchy.
[2017.03.08-14.08.51:306][  0]LogDerivedDataCache:Display: Pak cache opened for reading ../../../Engine/DerivedDataCache/Compressed.ddp.
[2017.03.08-14.08.51:319][  0]LogDerivedDataCache: Using Local data cache path C:/Users/Student_VR/AppData/Local/UnrealEngine/Common/DerivedDataCache: Writable
[2017.03.08-14.08.51:326][  0]LogSlate: Using Freetype 2.6.0
[2017.03.08-14.08.51:327][  0]LogSlate: SlateFontCache - WITH_FREETYPE: 1, WITH_HARFBUZZ: 1
[2017.03.08-14.08.51:327][  0]LogSlate: SlateFontCache - WITH_FREETYPE: 1, WITH_HARFBUZZ: 1
[2017.03.08-14.08.51:578][  0]LogInit: Selected Device Profile: [Windows]
[2017.03.08-14.08.51:580][  0]LogContentStreaming: Texture pool size is 0.00 MB
[2017.03.08-14.08.51:794][  0]LogMeshUtilities: Using QuadricMeshReduction for automatic static mesh reduction
[2017.03.08-14.08.51:833][  0]LogSimplygon: Simplygon DLL not present - disabling.
[2017.03.08-14.08.51:873][  0]LogMeshUtilities: Using SimplygonSwarm for distributed automatic mesh merging
[2017.03.08-14.08.51:873][  0]LogMeshUtilities: No automatic skeletal mesh reduction module available
[2017.03.08-14.08.51:873][  0]LogMeshUtilities: No automatic mesh merging module available
[2017.03.08-14.08.52:301][  0]LogNetVersion: GetLocalNetworkVersion: CL: 3299760, ProjectName: teapot_multiplayer, ProjectVersion: , EngineNetworkVersion: 2, GameNetworkVersion: 0, NetworkChecksum: 1232477341
[2017.03.08-14.08.52:344][  0]LogAssetRegistry: FAssetRegistry took 0.0214 seconds to start up
[2017.03.08-14.08.52:379][  0]LogPackageLocalizationCache: Processed 3 localized package path(s) for 1 prioritized culture(s) in 0.017733 seconds
[2017.03.08-14.08.52:383][  0]LogUObjectArray: 32475 objects as part of root set at end of initial load.
[2017.03.08-14.08.52:383][  0]LogUObjectAllocator: 7073368 out of 0 bytes used by permanent object pool.
[2017.03.08-14.08.52:383][  0]LogUObjectArray: CloseDisregardForGC: 0/0 objects in disregard for GC pool
[2017.03.08-14.08.53:719][  0]LogTcpMessaging: Initializing TcpMessaging bridge
[2017.03.08-14.08.53:752][  0]LogUdpMessaging: Initializing bridge on interface 0.0.0.0:0 to multicast group 230.0.0.1:6666.
[2017.03.08-14.08.54:160][  0]LogMaterial: Uniform references updated for custom material expression Custom.
[2017.03.08-14.08.54:533][  0]SourceControl: Info Source control is disabled
[2017.03.08-14.08.54:559][  0]SourceControl: Info Source control is disabled
[2017.03.08-14.08.54:599][  0]SourceControl: Info Source control is disabled
[2017.03.08-14.08.54:636][  0]SourceControl: Info Source control is disabled
[2017.03.08-14.08.55:160][  0]LogOnline:Display: STEAM: Loading Steam SDK 1.32
[2017.03.08-14.08.55:623][  0]LogEngine: Initializing Engine...
[2017.03.08-14.08.55:623][  0]LogHMD: Oculus plugin initialized. Version: 4.15.0-3299760+++UE4+Release-4.15, LibOVR: 1.12.0, SDK: 1.10.0, built Feb 14 2017, 02:10:09
[2017.03.08-14.08.55:718][  0]OCULUS: Debug: [HMDState] Using default profile default
[2017.03.08-14.08.55:718][  0]OCULUS: Info: IAD changed to 60.6mm
[2017.03.08-14.08.55:818][  0]LogAIModule: Creating AISystem for world Untitled
[2017.03.08-14.08.55:825][  0]LogInit: XAudio2 using 'Headphones (Rift Audio)' : 2 channels at 48 kHz using 16 bits per sample (channel mask 0x3)
[2017.03.08-14.08.55:833][  0]LogInit: FAudioDevice initialized.
[2017.03.08-14.08.55:858][  0]LogDerivedDataCache: Saved boot cache 0.02s 61MB C:/Users/Student_VR/AppData/Local/UnrealEngine/4.15/DerivedDataCache/Boot.ddc.
[2017.03.08-14.08.55:863][  0]LogInit: Texture streaming: Enabled
[2017.03.08-14.08.55:939][  0]LogEngineSessionManager: EngineSessionManager initialized
[2017.03.08-14.08.56:011][  0]LogInit: Transaction tracking system initialized
[2017.03.08-14.08.56:365][  0]BlueprintLog: New page: Editor Load
[2017.03.08-14.08.57:123][  0]LocalizationService: Info Localization service is disabled
[2017.03.08-14.08.57:664][  0]LogConsoleResponse:Display: 
[2017.03.08-14.08.57:767][  0]LogCook:Display: Max memory allowance for cook 16384mb min free memory 0mb
[2017.03.08-14.08.57:767][  0]LogCook:Display: Mobile HDR setting 1
[2017.03.08-14.08.57:809][  0]LogFileCache: Scanning file cache for directory 'C:/Users/Student_VR/Documents/GitHub/Gambling-Teapot/Teapot_Multiplayer 4.15/Content/' took 0.01s
[2017.03.08-14.08.58:585][  0]SourceControl: Info Source control is disabled
[2017.03.08-14.08.58:585][  0]LightingResults: New page: Lighting Build
[2017.03.08-14.08.58:618][  0]MapCheck: New page: Map Check
[2017.03.08-14.08.58:618][  0]LightingResults: New page: Lighting Build
[2017.03.08-14.08.59:129][  0]LogClass:Warning: Enum '/Game/Teapot_Content/Blueprints/Teapot_GameState_Enum.Teapot_GameState_Enum' was upgraded to use FText to store its display name data. Please re-save this asset to avoid issues with localization and determinstic cooking.
[2017.03.08-14.08.59:163][  0]LogClass:Warning: Enum '/Game/Teapot_Content/Blueprints/Teapot_GripEnum.Teapot_GripEnum' was upgraded to use FText to store its display name data. Please re-save this asset to avoid issues with localization and determinstic cooking.
[2017.03.08-14.08.59:390][  0]LogAIModule: Creating AISystem for world Teapot_Level_Lobby
[2017.03.08-14.08.59:394][  0]LogEditorServer: Finished looking for orphan Actors (0.000 secs)
[2017.03.08-14.08.59:394][  0]Cmd: MAP CHECKDEP NOCLEARLOG
[2017.03.08-14.08.59:435][  0]MapCheck: Info Map check complete: 0 Error(s), 0 Warning(s), took 40.435ms to complete.
[2017.03.08-14.08.59:435][  0]LogFileHelpers: Loading map 'Teapot_Level_Lobby' took 0.850
[2017.03.08-14.08.59:496][  0]LogWindowsTextInputMethodSystem:Display: IME system now deactivated.
[2017.03.08-14.08.59:608][  0]LogCollectionManager: Loaded 0 collections in 0.001245 seconds
[2017.03.08-14.08.59:688][  0]LogFileCache: Scanning file cache for directory 'C:/Users/Student_VR/Documents/GitHub/Gambling-Teapot/Teapot_Multiplayer 4.15/Saved/Collections/' took 0.01s
[2017.03.08-14.08.59:688][  0]LogFileCache: Scanning file cache for directory 'C:/Users/Student_VR/Documents/GitHub/Gambling-Teapot/Teapot_Multiplayer 4.15/Content/Developers/StudentVR/Collections/' took 0.01s
[2017.03.08-14.08.59:688][  0]LogFileCache: Scanning file cache for directory 'C:/Users/Student_VR/Documents/GitHub/Gambling-Teapot/Teapot_Multiplayer 4.15/Content/Collections/' took 0.01s
[2017.03.08-14.08.59:688][  0]LogCollectionManager: Rebuilt the GUID cache for 0 collections in 0.000001 seconds
[2017.03.08-14.08.59:696][  0]LogContentBrowser: Native class hierarchy populated in 0.0076 seconds. Added 2246 classes and 453 folders.
[2017.03.08-14.08.59:698][  0]LogStats: UGameplayTagsManager::ConstructGameplayTagTree: Construct from data asset -  0.000 s
[2017.03.08-14.08.59:698][  0]LogStats: UGameplayTagsManager::ConstructGameplayTagTree: GameplayTagTreeChangedEvent.Broadcast -  0.000 s
[2017.03.08-14.08.59:749][  0]LogContentBrowser: Native class hierarchy updated for 'WidgetCarousel' in 0.0004 seconds. Added 0 classes and 0 folders.
[2017.03.08-14.08.59:776][  0]LogContentBrowser: Native class hierarchy updated for 'AddContentDialog' in 0.0004 seconds. Added 0 classes and 0 folders.
[2017.03.08-14.08.59:811][  0]LogContentBrowser: Native class hierarchy updated for 'SceneOutliner' in 0.0005 seconds. Added 1 classes and 2 folders.
[2017.03.08-14.08.59:896][  0]LogCrashTracker: Crashtracker disabled due to settings.
[2017.03.08-14.08.59:901][  0]LogUObjectGlobals:Warning: Failed to find object 'Class None.'
[2017.03.08-14.08.59:958][  0]LogContentBrowser: Native class hierarchy updated for 'HierarchicalLODOutliner' in 0.0004 seconds. Added 1 classes and 2 folders.
[2017.03.08-14.08.59:959][  0]LogLoad: (Engine Initialization) Total time: 14.98 seconds
[2017.03.08-14.08.59:959][  0]LogLoad: (Engine Initialization) Total Blueprint compile time: 0.32 seconds
[2017.03.08-14.08.59:959][  0]LogExternalProfiler: Found external profiler: VSPerf
[2017.03.08-14.08.59:959][  0]LogExternalProfiler: Using external profiler: VSPerf
[2017.03.08-14.08.59:968][  0]LogOcInput: OculusInput pre-init called
[2017.03.08-14.08.59:979][  0]LogOcInput: OculusInput is initialized. Init status 0. Runtime version: 1.12.0
[2017.03.08-14.08.59:999][  0]LogContentStreaming: Texture pool size now 1000 MB
[2017.03.08-14.09.00:000][  0]LogSlate: Took 0.000330 seconds to synchronously load lazily loaded font '../../../Engine/Content/Slate/Fonts/Roboto-Regular.ttf' (155K)
[2017.03.08-14.09.00:004][  0]LogSlate: Took 0.000285 seconds to synchronously load lazily loaded font '../../../Engine/Content/Slate/Fonts/Roboto-Bold.ttf' (160K)
[2017.03.08-14.09.00:008][  0]LogSlate: Took 0.000156 seconds to synchronously load lazily loaded font '../../../Engine/Content/Editor/Slate/Fonts/FontAwesome.ttf' (139K)
[2017.03.08-14.09.00:111][  0]LogSlate: Took 0.000125 seconds to synchronously load lazily loaded font '../../../Engine/Content/Slate/Fonts/Roboto-Light.ttf' (159K)
[2017.03.08-14.09.00:147][  0]LogRenderer: Reallocating scene render targets to support 1208x652 NumSamples 1 (Frame:2).
[2017.03.08-14.09.00:194][  1]LogAssetRegistry: Asset discovery search completed in 7.8716 seconds
[2017.03.08-14.09.00:194][  1]LogCollectionManager: Rebuilt the object cache for 0 collections in 0.000003 seconds (found 0 objects)
[2017.03.08-14.09.00:194][  1]LogCollectionManager: Fixed up redirectors for 0 collections in 0.000020 seconds (updated 0 objects)
[2017.03.08-14.09.03:373][377]LogSlate: Took 0.000165 seconds to synchronously load lazily loaded font '../../../Engine/Content/Slate/Fonts/Roboto-Light.ttf' (159K)
[2017.03.08-14.09.03:396][377]LogAIModule: Creating AISystem for world Teapot_Level_Test2
[2017.03.08-14.09.03:428][377]LightingResults: New page: Lighting Build
[2017.03.08-14.09.03:430][377]LoadErrors: New page: Loading map: Teapot_Level_Test2.umap
[2017.03.08-14.09.03:430][377]MapCheck: New page: Map Check
[2017.03.08-14.09.03:430][377]LightingResults: New page: Lighting Build
[2017.03.08-14.09.03:520][377]LogEditorServer: Finished looking for orphan Actors (0.000 secs)
[2017.03.08-14.09.03:538][377]Cmd: MAP CHECKDEP NOCLEARLOG
[2017.03.08-14.09.03:570][377]MapCheck: Info Map check complete: 0 Error(s), 0 Warning(s), took 31.992ms to complete.
[2017.03.08-14.09.03:570][377]LogFileHelpers: Loading map 'Teapot_Level_Test2' took 0.142
[2017.03.08-14.09.06:396][705]LogAIModule: Creating AISystem for world Teapot_Level_Lobby
[2017.03.08-14.09.06:409][705]LightingResults: New page: Lighting Build
[2017.03.08-14.09.06:410][705]LoadErrors: New page: Loading map: Teapot_Level_Lobby.umap
[2017.03.08-14.09.06:411][705]MapCheck: New page: Map Check
[2017.03.08-14.09.06:411][705]LightingResults: New page: Lighting Build
[2017.03.08-14.09.06:485][705]LogEditorServer: Finished looking for orphan Actors (0.000 secs)
[2017.03.08-14.09.06:502][705]Cmd: MAP CHECKDEP NOCLEARLOG
[2017.03.08-14.09.06:532][705]MapCheck: Info Map check complete: 0 Error(s), 0 Warning(s), took 29.733ms to complete.
[2017.03.08-14.09.06:532][705]LogFileHelpers: Loading map 'Teapot_Level_Lobby' took 0.124
[2017.03.08-14.09.28:716][374]LogTemp: Repeting last play command: VR Preview
[2017.03.08-14.09.28:725][374]LogBlueprintUserMessages: Early PlayInEditor Detection: Level '/Game/Teapot_Content/Maps/Teapot_Level_Lobby.Teapot_Level_Lobby:PersistentLevel' has LevelScriptBlueprint '/Game/Teapot_Content/Maps/Teapot_Level_Lobby.Teapot_Level_Lobby:PersistentLevel.Teapot_Level_Lobby' with GeneratedClass '/Game/Teapot_Content/Maps/Teapot_Level_Lobby.Teapot_Level_Lobby_C' with ClassGeneratedBy '/Game/Teapot_Content/Maps/Teapot_Level_Lobby.Teapot_Level_Lobby:PersistentLevel.Teapot_Level_Lobby'
[2017.03.08-14.09.28:725][374]LogPlayLevel: PlayLevel: No blueprints needed recompiling
[2017.03.08-14.09.28:726][374]OCULUS: Debug: [HMDState] Using default profile default
[2017.03.08-14.09.28:726][374]OCULUS: Info: IAD changed to 60.6mm
[2017.03.08-14.09.28:726][374]LogHMD: New ovr session is created
[2017.03.08-14.09.28:726][374]LogHMD: HMD Oculus Rift CV1, res = 2160 x 1200
[2017.03.08-14.09.28:726][374]LogOnline:Display: OSS: FOnlineSubsystemNull::Shutdown()
[2017.03.08-14.09.28:738][374]PIE: New page: PIE session: Teapot_Level_Lobby (Mar 8, 2017, 4:09:28 PM)
[2017.03.08-14.09.28:739][374]LogPlayLevel: Creating play world package: /Game/Teapot_Content/Maps/UEDPIE_0_Teapot_Level_Lobby
[2017.03.08-14.09.28:741][374]LogPlayLevel: PIE: StaticDuplicateObject took: (0.002207s)
[2017.03.08-14.09.28:742][374]LogAIModule: Creating AISystem for world Teapot_Level_Lobby
[2017.03.08-14.09.28:742][374]LogPlayLevel: PIE: World Init took: (0.000855s)
[2017.03.08-14.09.28:742][374]LogPlayLevel: PIE: Created PIE world by copying editor world from /Game/Teapot_Content/Maps/Teapot_Level_Lobby.Teapot_Level_Lobby to /Game/Teapot_Content/Maps/UEDPIE_0_Teapot_Level_Lobby.Teapot_Level_Lobby (0.003317s)
[2017.03.08-14.09.28:753][374]LogInit: XAudio2 using 'Headphones (Rift Audio)' : 2 channels at 48 kHz using 16 bits per sample (channel mask 0x3)
[2017.03.08-14.09.28:759][374]LogInit: FAudioDevice initialized.
[2017.03.08-14.09.28:782][374]LogStats:Warning: MetaData mismatch. Did you assign a stat to two groups? New //STATGROUP_Threads//OnlineAsyncTaskThreadNull DefaultInstance///Thread_c44_0///####STATCAT_Advanced#### old //STATGROUP_Threads//OnlineAsyncTaskThreadNull DefaultInstance///Thread_1d2c_0///####STATCAT_Advanced####
[2017.03.08-14.09.28:841][374]LogLoad: Game class is 'Teapot_GameMode_C'
[2017.03.08-14.09.28:843][374]LogWorld: Bringing World /Game/Teapot_Content/Maps/UEDPIE_0_Teapot_Level_Lobby.Teapot_Level_Lobby up for play (max tick rate 0) at 2017.03.08-15.09.28
[2017.03.08-14.09.28:843][374]LogWorld: Bringing up level for play took: 0.000843
[2017.03.08-14.09.28:905][374]LogContentBrowser: Native class hierarchy updated for 'MovieSceneCapture' in 0.0004 seconds. Added 11 classes and 0 folders.
[2017.03.08-14.09.28:906][374]LogBlueprintUserMessages: [Teapot_GameMode_C_0] OnPostLogin
[2017.03.08-14.09.28:906][374]LogGameMode:Display: Match State Changed from EnteringMap to WaitingToStart
[2017.03.08-14.09.28:906][374]LogGameState: Match State Changed from EnteringMap to WaitingToStart
[2017.03.08-14.09.28:906][374]LogGameMode:Display: Match State Changed from WaitingToStart to InProgress
[2017.03.08-14.09.28:906][374]LogGameState: Match State Changed from WaitingToStart to InProgress
[2017.03.08-14.09.28:910][374]PIE: Info Play in editor start time for /Game/Teapot_Content/Maps/UEDPIE_0_Teapot_Level_Lobby 0.795
[2017.03.08-14.09.28:911][374]LogBlueprintUserMessages: Late PlayInEditor Detection: Level '/Game/Teapot_Content/Maps/Teapot_Level_Lobby.Teapot_Level_Lobby:PersistentLevel' has LevelScriptBlueprint '/Game/Teapot_Content/Maps/Teapot_Level_Lobby.Teapot_Level_Lobby:PersistentLevel.Teapot_Level_Lobby' with GeneratedClass '/Game/Teapot_Content/Maps/Teapot_Level_Lobby.Teapot_Level_Lobby_C' with ClassGeneratedBy '/Game/Teapot_Content/Maps/Teapot_Level_Lobby.Teapot_Level_Lobby:PersistentLevel.Teapot_Level_Lobby'
[2017.03.08-14.09.28:921][374]LogHMD: Reallocation of eye buffer was requested
[2017.03.08-14.09.28:923][374]LogHMD: Allocated a new swap texture set (size 2720 x 1600, mipcount = 1), 0x0000027F20F80190
[2017.03.08-14.09.28:948][374]LogHMD: Orientation wasn't applied to a camera in frame 3
[2017.03.08-14.09.28:948][374]LogHMD: Orientation wasn't applied to a camera in frame 3
[2017.03.08-14.09.28:951][374]LogHMD: Allocated a new mirror texture (size 1280 x 720)
[2017.03.08-14.09.28:951][374]LogRenderer: Reallocating scene render targets to support 2720x1600 NumSamples 1 (Frame:1292).
[2017.03.08-14.09.28:951][374]LogHMD: Orientation wasn't applied to a camera in frame 3
[2017.03.08-14.09.28:965][375]LogHMD: Orientation wasn't applied to a camera in frame 4
[2017.03.08-14.09.28:965][375]LogHMD: Orientation wasn't applied to a camera in frame 4
[2017.03.08-14.09.28:967][375]LogHMD: Orientation wasn't applied to a camera in frame 4
[2017.03.08-14.09.28:968][376]LogHMD: Orientation wasn't applied to a camera in frame 5
[2017.03.08-14.09.28:968][376]LogHMD: Orientation wasn't applied to a camera in frame 5
[2017.03.08-14.09.28:970][376]LogHMD: Orientation wasn't applied to a camera in frame 5
[2017.03.08-14.09.28:976][377]LogHMD: Orientation wasn't applied to a camera in frame 6
[2017.03.08-14.09.28:976][377]LogHMD: Orientation wasn't applied to a camera in frame 6
[2017.03.08-14.09.28:978][377]LogHMD: Orientation wasn't applied to a camera in frame 6
[2017.03.08-14.09.28:984][378]LogHMD: Orientation wasn't applied to a camera in frame 7
[2017.03.08-14.09.28:984][378]LogHMD: Orientation wasn't applied to a camera in frame 7
[2017.03.08-14.09.28:985][378]LogHMD: Orientation wasn't applied to a camera in frame 7
[2017.03.08-14.09.28:991][379]LogHMD: Orientation wasn't applied to a camera in frame 8
[2017.03.08-14.09.28:991][379]LogHMD: Orientation wasn't applied to a camera in frame 8
[2017.03.08-14.09.28:992][379]LogHMD: Orientation wasn't applied to a camera in frame 8
[2017.03.08-14.09.28:998][380]LogHMD: Orientation wasn't applied to a camera in frame 9
[2017.03.08-14.09.28:998][380]LogHMD: Orientation wasn't applied to a camera in frame 9
[2017.03.08-14.09.28:999][380]LogHMD: Orientation wasn't applied to a camera in frame 9
[2017.03.08-14.09.29:006][381]LogHMD: Orientation wasn't applied to a camera in frame 10
[2017.03.08-14.09.29:006][381]LogHMD: Orientation wasn't applied to a camera in frame 10
[2017.03.08-14.09.29:007][381]LogHMD: Orientation wasn't applied to a camera in frame 10
[2017.03.08-14.09.29:013][382]LogHMD: Orientation wasn't applied to a camera in frame 11
[2017.03.08-14.09.29:013][382]LogHMD: Orientation wasn't applied to a camera in frame 11
[2017.03.08-14.09.29:014][382]LogHMD: Orientation wasn't applied to a camera in frame 11
[2017.03.08-14.09.29:021][383]LogHMD: Orientation wasn't applied to a camera in frame 12
[2017.03.08-14.09.29:021][383]LogHMD: Orientation wasn't applied to a camera in frame 12
[2017.03.08-14.09.29:022][383]LogHMD: Orientation wasn't applied to a camera in frame 12
[2017.03.08-14.09.29:028][384]LogHMD: Orientation wasn't applied to a camera in frame 13
[2017.03.08-14.09.29:028][384]LogHMD: Orientation wasn't applied to a camera in frame 13
[2017.03.08-14.09.29:029][384]LogHMD: Orientation wasn't applied to a camera in frame 13
[2017.03.08-14.09.29:035][385]LogHMD: Orientation wasn't applied to a camera in frame 14
[2017.03.08-14.09.29:035][385]LogHMD: Orientation wasn't applied to a camera in frame 14
[2017.03.08-14.09.29:036][385]LogHMD: Orientation wasn't applied to a camera in frame 14
[2017.03.08-14.09.29:042][386]LogHMD: Orientation wasn't applied to a camera in frame 15
[2017.03.08-14.09.29:042][386]LogHMD: Orientation wasn't applied to a camera in frame 15
[2017.03.08-14.09.29:044][386]LogHMD: Orientation wasn't applied to a camera in frame 15
[2017.03.08-14.09.29:050][387]LogHMD: Orientation wasn't applied to a camera in frame 16
[2017.03.08-14.09.29:050][387]LogHMD: Orientation wasn't applied to a camera in frame 16
[2017.03.08-14.09.29:052][387]LogHMD: Orientation wasn't applied to a camera in frame 16
[2017.03.08-14.09.29:058][388]LogHMD: Orientation wasn't applied to a camera in frame 17
[2017.03.08-14.09.29:058][388]LogHMD: Orientation wasn't applied to a camera in frame 17
[2017.03.08-14.09.29:059][388]LogHMD: Orientation wasn't applied to a camera in frame 17
[2017.03.08-14.09.29:065][389]LogHMD: Orientation wasn't applied to a camera in frame 18
[2017.03.08-14.09.29:065][389]LogHMD: Orientation wasn't applied to a camera in frame 18
[2017.03.08-14.09.29:066][389]LogHMD: Orientation wasn't applied to a camera in frame 18
[2017.03.08-14.09.29:072][390]LogHMD: Orientation wasn't applied to a camera in frame 19
[2017.03.08-14.09.29:072][390]LogHMD: Orientation wasn't applied to a camera in frame 19
[2017.03.08-14.09.29:073][390]LogHMD: Orientation wasn't applied to a camera in frame 19
[2017.03.08-14.09.29:080][391]LogHMD: Orientation wasn't applied to a camera in frame 20
[2017.03.08-14.09.29:080][391]LogHMD: Orientation wasn't applied to a camera in frame 20
[2017.03.08-14.09.29:081][391]LogHMD: Orientation wasn't applied to a camera in frame 20
[2017.03.08-14.09.29:087][392]LogHMD: Orientation wasn't applied to a camera in frame 21
[2017.03.08-14.09.29:087][392]LogHMD: Orientation wasn't applied to a camera in frame 21
[2017.03.08-14.09.29:088][392]LogHMD: Orientation wasn't applied to a camera in frame 21
[2017.03.08-14.09.29:094][393]LogHMD: Orientation wasn't applied to a camera in frame 22
[2017.03.08-14.09.29:094][393]LogHMD: Orientation wasn't applied to a camera in frame 22
[2017.03.08-14.09.29:095][393]LogHMD: Orientation wasn't applied to a camera in frame 22
[2017.03.08-14.09.29:101][394]LogHMD: Orientation wasn't applied to a camera in frame 23
[2017.03.08-14.09.29:101][394]LogHMD: Orientation wasn't applied to a camera in frame 23
[2017.03.08-14.09.29:102][394]LogHMD: Orientation wasn't applied to a camera in frame 23
[2017.03.08-14.09.29:109][395]LogHMD: Orientation wasn't applied to a camera in frame 24
[2017.03.08-14.09.29:109][395]LogHMD: Orientation wasn't applied to a camera in frame 24
[2017.03.08-14.09.29:110][395]LogHMD: Orientation wasn't applied to a camera in frame 24
[2017.03.08-14.09.29:116][396]LogHMD: Orientation wasn't applied to a camera in frame 25
[2017.03.08-14.09.29:116][396]LogHMD: Orientation wasn't applied to a camera in frame 25
[2017.03.08-14.09.29:117][396]LogHMD: Orientation wasn't applied to a camera in frame 25
[2017.03.08-14.09.29:124][397]LogHMD: Orientation wasn't applied to a camera in frame 26
[2017.03.08-14.09.29:124][397]LogHMD: Orientation wasn't applied to a camera in frame 26
[2017.03.08-14.09.29:125][397]LogHMD: Orientation wasn't applied to a camera in frame 26
[2017.03.08-14.09.29:131][398]LogHMD: Orientation wasn't applied to a camera in frame 27
[2017.03.08-14.09.29:131][398]LogHMD: Orientation wasn't applied to a camera in frame 27
[2017.03.08-14.09.29:132][398]LogHMD: Orientation wasn't applied to a camera in frame 27
[2017.03.08-14.09.29:139][399]LogHMD: Orientation wasn't applied to a camera in frame 28
[2017.03.08-14.09.29:139][399]LogHMD: Orientation wasn't applied to a camera in frame 28
[2017.03.08-14.09.29:140][399]LogHMD: Orientation wasn't applied to a camera in frame 28
[2017.03.08-14.09.29:146][400]LogHMD: Orientation wasn't applied to a camera in frame 29
[2017.03.08-14.09.29:146][400]LogHMD: Orientation wasn't applied to a camera in frame 29
[2017.03.08-14.09.29:147][400]LogHMD: Orientation wasn't applied to a camera in frame 29
[2017.03.08-14.09.29:153][401]LogHMD: Orientation wasn't applied to a camera in frame 30
[2017.03.08-14.09.29:153][401]LogHMD: Orientation wasn't applied to a camera in frame 30
[2017.03.08-14.09.29:154][401]LogHMD: Orientation wasn't applied to a camera in frame 30
[2017.03.08-14.09.29:161][402]LogHMD: Orientation wasn't applied to a camera in frame 31
[2017.03.08-14.09.29:161][402]LogHMD: Orientation wasn't applied to a camera in frame 31
[2017.03.08-14.09.29:162][402]LogHMD: Orientation wasn't applied to a camera in frame 31
[2017.03.08-14.09.29:168][403]LogHMD: Orientation wasn't applied to a camera in frame 32
[2017.03.08-14.09.29:168][403]LogHMD: Orientation wasn't applied to a camera in frame 32
[2017.03.08-14.09.29:169][403]LogHMD: Orientation wasn't applied to a camera in frame 32
[2017.03.08-14.09.29:175][404]LogHMD: Orientation wasn't applied to a camera in frame 33
[2017.03.08-14.09.29:175][404]LogHMD: Orientation wasn't applied to a camera in frame 33
[2017.03.08-14.09.29:177][404]LogHMD: Orientation wasn't applied to a camera in frame 33
[2017.03.08-14.09.29:183][405]LogHMD: Orientation wasn't applied to a camera in frame 34
[2017.03.08-14.09.29:183][405]LogHMD: Orientation wasn't applied to a camera in frame 34
[2017.03.08-14.09.29:184][405]LogHMD: Orientation wasn't applied to a camera in frame 34
[2017.03.08-14.09.29:190][406]LogHMD: Orientation wasn't applied to a camera in frame 35
[2017.03.08-14.09.29:190][406]LogHMD: Orientation wasn't applied to a camera in frame 35
[2017.03.08-14.09.29:191][406]LogHMD: Orientation wasn't applied to a camera in frame 35
[2017.03.08-14.09.29:197][407]LogHMD: Orientation wasn't applied to a camera in frame 36
[2017.03.08-14.09.29:197][407]LogHMD: Orientation wasn't applied to a camera in frame 36
[2017.03.08-14.09.29:198][407]LogHMD: Orientation wasn't applied to a camera in frame 36
[2017.03.08-14.09.29:205][408]LogHMD: Orientation wasn't applied to a camera in frame 37
[2017.03.08-14.09.29:205][408]LogHMD: Orientation wasn't applied to a camera in frame 37
[2017.03.08-14.09.29:206][408]LogHMD: Orientation wasn't applied to a camera in frame 37
[2017.03.08-14.09.29:212][409]LogHMD: Orientation wasn't applied to a camera in frame 38
[2017.03.08-14.09.29:212][409]LogHMD: Orientation wasn't applied to a camera in frame 38
[2017.03.08-14.09.29:213][409]LogHMD: Orientation wasn't applied to a camera in frame 38
[2017.03.08-14.09.29:219][410]LogHMD: Orientation wasn't applied to a camera in frame 39
[2017.03.08-14.09.29:219][410]LogHMD: Orientation wasn't applied to a camera in frame 39
[2017.03.08-14.09.29:220][410]LogHMD: Orientation wasn't applied to a camera in frame 39
[2017.03.08-14.09.29:227][411]LogHMD: Orientation wasn't applied to a camera in frame 40
[2017.03.08-14.09.29:227][411]LogHMD: Orientation wasn't applied to a camera in frame 40
[2017.03.08-14.09.29:228][411]LogHMD: Orientation wasn't applied to a camera in frame 40
[2017.03.08-14.09.29:234][412]LogHMD: Orientation wasn't applied to a camera in frame 41
[2017.03.08-14.09.29:234][412]LogHMD: Orientation wasn't applied to a camera in frame 41
[2017.03.08-14.09.29:235][412]LogHMD: Orientation wasn't applied to a camera in frame 41
[2017.03.08-14.09.29:241][413]LogHMD: Orientation wasn't applied to a camera in frame 42
[2017.03.08-14.09.29:241][413]LogHMD: Orientation wasn't applied to a camera in frame 42
[2017.03.08-14.09.29:242][413]LogHMD: Orientation wasn't applied to a camera in frame 42
[2017.03.08-14.09.29:248][414]LogHMD: Orientation wasn't applied to a camera in frame 43
[2017.03.08-14.09.29:248][414]LogHMD: Orientation wasn't applied to a camera in frame 43
[2017.03.08-14.09.29:249][414]LogHMD: Orientation wasn't applied to a camera in frame 43
[2017.03.08-14.09.29:255][415]LogHMD: Orientation wasn't applied to a camera in frame 44
[2017.03.08-14.09.29:255][415]LogHMD: Orientation wasn't applied to a camera in frame 44
[2017.03.08-14.09.29:256][415]LogHMD: Orientation wasn't applied to a camera in frame 44
[2017.03.08-14.09.29:263][416]LogHMD: Orientation wasn't applied to a camera in frame 45
[2017.03.08-14.09.29:263][416]LogHMD: Orientation wasn't applied to a camera in frame 45
[2017.03.08-14.09.29:264][416]LogHMD: Orientation wasn't applied to a camera in frame 45
[2017.03.08-14.09.29:270][417]LogHMD: Orientation wasn't applied to a camera in frame 46
[2017.03.08-14.09.29:270][417]LogHMD: Orientation wasn't applied to a camera in frame 46
[2017.03.08-14.09.29:271][417]LogHMD: Orientation wasn't applied to a camera in frame 46
[2017.03.08-14.09.29:277][418]LogHMD: Orientation wasn't applied to a camera in frame 47
[2017.03.08-14.09.29:277][418]LogHMD: Orientation wasn't applied to a camera in frame 47
[2017.03.08-14.09.29:278][418]LogHMD: Orientation wasn't applied to a camera in frame 47
[2017.03.08-14.09.29:284][419]LogHMD: Orientation wasn't applied to a camera in frame 48
[2017.03.08-14.09.29:284][419]LogHMD: Orientation wasn't applied to a camera in frame 48
[2017.03.08-14.09.29:285][419]LogHMD: Orientation wasn't applied to a camera in frame 48
[2017.03.08-14.09.29:291][420]LogHMD: Orientation wasn't applied to a camera in frame 49
[2017.03.08-14.09.29:291][420]LogHMD: Orientation wasn't applied to a camera in frame 49
[2017.03.08-14.09.29:292][420]LogHMD: Orientation wasn't applied to a camera in frame 49
[2017.03.08-14.09.29:299][421]LogHMD: Orientation wasn't applied to a camera in frame 50
[2017.03.08-14.09.29:299][421]LogHMD: Orientation wasn't applied to a camera in frame 50
[2017.03.08-14.09.29:300][421]LogHMD: Orientation wasn't applied to a camera in frame 50
[2017.03.08-14.09.29:306][422]LogHMD: Orientation wasn't applied to a camera in frame 51
[2017.03.08-14.09.29:306][422]LogHMD: Orientation wasn't applied to a camera in frame 51
[2017.03.08-14.09.29:307][422]LogHMD: Orientation wasn't applied to a camera in frame 51
[2017.03.08-14.09.29:314][423]LogHMD: Orientation wasn't applied to a camera in frame 52
[2017.03.08-14.09.29:314][423]LogHMD: Orientation wasn't applied to a camera in frame 52
[2017.03.08-14.09.29:315][423]LogHMD: Orientation wasn't applied to a camera in frame 52
[2017.03.08-14.09.29:321][424]LogHMD: Orientation wasn't applied to a camera in frame 53
[2017.03.08-14.09.29:321][424]LogHMD: Orientation wasn't applied to a camera in frame 53
[2017.03.08-14.09.29:322][424]LogHMD: Orientation wasn't applied to a camera in frame 53
[2017.03.08-14.09.29:328][425]LogHMD: Orientation wasn't applied to a camera in frame 54
[2017.03.08-14.09.29:328][425]LogHMD: Orientation wasn't applied to a camera in frame 54
[2017.03.08-14.09.29:329][425]LogHMD: Orientation wasn't applied to a camera in frame 54
[2017.03.08-14.09.29:335][426]LogHMD: Orientation wasn't applied to a camera in frame 55
[2017.03.08-14.09.29:335][426]LogHMD: Orientation wasn't applied to a camera in frame 55
[2017.03.08-14.09.29:336][426]LogHMD: Orientation wasn't applied to a camera in frame 55
[2017.03.08-14.09.29:342][427]LogHMD: Orientation wasn't applied to a camera in frame 56
[2017.03.08-14.09.29:342][427]LogHMD: Orientation wasn't applied to a camera in frame 56
[2017.03.08-14.09.29:343][427]LogHMD: Orientation wasn't applied to a camera in frame 56
[2017.03.08-14.09.29:349][428]LogHMD: Orientation wasn't applied to a camera in frame 57
[2017.03.08-14.09.29:349][428]LogHMD: Orientation wasn't applied to a camera in frame 57
[2017.03.08-14.09.29:350][428]LogHMD: Orientation wasn't applied to a camera in frame 57
[2017.03.08-14.09.29:357][429]LogHMD: Orientation wasn't applied to a camera in frame 58
[2017.03.08-14.09.29:357][429]LogHMD: Orientation wasn't applied to a camera in frame 58
[2017.03.08-14.09.29:358][429]LogHMD: Orientation wasn't applied to a camera in frame 58
[2017.03.08-14.09.29:364][430]LogHMD: Orientation wasn't applied to a camera in frame 59
[2017.03.08-14.09.29:364][430]LogHMD: Orientation wasn't applied to a camera in frame 59
[2017.03.08-14.09.29:365][430]LogHMD: Orientation wasn't applied to a camera in frame 59
[2017.03.08-14.09.29:372][431]LogHMD: Orientation wasn't applied to a camera in frame 60
[2017.03.08-14.09.29:372][431]LogHMD: Orientation wasn't applied to a camera in frame 60
[2017.03.08-14.09.29:373][431]LogHMD: Orientation wasn't applied to a camera in frame 60
[2017.03.08-14.09.29:379][432]LogHMD: Orientation wasn't applied to a camera in frame 61
[2017.03.08-14.09.29:379][432]LogHMD: Orientation wasn't applied to a camera in frame 61
[2017.03.08-14.09.29:380][432]LogHMD: Orientation wasn't applied to a camera in frame 61
[2017.03.08-14.09.29:386][433]LogHMD: Orientation wasn't applied to a camera in frame 62
[2017.03.08-14.09.29:386][433]LogHMD: Orientation wasn't applied to a camera in frame 62
[2017.03.08-14.09.29:387][433]LogHMD: Orientation wasn't applied to a camera in frame 62
[2017.03.08-14.09.29:394][434]LogHMD: Orientation wasn't applied to a camera in frame 63
[2017.03.08-14.09.29:394][434]LogHMD: Orientation wasn't applied to a camera in frame 63
[2017.03.08-14.09.29:395][434]LogHMD: Orientation wasn't applied to a camera in frame 63
[2017.03.08-14.09.29:401][435]LogHMD: Orientation wasn't applied to a camera in frame 64
[2017.03.08-14.09.29:401][435]LogHMD: Orientation wasn't applied to a camera in frame 64
[2017.03.08-14.09.29:402][435]LogHMD: Orientation wasn't applied to a camera in frame 64
[2017.03.08-14.09.29:408][436]LogHMD: Orientation wasn't applied to a camera in frame 65
[2017.03.08-14.09.29:408][436]LogHMD: Orientation wasn't applied to a camera in frame 65
[2017.03.08-14.09.29:409][436]LogHMD: Orientation wasn't applied to a camera in frame 65
[2017.03.08-14.09.29:415][437]LogHMD: Orientation wasn't applied to a camera in frame 66
[2017.03.08-14.09.29:415][437]LogHMD: Orientation wasn't applied to a camera in frame 66
[2017.03.08-14.09.29:416][437]LogHMD: Orientation wasn't applied to a camera in frame 66
[2017.03.08-14.09.29:422][438]LogHMD: Orientation wasn't applied to a camera in frame 67
[2017.03.08-14.09.29:422][438]LogHMD: Orientation wasn't applied to a camera in frame 67
[2017.03.08-14.09.29:424][438]LogHMD: Orientation wasn't applied to a camera in frame 67
[2017.03.08-14.09.29:430][439]LogHMD: Orientation wasn't applied to a camera in frame 68
[2017.03.08-14.09.29:430][439]LogHMD: Orientation wasn't applied to a camera in frame 68
[2017.03.08-14.09.29:431][439]LogHMD: Orientation wasn't applied to a camera in frame 68
[2017.03.08-14.09.29:437][440]LogHMD: Orientation wasn't applied to a camera in frame 69
[2017.03.08-14.09.29:437][440]LogHMD: Orientation wasn't applied to a camera in frame 69
[2017.03.08-14.09.29:438][440]LogHMD: Orientation wasn't applied to a camera in frame 69
[2017.03.08-14.09.29:444][441]LogHMD: Orientation wasn't applied to a camera in frame 70
[2017.03.08-14.09.29:444][441]LogHMD: Orientation wasn't applied to a camera in frame 70
[2017.03.08-14.09.29:445][441]LogHMD: Orientation wasn't applied to a camera in frame 70
[2017.03.08-14.09.29:451][442]LogHMD: Orientation wasn't applied to a camera in frame 71
[2017.03.08-14.09.29:451][442]LogHMD: Orientation wasn't applied to a camera in frame 71
[2017.03.08-14.09.29:452][442]LogHMD: Orientation wasn't applied to a camera in frame 71
[2017.03.08-14.09.29:458][443]LogHMD: Orientation wasn't applied to a camera in frame 72
[2017.03.08-14.09.29:458][443]LogHMD: Orientation wasn't applied to a camera in frame 72
[2017.03.08-14.09.29:459][443]LogHMD: Orientation wasn't applied to a camera in frame 72
[2017.03.08-14.09.29:466][444]LogHMD: Orientation wasn't applied to a camera in frame 73
[2017.03.08-14.09.29:466][444]LogHMD: Orientation wasn't applied to a camera in frame 73
[2017.03.08-14.09.29:467][444]LogHMD: Orientation wasn't applied to a camera in frame 73
[2017.03.08-14.09.29:473][445]LogHMD: Orientation wasn't applied to a camera in frame 74
[2017.03.08-14.09.29:473][445]LogHMD: Orientation wasn't applied to a camera in frame 74
[2017.03.08-14.09.29:474][445]LogHMD: Orientation wasn't applied to a camera in frame 74
[2017.03.08-14.09.29:481][446]LogHMD: Orientation wasn't applied to a camera in frame 75
[2017.03.08-14.09.29:481][446]LogHMD: Orientation wasn't applied to a camera in frame 75
[2017.03.08-14.09.29:482][446]LogHMD: Orientation wasn't applied to a camera in frame 75
[2017.03.08-14.09.29:488][447]LogHMD: Orientation wasn't applied to a camera in frame 76
[2017.03.08-14.09.29:488][447]LogHMD: Orientation wasn't applied to a camera in frame 76
[2017.03.08-14.09.29:489][447]LogHMD: Orientation wasn't applied to a camera in frame 76
[2017.03.08-14.09.29:496][448]LogHMD: Orientation wasn't applied to a camera in frame 77
[2017.03.08-14.09.29:496][448]LogHMD: Orientation wasn't applied to a camera in frame 77
[2017.03.08-14.09.29:497][448]LogHMD: Orientation wasn't applied to a camera in frame 77
[2017.03.08-14.09.29:503][449]LogHMD: Orientation wasn't applied to a camera in frame 78
[2017.03.08-14.09.29:503][449]LogHMD: Orientation wasn't applied to a camera in frame 78
[2017.03.08-14.09.29:504][449]LogHMD: Orientation wasn't applied to a camera in frame 78
[2017.03.08-14.09.29:510][450]LogHMD: Orientation wasn't applied to a camera in frame 79
[2017.03.08-14.09.29:510][450]LogHMD: Orientation wasn't applied to a camera in frame 79
[2017.03.08-14.09.29:511][450]LogHMD: Orientation wasn't applied to a camera in frame 79
[2017.03.08-14.09.29:517][451]LogHMD: Orientation wasn't applied to a camera in frame 80
[2017.03.08-14.09.29:517][451]LogHMD: Orientation wasn't applied to a camera in frame 80
[2017.03.08-14.09.29:518][451]LogHMD: Orientation wasn't applied to a camera in frame 80
[2017.03.08-14.09.29:525][452]LogHMD: Orientation wasn't applied to a camera in frame 81
[2017.03.08-14.09.29:525][452]LogHMD: Orientation wasn't applied to a camera in frame 81
[2017.03.08-14.09.29:526][452]LogHMD: Orientation wasn't applied to a camera in frame 81
[2017.03.08-14.09.29:532][453]LogHMD: Orientation wasn't applied to a camera in frame 82
[2017.03.08-14.09.29:532][453]LogHMD: Orientation wasn't applied to a camera in frame 82
[2017.03.08-14.09.29:533][453]LogHMD: Orientation wasn't applied to a camera in frame 82
[2017.03.08-14.09.29:539][454]LogHMD: Orientation wasn't applied to a camera in frame 83
[2017.03.08-14.09.29:539][454]LogHMD: Orientation wasn't applied to a camera in frame 83
[2017.03.08-14.09.29:540][454]LogHMD: Orientation wasn't applied to a camera in frame 83
[2017.03.08-14.09.29:547][455]LogHMD: Orientation wasn't applied to a camera in frame 84
[2017.03.08-14.09.29:547][455]LogHMD: Orientation wasn't applied to a camera in frame 84
[2017.03.08-14.09.29:548][455]LogHMD: Orientation wasn't applied to a camera in frame 84
[2017.03.08-14.09.29:555][456]LogHMD: Orientation wasn't applied to a camera in frame 85
[2017.03.08-14.09.29:555][456]LogHMD: Orientation wasn't applied to a camera in frame 85
[2017.03.08-14.09.29:557][456]LogHMD: Orientation wasn't applied to a camera in frame 85
[2017.03.08-14.09.29:563][457]LogHMD: Orientation wasn't applied to a camera in frame 86
[2017.03.08-14.09.29:563][457]LogHMD: Orientation wasn't applied to a camera in frame 86
[2017.03.08-14.09.29:564][457]LogHMD: Orientation wasn't applied to a camera in frame 86
[2017.03.08-14.09.29:570][458]LogHMD: Orientation wasn't applied to a camera in frame 87
[2017.03.08-14.09.29:570][458]LogHMD: Orientation wasn't applied to a camera in frame 87
[2017.03.08-14.09.29:571][458]LogHMD: Orientation wasn't applied to a camera in frame 87
[2017.03.08-14.09.29:577][459]LogHMD: Orientation wasn't applied to a camera in frame 88
[2017.03.08-14.09.29:577][459]LogHMD: Orientation wasn't applied to a camera in frame 88
[2017.03.08-14.09.29:578][459]LogHMD: Orientation wasn't applied to a camera in frame 88
[2017.03.08-14.09.29:585][460]LogHMD: Orientation wasn't applied to a camera in frame 89
[2017.03.08-14.09.29:585][460]LogHMD: Orientation wasn't applied to a camera in frame 89
[2017.03.08-14.09.29:586][460]LogHMD: Orientation wasn't applied to a camera in frame 89
[2017.03.08-14.09.29:593][461]LogHMD: Orientation wasn't applied to a camera in frame 90
[2017.03.08-14.09.29:593][461]LogHMD: Orientation wasn't applied to a camera in frame 90
[2017.03.08-14.09.29:594][461]LogHMD: Orientation wasn't applied to a camera in frame 90
[2017.03.08-14.09.29:600][462]LogHMD: Orientation wasn't applied to a camera in frame 91
[2017.03.08-14.09.29:600][462]LogHMD: Orientation wasn't applied to a camera in frame 91
[2017.03.08-14.09.29:601][462]LogHMD: Orientation wasn't applied to a camera in frame 91
[2017.03.08-14.09.29:608][463]LogHMD: Orientation wasn't applied to a camera in frame 92
[2017.03.08-14.09.29:608][463]LogHMD: Orientation wasn't applied to a camera in frame 92
[2017.03.08-14.09.29:609][463]LogHMD: Orientation wasn't applied to a camera in frame 92
[2017.03.08-14.09.29:615][464]LogHMD: Orientation wasn't applied to a camera in frame 93
[2017.03.08-14.09.29:615][464]LogHMD: Orientation wasn't applied to a camera in frame 93
[2017.03.08-14.09.29:616][464]LogHMD: Orientation wasn't applied to a camera in frame 93
[2017.03.08-14.09.29:623][465]LogHMD: Orientation wasn't applied to a camera in frame 94
[2017.03.08-14.09.29:623][465]LogHMD: Orientation wasn't applied to a camera in frame 94
[2017.03.08-14.09.29:624][465]LogHMD: Orientation wasn't applied to a camera in frame 94
[2017.03.08-14.09.29:630][466]LogHMD: Orientation wasn't applied to a camera in frame 95
[2017.03.08-14.09.29:630][466]LogHMD: Orientation wasn't applied to a camera in frame 95
[2017.03.08-14.09.29:631][466]LogHMD: Orientation wasn't applied to a camera in frame 95
[2017.03.08-14.09.29:637][467]LogHMD: Orientation wasn't applied to a camera in frame 96
[2017.03.08-14.09.29:637][467]LogHMD: Orientation wasn't applied to a camera in frame 96
[2017.03.08-14.09.29:638][467]LogHMD: Orientation wasn't applied to a camera in frame 96
[2017.03.08-14.09.29:644][468]LogHMD: Orientation wasn't applied to a camera in frame 97
[2017.03.08-14.09.29:644][468]LogHMD: Orientation wasn't applied to a camera in frame 97
[2017.03.08-14.09.29:645][468]LogHMD: Orientation wasn't applied to a camera in frame 97
[2017.03.08-14.09.29:652][469]LogHMD: Orientation wasn't applied to a camera in frame 98
[2017.03.08-14.09.29:652][469]LogHMD: Orientation wasn't applied to a camera in frame 98
[2017.03.08-14.09.29:653][469]LogHMD: Orientation wasn't applied to a camera in frame 98
[2017.03.08-14.09.29:659][470]LogHMD: Orientation wasn't applied to a camera in frame 99
[2017.03.08-14.09.29:659][470]LogHMD: Orientation wasn't applied to a camera in frame 99
[2017.03.08-14.09.29:660][470]LogHMD: Orientation wasn't applied to a camera in frame 99
[2017.03.08-14.09.29:666][471]LogHMD: Orientation wasn't applied to a camera in frame 100
[2017.03.08-14.09.29:666][471]LogHMD: Orientation wasn't applied to a camera in frame 100
[2017.03.08-14.09.29:667][471]LogHMD: Orientation wasn't applied to a camera in frame 100
[2017.03.08-14.09.29:673][472]LogHMD: Orientation wasn't applied to a camera in frame 101
[2017.03.08-14.09.29:673][472]LogHMD: Orientation wasn't applied to a camera in frame 101
[2017.03.08-14.09.29:674][472]LogHMD: Orientation wasn't applied to a camera in frame 101
[2017.03.08-14.09.29:680][473]LogHMD: Orientation wasn't applied to a camera in frame 102
[2017.03.08-14.09.29:680][473]LogHMD: Orientation wasn't applied to a camera in frame 102
[2017.03.08-14.09.29:681][473]LogHMD: Orientation wasn't applied to a camera in frame 102
[2017.03.08-14.09.29:687][474]LogHMD: Orientation wasn't applied to a camera in frame 103
[2017.03.08-14.09.29:687][474]LogHMD: Orientation wasn't applied to a camera in frame 103
[2017.03.08-14.09.29:688][474]LogHMD: Orientation wasn't applied to a camera in frame 103
[2017.03.08-14.09.29:695][475]LogHMD: Orientation wasn't applied to a camera in frame 104
[2017.03.08-14.09.29:695][475]LogHMD: Orientation wasn't applied to a camera in frame 104
[2017.03.08-14.09.29:696][475]LogHMD: Orientation wasn't applied to a camera in frame 104
[2017.03.08-14.09.29:703][476]LogHMD: Orientation wasn't applied to a camera in frame 105
[2017.03.08-14.09.29:703][476]LogHMD: Orientation wasn't applied to a camera in frame 105
[2017.03.08-14.09.29:704][476]LogHMD: Orientation wasn't applied to a camera in frame 105
[2017.03.08-14.09.29:710][477]LogHMD: Orientation wasn't applied to a camera in frame 106
[2017.03.08-14.09.29:710][477]LogHMD: Orientation wasn't applied to a camera in frame 106
[2017.03.08-14.09.29:711][477]LogHMD: Orientation wasn't applied to a camera in frame 106
[2017.03.08-14.09.29:717][478]LogHMD: Orientation wasn't applied to a camera in frame 107
[2017.03.08-14.09.29:717][478]LogHMD: Orientation wasn't applied to a camera in frame 107
[2017.03.08-14.09.29:718][478]LogHMD: Orientation wasn't applied to a camera in frame 107
[2017.03.08-14.09.29:725][479]LogHMD: Orientation wasn't applied to a camera in frame 108
[2017.03.08-14.09.29:725][479]LogHMD: Orientation wasn't applied to a camera in frame 108
[2017.03.08-14.09.29:726][479]LogHMD: Orientation wasn't applied to a camera in frame 108
[2017.03.08-14.09.32:233][711]OCULUS: Info: [HMDState] Requested to SetForegroundWindow(3c04ccll)
[2017.03.08-14.09.32:461][731]LogHMD: Vision Tracking Acquired
[2017.03.08-14.09.33:673][840]LogBlueprintUserMessages: [Teapot_PlayerController_C_0] H Pressed
[2017.03.08-14.09.33:674][840]LogNetVersion: GetLocalNetworkVersion: CL: 3299760, ProjectName: teapot_multiplayer, ProjectVersion: 1.0.0.0, EngineNetworkVersion: 2, GameNetworkVersion: 0, NetworkChecksum: 2092144190
[2017.03.08-14.09.33:674][840]LogInit: WinSock: I am DESKTOP-RDBT9IJ (172.16.0.184:0)
[2017.03.08-14.09.33:674][840]LogBlueprintUserMessages: [Teapot_GameInstance_C_0] Succeded creating session
[2017.03.08-14.09.33:684][841]LogGameMode:Display: Match State Changed from InProgress to LeavingMap
[2017.03.08-14.09.33:684][841]LogGameState: Match State Changed from InProgress to LeavingMap
[2017.03.08-14.09.33:685][841]LogNet: Browse: /Game/Teapot_Content/Maps/Teapot_Level_Test2?listen
[2017.03.08-14.09.33:685][841]LogLoadingSplash: Loading begins
[2017.03.08-14.09.33:698][841]LogHMD: Allocated a new swap texture set (size 16 x 16, mipcount = 5), 0x0000027F6447F920
[2017.03.08-14.09.33:707][841]LogHMD: FOculusRiftSplash::PushBlackFrame
[2017.03.08-14.09.33:707][841]LogHMD: FOculusRiftSplash::Show
[2017.03.08-14.09.33:707][841]LogLoad: LoadMap: /Game/Teapot_Content/Maps/Teapot_Level_Test2?listen
[2017.03.08-14.09.33:716][841]Cmd: MEM
[2017.03.08-14.09.33:726][841]LogMemory: Platform Memory Stats for Windows
[2017.03.08-14.09.33:726][841]LogMemory: Process Physical Memory: 1029.89 MB used, 1072.49 MB peak
[2017.03.08-14.09.33:726][841]LogMemory: Process Virtual Memory: 1619.96 MB used, 1777.57 MB peak
[2017.03.08-14.09.33:726][841]LogMemory: Physical Memory: 5057.81 MB used,  11268.17 MB free, 16325.98 MB total
[2017.03.08-14.09.33:726][841]LogMemory: Virtual Memory: 2522.54 MB used,  11268.17 MB free, 134217728.00 MB total
[2017.03.08-14.09.33:726][841]LogMemory: 
[2017.03.08-14.09.33:726][841]Allocator Stats for TBB: (not implemented)
[2017.03.08-14.09.33:806][841]LogAIModule: Creating AISystem for world Teapot_Level_Test2
[2017.03.08-14.09.33:807][841]LogLoad: Game class is 'Teapot_GameMode_C'
[2017.03.08-14.09.33:807][841]LogInit: WinSock: Socket queue 131072 / 131072
[2017.03.08-14.09.33:807][841]PacketHandlerLog: Loaded PacketHandler component: Engine.EngineHandlerComponentFactory (StatelessConnectHandlerComponent)
[2017.03.08-14.09.33:808][841]LogNet: GameNetDriver IpNetDriver_0 IpNetDriver listening on port 7777
[2017.03.08-14.09.33:813][841]LogWorld: Bringing World /Game/Teapot_Content/Maps/UEDPIE_0_Teapot_Level_Test2.Teapot_Level_Test2 up for play (max tick rate 0) at 2017.03.08-15.09.33
[2017.03.08-14.09.33:813][841]LogWorld: Bringing up level for play took: 0.004954
[2017.03.08-14.09.33:814][841]LogBlueprintUserMessages: [Teapot_GameMode_C_0] Server: OnPostLogin
[2017.03.08-14.09.33:814][841]LogBlueprintUserMessages: [Teapot_GameMode_C_0] Server: Spawning Pawn
[2017.03.08-14.09.33:815][841]LogGameMode:Display: Match State Changed from EnteringMap to WaitingToStart
[2017.03.08-14.09.33:815][841]LogGameState: Match State Changed from EnteringMap to WaitingToStart
[2017.03.08-14.09.33:815][841]LogGameMode:Display: Match State Changed from WaitingToStart to InProgress
[2017.03.08-14.09.33:817][841]LogUnrealMath:Error: FMatrix::InverseFast(), trying to invert a NIL matrix, this results in NaNs! Use Inverse() instead.
[2017.03.08-14.09.33:817][841]LogOutputDevice:Warning: 

Script Stack:
Teapot_MotionController_C.SetupRoomScaleOutline
Teapot_MotionController_C.ExecuteUbergraph_Teapot_MotionController
Teapot_MotionController_C.ReceiveBeginPlay
Teapot_VRPawn_C.ExecuteUbergraph_Teapot_VRPawn
Teapot_VRPawn_C.ReceiveBeginPlay

[2017.03.08-14.09.33:858][841]LogStats: FPlatformStackWalk::StackWalkAndDump -  0.041 s
[2017.03.08-14.09.33:858][841]LogOutputDevice:Error: === Handled ensure: ===
[2017.03.08-14.09.33:858][841]LogOutputDevice:Error: 
[2017.03.08-14.09.33:858][841]LogOutputDevice:Error: Ensure condition failed: false [File:D:\Build\++UE4+Release-4.15+Compile\Sync\Engine\Source\Runtime\Core\Private\Math\Matrix.cpp] [Line: 8]
[2017.03.08-14.09.33:858][841]LogOutputDevice:Error: FMatrix::InverseFast(), trying to invert a NIL matrix, this results in NaNs! Use Inverse() instead.
[2017.03.08-14.09.33:858][841]LogOutputDevice:Error: Stack: 
[2017.03.08-14.09.33:858][841]LogOutputDevice:Error: UE4Editor-Core.dll!0x000000008F7795D6
[2017.03.08-14.09.33:858][841]LogOutputDevice:Error: UE4Editor-Core.dll!0x000000008F529B72
[2017.03.08-14.09.33:858][841]LogOutputDevice:Error: UE4Editor-Core.dll!0x000000008F53B656
[2017.03.08-14.09.33:858][841]LogOutputDevice:Error: UE4Editor-Core.dll!0x000000008F4D23F1
[2017.03.08-14.09.33:858][841]LogOutputDevice:Error: UE4Editor-Engine.dll!0x0000000081E34FBB
[2017.03.08-14.09.33:858][841]LogOutputDevice:Error: UE4Editor-Engine.dll!0x0000000082749606
[2017.03.08-14.09.33:858][841]LogOutputDevice:Error: UE4Editor-Engine.dll!0x000000008277FCF4
[2017.03.08-14.09.33:858][841]LogOutputDevice:Error: UE4Editor-CoreUObject.dll!0x000000008FDA4C1A
[2017.03.08-14.09.33:858][841]LogOutputDevice:Error: UE4Editor-CoreUObject.dll!0x000000008FED7A1E
[2017.03.08-14.09.33:858][841]LogOutputDevice:Error: UE4Editor-CoreUObject.dll!0x000000008FEF9A71
[2017.03.08-14.09.33:858][841]LogOutputDevice:Error: UE4Editor-CoreUObject.dll!0x000000008FEFBC72
[2017.03.08-14.09.33:858][841]LogOutputDevice:Error: UE4Editor-CoreUObject.dll!0x000000008FED842E
[2017.03.08-14.09.33:858][841]LogOutputDevice:Error: UE4Editor-CoreUObject.dll!0x000000008FF21BC3
[2017.03.08-14.09.33:858][841]LogOutputDevice:Error: UE4Editor-CoreUObject.dll!0x000000008FEFBC72
[2017.03.08-14.09.33:858][841]LogOutputDevice:Error: UE4Editor-CoreUObject.dll!0x000000008FED842E
[2017.03.08-14.09.33:858][841]LogOutputDevice:Error: UE4Editor-CoreUObject.dll!0x000000008FF21BC3
[2017.03.08-14.09.33:858][841]LogOutputDevice:Error: UE4Editor-CoreUObject.dll!0x000000008FEFBC72
[2017.03.08-14.09.33:858][841]LogOutputDevice:Error: UE4Editor-CoreUObject.dll!0x000000008FDA4C1A
[2017.03.08-14.09.33:858][841]LogOutputDevice:Error: UE4Editor-CoreUObject.dll!0x000000008FEFAFEB
[2017.03.08-14.09.33:858][841]LogOutputDevice:Error: UE4Editor-Engine.dll!0x0000000081F23922
[2017.03.08-14.09.33:858][841]LogOutputDevice:Error: UE4Editor-Engine.dll!0x00000000831B6EA7
[2017.03.08-14.09.33:858][841]LogOutputDevice:Error: UE4Editor-Engine.dll!0x0000000081EE2CDF
[2017.03.08-14.09.33:858][841]LogOutputDevice:Error: UE4Editor-Engine.dll!0x0000000081EEFE2B
[2017.03.08-14.09.33:858][841]LogOutputDevice:Error: UE4Editor-Engine.dll!0x0000000081F1F398
[2017.03.08-14.09.33:858][841]LogOutputDevice:Error: UE4Editor-Engine.dll!0x0000000081EFF86B
[2017.03.08-14.09.33:858][841]LogOutputDevice:Error: UE4Editor-Engine.dll!0x00000000825D4169
[2017.03.08-14.09.33:858][841]LogOutputDevice:Error: UE4Editor-Engine.dll!0x0000000081F5B056
[2017.03.08-14.09.33:858][841]LogOutputDevice:Error: UE4Editor-CoreUObject.dll!0x000000008FDA4C1A
[2017.03.08-14.09.33:858][841]LogOutputDevice:Error: UE4Editor-CoreUObject.dll!0x000000008FED7A1E
[2017.03.08-14.09.33:858][841]LogOutputDevice:Error: UE4Editor-CoreUObject.dll!0x000000008FEF9A71
[2017.03.08-14.09.33:858][841]LogOutputDevice:Error: UE4Editor-CoreUObject.dll!0x000000008FF1F51B
[2017.03.08-14.09.33:858][841]LogOutputDevice:Error: UE4Editor-CoreUObject.dll!0x000000008FEFBC72
[2017.03.08-14.09.33:858][841]LogOutputDevice:Error: UE4Editor-CoreUObject.dll!0x000000008FED842E
[2017.03.08-14.09.33:858][841]LogOutputDevice:Error: UE4Editor-CoreUObject.dll!0x000000008FF21BC3
[2017.03.08-14.09.33:858][841]LogOutputDevice:Error: UE4Editor-CoreUObject.dll!0x000000008FEFBC72
[2017.03.08-14.09.33:858][841]LogOutputDevice:Error: UE4Editor-CoreUObject.dll!0x000000008FDA4C1A
[2017.03.08-14.09.33:858][841]LogOutputDevice:Error: UE4Editor-CoreUObject.dll!0x000000008FEFAFEB
[2017.03.08-14.09.33:858][841]LogOutputDevice:Error: UE4Editor-Engine.dll!0x0000000081F23922
[2017.03.08-14.09.33:858][841]LogOutputDevice:Error: UE4Editor-Engine.dll!0x00000000831B6EA7
[2017.03.08-14.09.33:858][841]LogOutputDevice:Error: UE4Editor-Engine.dll!0x0000000081EE2CDF
[2017.03.08-14.09.33:858][841]LogOutputDevice:Error: UE4Editor-Engine.dll!0x0000000081EEFE2B
[2017.03.08-14.09.33:858][841]LogOutputDevice:Error: UE4Editor-Engine.dll!0x0000000083024BE4
[2017.03.08-14.09.33:858][841]LogOutputDevice:Error: UE4Editor-Engine.dll!0x00000000825DEC81
[2017.03.08-14.09.33:858][841]LogOutputDevice:Error: UE4Editor-Engine.dll!0x00000000825F65C3
[2017.03.08-14.09.33:858][841]LogOutputDevice:Error: UE4Editor-Engine.dll!0x00000000825FB8A3
[2017.03.08-14.09.33:858][841]LogOutputDevice:Error: UE4Editor-Engine.dll!0x000000008301248E
[2017.03.08-14.09.33:858][841]LogOutputDevice:Error: UE4Editor-Engine.dll!0x0000000082F38F6D
[2017.03.08-14.09.33:858][841]LogOutputDevice:Error: UE4Editor-Engine.dll!0x0000000082EED43E
[2017.03.08-14.09.33:858][841]LogOutputDevice:Error: UE4Editor-Engine.dll!0x0000000082F5BC30
[2017.03.08-14.09.33:858][841]LogOutputDevice:Error: UE4Editor-UnrealEd.dll!0x000000008091637F
[2017.03.08-14.09.33:858][841]LogOutputDevice:Error: UE4Editor-UnrealEd.dll!0x0000000081121AD6
[2017.03.08-14.09.33:858][841]LogOutputDevice:Error: UE4Editor.exe!0x000000008FFCDEE3
[2017.03.08-14.09.33:858][841]LogOutputDevice:Error: UE4Editor.exe!0x000000008FFBEB40
[2017.03.08-14.09.33:858][841]LogOutputDevice:Error: UE4Editor.exe!0x000000008FFBEBBA
[2017.03.08-14.09.33:858][841]LogOutputDevice:Error: UE4Editor.exe!0x000000008FFD0A29
[2017.03.08-14.09.33:858][841]LogOutputDevice:Error: UE4Editor.exe!0x000000008FFD22B6
[2017.03.08-14.09.33:858][841]LogOutputDevice:Error: KERNEL32.DLL!0x00000000C55B8364
[2017.03.08-14.09.33:858][841]LogOutputDevice:Error: ntdll.dll!0x00000000C7E470D1
[2017.03.08-14.09.33:858][841]LogOutputDevice:Error: 
[2017.03.08-14.09.33:863][841]LogStats:                SubmitErrorReport -  0.000 s
