Log file open, 03/08/17 13:12:51
LogInit:Display: Running engine for game: Teapot_Multiplayer
LogPlatformFile: Not using cached read wrapper
LogInit:Display: RandInit(502500) SRandInit(502500).
LogTaskGraph: Started task graph with 5 named threads and 8 total threads with 1 sets of task threads.
LogStats: Stats thread started at 0.071213
LogInit: Using libcurl 7.47.1
LogInit:  - built for x86_64-pc-win32
LogInit:  - supports SSL with OpenSSL/1.0.2g
LogInit:  - supports HTTP deflate (compression) using libz 1.2.8
LogInit:  - other features:
LogInit:      CURL_VERSION_SSL
LogInit:      CURL_VERSION_LIBZ
LogInit:      CURL_VERSION_IPV6
LogInit:      CURL_VERSION_ASYNCHDNS
LogInit:      CURL_VERSION_LARGEFILE
LogInit:      CURL_VERSION_IDN
LogInit:  CurlRequestOptions (configurable via config and command line):
LogInit:  - bVerifyPeer = false  - Libcurl will NOT verify peer certificate
LogInit:  - bUseHttpProxy = false  - Libcurl will NOT use HTTP proxy
LogInit:  - bDontReuseConnections = false  - Libcurl will reuse connections
LogInit:  - CertBundlePath = nullptr  - Libcurl will use whatever was configured at build time.
LogInit: WinSock: version 1.1 (2.2), MaxSocks=32767, MaxUdp=65467
OCULUS: Info: [CAPI] LibOVR module is located at C:\Program Files\Oculus\Support\oculus-runtime\LibOVRRT64_1.dll
OCULUS: Debug: Connected to the server running version (prod = 1).1.12.0(build = 347531) feature version = 0. Client runs version (prod = 1).1.12.0(build = 347531) feature version = 0
OCULUS: Debug: [HMDState] Using default profile default
OCULUS: Info: IAD changed to 60.5mm
OCULUS: Debug: [SharedMemory] Creating factory
LogInit: Build: ++UE4+Release-4.15-CL-3299760
LogInit: Engine Version: 4.15.0-3299760+++UE4+Release-4.15
LogInit: Compatible Engine Version: 4.15.0-3299760+++UE4+Release-4.15
LogInit: Net CL: 3299760
LogDevObjectVersion: Number of dev versions registered: 14
LogDevObjectVersion:   Dev-Blueprints (B0D832E4-1F89-4F0D-ACCF-7EB736FD4AA2): 8
LogDevObjectVersion:   Dev-Build (E1C64328-A22C-4D53-A36C-8E866417BD8C): 0
LogDevObjectVersion:   Dev-Core (375EC13C-06E4-48FB-B500-84F0262A717E): 2
LogDevObjectVersion:   Dev-Editor (E4B068ED-F494-42E9-A231-DA0B2E46BB41): 14
LogDevObjectVersion:   Dev-Framework (CFFC743F-43B0-4480-9391-14DF171D2073): 22
LogDevObjectVersion:   Dev-Mobile (B02B49B5-BB20-44E9-A304-32B752E40360): 0
LogDevObjectVersion:   Dev-Networking (A4E4105C-59A1-49B5-A7C5-40C4547EDFEE): 0
LogDevObjectVersion:   Dev-Online (39C831C9-5AE6-47DC-9A44-9C173E1C8E7C): 0
LogDevObjectVersion:   Dev-Physics (78F01B33-EBEA-4F98-B9B4-84EACCB95AA2): 0
LogDevObjectVersion:   Dev-Platform (6631380F-2D4D-43E0-8009-CF276956A95A): 0
LogDevObjectVersion:   Dev-Rendering (12F88B9F-8875-4AFC-A67C-D90C383ABD29): 12
LogDevObjectVersion:   Dev-Sequencer (7B5AE74C-D270-4C10-A958-57980B212A5A): 3
LogDevObjectVersion:   Dev-VR (D7296918-1DD6-4BDD-9DE2-64A83CC13884): 0
LogDevObjectVersion:   Dev-LoadTimes (C2A15278-BFE7-4AFE-6C17-90FF531DF755): 1
LogInit: Compiled (64-bit): Feb 14 2017 02:04:14
LogInit: Compiled with Visual C++: 19.00.23026.00
LogInit: Build Configuration: Development
LogInit: Branch Name: ++UE4+Release-4.15
LogInit: Command line: -EpicPortal 
LogInit: Base directory: C:/Program Files/Epic Games/UE_4.15/Engine/Binaries/Win64/
LogInit: Installed Engine Build: 1
LogInit: Presizing for max 8388607 objects, including 0 objects not considered by GC, pre-allocating 0 bytes for permanent pool.
LogInit: Object subsystem initialized
[2017.03.08-12.12.52:628][  0]LogConsoleManager:Display: Setting the console variable 'r.RHICmdBypass' with 'SetByProjectSetting' was ignored as it is lower priority than the previous 'SetBySystemSettingsIni'. Value remains '1'
[2017.03.08-12.12.52:630][  0]LogInit: Selected Device Profile: [Windows]
[2017.03.08-12.12.52:630][  0]LogInit: Applying CVar settings loaded from the selected device profile: [Windows]
[2017.03.08-12.12.52:640][  0]LogInit: Computer: DESKTOP-RDBT9IJ
[2017.03.08-12.12.52:640][  0]LogInit: User: StudentVR
[2017.03.08-12.12.52:640][  0]LogInit: CPU Page size=65536, Cores=4
[2017.03.08-12.12.52:640][  0]LogInit: High frequency timer resolution =3.328121 MHz
[2017.03.08-12.12.52:640][  0]LogMemory: Memory total: Physical=15.9GB (16GB approx)
[2017.03.08-12.12.52:640][  0]LogMemory: Platform Memory Stats for Windows
[2017.03.08-12.12.52:640][  0]LogMemory: Process Physical Memory: 271.62 MB used, 271.62 MB peak
[2017.03.08-12.12.52:640][  0]LogMemory: Process Virtual Memory: 266.03 MB used, 266.03 MB peak
[2017.03.08-12.12.52:640][  0]LogMemory: Physical Memory: 4054.56 MB used,  12271.43 MB free, 16325.98 MB total
[2017.03.08-12.12.52:640][  0]LogMemory: Virtual Memory: 717.89 MB used,  12271.43 MB free, 134217728.00 MB total
[2017.03.08-12.12.52:706][  0]LogTextLocalizationManager: No translations for ('sv-SE') exist, falling back to 'en' for localization and internationalization data.
[2017.03.08-12.12.53:216][  0]LogD3D11RHI: D3D11 adapters:
[2017.03.08-12.12.53:234][  0]LogD3D11RHI:    0. 'NVIDIA GeForce GTX 1070' (Feature Level 11_0)
[2017.03.08-12.12.53:234][  0]LogD3D11RHI:       8145/0/8162 MB DedicatedVideo/DedicatedSystem/SharedSystem, Outputs:1, VendorId:0x10de
[2017.03.08-12.12.53:235][  0]LogD3D11RHI:    1. 'Microsoft Basic Render Driver' (Feature Level 11_0)
[2017.03.08-12.12.53:235][  0]LogD3D11RHI:       0/0/8162 MB DedicatedVideo/DedicatedSystem/SharedSystem, Outputs:0, VendorId:0x1414
[2017.03.08-12.12.53:235][  0]LogD3D11RHI: Chosen D3D11 Adapter: 0
[2017.03.08-12.12.53:238][  0]LogD3D11RHI: Creating new Direct3DDevice
[2017.03.08-12.12.53:238][  0]LogD3D11RHI:     GPU DeviceId: 0x1b81 (for the marketing name, search the web for "GPU Device Id")
[2017.03.08-12.12.53:238][  0]LogWindows: EnumDisplayDevices:
[2017.03.08-12.12.53:238][  0]LogWindows:    0. 'NVIDIA GeForce GTX 1070' (P:1 D:1)
[2017.03.08-12.12.53:238][  0]LogWindows:    1. 'NVIDIA GeForce GTX 1070' (P:0 D:0)
[2017.03.08-12.12.53:239][  0]LogWindows:    2. 'NVIDIA GeForce GTX 1070' (P:0 D:0)
[2017.03.08-12.12.53:239][  0]LogWindows:    3. 'NVIDIA GeForce GTX 1070' (P:0 D:0)
[2017.03.08-12.12.53:239][  0]LogWindows: DebugString: FoundDriverCount:4 
[2017.03.08-12.12.53:239][  0]LogD3D11RHI:     Adapter Name: NVIDIA GeForce GTX 1070
[2017.03.08-12.12.53:239][  0]LogD3D11RHI:   Driver Version: 376.53 (internal:21.21.13.7653, unified:376.53)
[2017.03.08-12.12.53:239][  0]LogD3D11RHI:      Driver Date: 12-29-2016
[2017.03.08-12.12.53:239][  0]LogRHI: Texture pool is 1361 MB (70% of 1945 MB)
[2017.03.08-12.12.53:251][  0]LogD3D11RHI: Async texture creation enabled
[2017.03.08-12.12.53:261][  0]LogD3D11RHI: GPU Timing Frequency: 1000.000000 (Debug: 2 1)
[2017.03.08-12.12.53:309][  0]LogShaderCompilers: Guid format shader working directory is -40 characters bigger than the processId version (../../../../../../Users/Student_VR/Documents/GitHub/Gambling-Teapot/Teapot_Multiplayer 4.15/Intermediate/Shaders/WorkingDirectory/2380/).
[2017.03.08-12.12.53:310][  0]LogShaderCompilers: Cleaned the shader compiler working directory 'C:/Users/Student_VR/AppData/Local/Temp/UnrealShaderWorkingDir/404D688747D11107491F35A3EF1753D6/'.
[2017.03.08-12.12.53:310][  0]LogShaderCompilers:Display: Using Local Shader Compiler.
[2017.03.08-12.12.54:152][  0]LogTemp:Display: Loaded TP AllDesktopTargetPlatform
[2017.03.08-12.12.54:196][  0]LogTemp:Display: Loaded TP MacClientTargetPlatform
[2017.03.08-12.12.54:241][  0]LogTemp:Display: Loaded TP MacNoEditorTargetPlatform
[2017.03.08-12.12.54:286][  0]LogTemp:Display: Loaded TP MacServerTargetPlatform
[2017.03.08-12.12.54:332][  0]LogTemp:Display: Loaded TP MacTargetPlatform
[2017.03.08-12.12.54:377][  0]LogTemp:Display: Loaded TP WindowsClientTargetPlatform
[2017.03.08-12.12.54:422][  0]LogTemp:Display: Loaded TP WindowsNoEditorTargetPlatform
[2017.03.08-12.12.54:468][  0]LogTemp:Display: Loaded TP WindowsServerTargetPlatform
[2017.03.08-12.12.54:505][  0]LogTemp:Display: Loaded TP WindowsTargetPlatform
[2017.03.08-12.12.54:549][  0]LogTemp:Display: Loaded TP AndroidTargetPlatform
[2017.03.08-12.12.54:593][  0]LogTemp:Display: Loaded TP Android_ASTCTargetPlatform
[2017.03.08-12.12.54:638][  0]LogTemp:Display: Loaded TP Android_ATCTargetPlatform
[2017.03.08-12.12.54:691][  0]LogTemp:Display: Loaded TP Android_DXTTargetPlatform
[2017.03.08-12.12.54:753][  0]LogTemp:Display: Loaded TP Android_ETC1TargetPlatform
[2017.03.08-12.12.54:812][  0]LogTemp:Display: Loaded TP Android_ETC2TargetPlatform
[2017.03.08-12.12.54:929][  0]LogTemp:Display: Loaded TP Android_MultiTargetPlatform
[2017.03.08-12.12.54:929][  0]LogTemp:Display: Loaded TP Android_PVRTCTargetPlatform
[2017.03.08-12.12.54:968][  0]LogTemp:Display: Loaded TP HTML5TargetPlatform
[2017.03.08-12.12.55:062][  0]LogTemp:Display: Loaded TP IOSTargetPlatform
[2017.03.08-12.12.55:094][  0]LogTemp:Display: Loaded TP TVOSTargetPlatform
[2017.03.08-12.12.55:141][  0]LogTemp:Display: Loaded TP LinuxClientTargetPlatform
[2017.03.08-12.12.55:185][  0]LogTemp:Display: Loaded TP LinuxNoEditorTargetPlatform
[2017.03.08-12.12.55:229][  0]LogTemp:Display: Loaded TP LinuxServerTargetPlatform
[2017.03.08-12.12.55:272][  0]LogTemp:Display: Loaded TP LinuxTargetPlatform
[2017.03.08-12.12.55:272][  0]LogTargetPlatformManager:Display: Building Assets For Windows
[2017.03.08-12.12.55:623][  0]LogDerivedDataCache:Display: Max Cache Size: 512 MB
[2017.03.08-12.12.55:674][  0]LogDerivedDataCache: Loaded boot cache 0.05s 61MB C:/Users/Student_VR/AppData/Local/UnrealEngine/4.15/DerivedDataCache/Boot.ddc.
[2017.03.08-12.12.55:674][  0]LogDerivedDataCache:Display: Loaded Boot cache: C:/Users/Student_VR/AppData/Local/UnrealEngine/4.15/DerivedDataCache/Boot.ddc
[2017.03.08-12.12.55:674][  0]LogDerivedDataCache: FDerivedDataBackendGraph:  Pak pak cache file ../../../../../../Users/Student_VR/Documents/GitHub/Gambling-Teapot/Teapot_Multiplayer 4.15/DerivedDataCache/DDC.ddp not found, will not use a pak cache.
[2017.03.08-12.12.55:674][  0]LogDerivedDataCache: Unable to find inner node Pak for hierarchical cache Hierarchy.
[2017.03.08-12.12.55:674][  0]LogDerivedDataCache: FDerivedDataBackendGraph:  CompressedPak pak cache file ../../../../../../Users/Student_VR/Documents/GitHub/Gambling-Teapot/Teapot_Multiplayer 4.15/DerivedDataCache/Compressed.ddp not found, will not use a pak cache.
[2017.03.08-12.12.55:674][  0]LogDerivedDataCache: Unable to find inner node CompressedPak for hierarchical cache Hierarchy.
[2017.03.08-12.12.55:692][  0]LogDerivedDataCache:Display: Pak cache opened for reading ../../../Engine/DerivedDataCache/Compressed.ddp.
[2017.03.08-12.12.55:704][  0]LogDerivedDataCache: Using Local data cache path C:/Users/Student_VR/AppData/Local/UnrealEngine/Common/DerivedDataCache: Writable
[2017.03.08-12.12.55:712][  0]LogSlate: Using Freetype 2.6.0
[2017.03.08-12.12.55:713][  0]LogSlate: SlateFontCache - WITH_FREETYPE: 1, WITH_HARFBUZZ: 1
[2017.03.08-12.12.55:713][  0]LogSlate: SlateFontCache - WITH_FREETYPE: 1, WITH_HARFBUZZ: 1
[2017.03.08-12.12.55:970][  0]LogInit: Selected Device Profile: [Windows]
[2017.03.08-12.12.55:973][  0]LogContentStreaming: Texture pool size is 0.00 MB
[2017.03.08-12.12.56:169][  0]LogMeshUtilities: Using QuadricMeshReduction for automatic static mesh reduction
[2017.03.08-12.12.56:207][  0]LogSimplygon: Simplygon DLL not present - disabling.
[2017.03.08-12.12.56:244][  0]LogMeshUtilities: Using SimplygonSwarm for distributed automatic mesh merging
[2017.03.08-12.12.56:244][  0]LogMeshUtilities: No automatic skeletal mesh reduction module available
[2017.03.08-12.12.56:244][  0]LogMeshUtilities: No automatic mesh merging module available
[2017.03.08-12.12.56:679][  0]LogNetVersion: GetLocalNetworkVersion: CL: 3299760, ProjectName: teapot_multiplayer, ProjectVersion: , EngineNetworkVersion: 2, GameNetworkVersion: 0, NetworkChecksum: 1232477341
[2017.03.08-12.12.56:721][  0]LogAssetRegistry: FAssetRegistry took 0.0213 seconds to start up
[2017.03.08-12.12.56:762][  0]LogPackageLocalizationCache: Processed 3 localized package path(s) for 1 prioritized culture(s) in 0.020435 seconds
[2017.03.08-12.12.56:766][  0]LogUObjectArray: 32475 objects as part of root set at end of initial load.
[2017.03.08-12.12.56:766][  0]LogUObjectAllocator: 7073368 out of 0 bytes used by permanent object pool.
[2017.03.08-12.12.56:766][  0]LogUObjectArray: CloseDisregardForGC: 0/0 objects in disregard for GC pool
[2017.03.08-12.12.58:145][  0]LogTcpMessaging: Initializing TcpMessaging bridge
[2017.03.08-12.12.58:178][  0]LogUdpMessaging: Initializing bridge on interface 0.0.0.0:0 to multicast group 230.0.0.1:6666.
[2017.03.08-12.12.58:552][  0]LogMaterial: Uniform references updated for custom material expression Custom.
[2017.03.08-12.12.58:852][  0]SourceControl: Info Source control is disabled
[2017.03.08-12.12.58:881][  0]SourceControl: Info Source control is disabled
[2017.03.08-12.12.58:917][  0]SourceControl: Info Source control is disabled
[2017.03.08-12.12.58:953][  0]SourceControl: Info Source control is disabled
[2017.03.08-12.12.59:477][  0]LogOnline:Display: STEAM: Loading Steam SDK 1.32
[2017.03.08-12.12.59:941][  0]LogEngine: Initializing Engine...
[2017.03.08-12.12.59:941][  0]LogHMD: Oculus plugin initialized. Version: 4.15.0-3299760+++UE4+Release-4.15, LibOVR: 1.12.0, SDK: 1.10.0, built Feb 14 2017, 02:10:09
[2017.03.08-12.13.00:038][  0]OCULUS: Debug: [HMDState] Using default profile default
[2017.03.08-12.13.00:038][  0]OCULUS: Info: IAD changed to 60.5mm
[2017.03.08-12.13.00:138][  0]LogAIModule: Creating AISystem for world Untitled
[2017.03.08-12.13.00:145][  0]LogInit: XAudio2 using 'Headphones (Rift Audio)' : 2 channels at 48 kHz using 16 bits per sample (channel mask 0x3)
[2017.03.08-12.13.00:152][  0]LogInit: FAudioDevice initialized.
[2017.03.08-12.13.00:179][  0]LogDerivedDataCache: Saved boot cache 0.03s 61MB C:/Users/Student_VR/AppData/Local/UnrealEngine/4.15/DerivedDataCache/Boot.ddc.
[2017.03.08-12.13.00:182][  0]LogInit: Texture streaming: Enabled
[2017.03.08-12.13.00:257][  0]LogEngineSessionManager: EngineSessionManager initialized
[2017.03.08-12.13.00:328][  0]LogInit: Transaction tracking system initialized
[2017.03.08-12.13.00:607][  0]BlueprintLog: New page: Editor Load
[2017.03.08-12.13.01:409][  0]LocalizationService: Info Localization service is disabled
[2017.03.08-12.13.01:930][  0]LogConsoleResponse:Display: 
[2017.03.08-12.13.02:039][  0]LogCook:Display: Max memory allowance for cook 16384mb min free memory 0mb
[2017.03.08-12.13.02:039][  0]LogCook:Display: Mobile HDR setting 1
[2017.03.08-12.13.02:522][  0]LogFileCache: Scanning file cache for directory 'C:/Users/Student_VR/Documents/GitHub/Gambling-Teapot/Teapot_Multiplayer 4.15/Content/' took 0.01s
[2017.03.08-12.13.02:831][  0]SourceControl: Info Source control is disabled
[2017.03.08-12.13.02:831][  0]LightingResults: New page: Lighting Build
[2017.03.08-12.13.02:863][  0]MapCheck: New page: Map Check
[2017.03.08-12.13.02:863][  0]LightingResults: New page: Lighting Build
[2017.03.08-12.13.03:350][  0]LogClass:Warning: Enum '/Game/Teapot_Content/Blueprints/Teapot_GripEnum.Teapot_GripEnum' was upgraded to use FText to store its display name data. Please re-save this asset to avoid issues with localization and determinstic cooking.
[2017.03.08-12.13.03:543][  0]LogClass:Warning: Enum '/Game/Teapot_Content/Blueprints/Teapot_GameState_Enum.Teapot_GameState_Enum' was upgraded to use FText to store its display name data. Please re-save this asset to avoid issues with localization and determinstic cooking.
[2017.03.08-12.13.03:575][  0]LogAIModule: Creating AISystem for world Teapot_Level_Lobby
[2017.03.08-12.13.03:578][  0]LogEditorServer: Finished looking for orphan Actors (0.000 secs)
[2017.03.08-12.13.03:579][  0]Cmd: MAP CHECKDEP NOCLEARLOG
[2017.03.08-12.13.03:609][  0]MapCheck: Info Map check complete: 0 Error(s), 0 Warning(s), took 29.671ms to complete.
[2017.03.08-12.13.03:609][  0]LogFileHelpers: Loading map 'Teapot_Level_Lobby' took 0.778
[2017.03.08-12.13.03:660][  0]LogWindowsTextInputMethodSystem:Display: IME system now deactivated.
[2017.03.08-12.13.03:788][  0]LogCollectionManager: Loaded 0 collections in 0.001003 seconds
[2017.03.08-12.13.03:884][  0]LogFileCache: Scanning file cache for directory 'C:/Users/Student_VR/Documents/GitHub/Gambling-Teapot/Teapot_Multiplayer 4.15/Saved/Collections/' took 0.01s
[2017.03.08-12.13.03:884][  0]LogFileCache: Scanning file cache for directory 'C:/Users/Student_VR/Documents/GitHub/Gambling-Teapot/Teapot_Multiplayer 4.15/Content/Developers/StudentVR/Collections/' took 0.01s
[2017.03.08-12.13.03:884][  0]LogFileCache: Scanning file cache for directory 'C:/Users/Student_VR/Documents/GitHub/Gambling-Teapot/Teapot_Multiplayer 4.15/Content/Collections/' took 0.01s
[2017.03.08-12.13.03:884][  0]LogCollectionManager: Rebuilt the GUID cache for 0 collections in 0.000002 seconds
[2017.03.08-12.13.03:895][  0]LogContentBrowser: Native class hierarchy populated in 0.0083 seconds. Added 2246 classes and 453 folders.
[2017.03.08-12.13.03:903][  0]LogStats: UGameplayTagsManager::ConstructGameplayTagTree: Construct from data asset -  0.000 s
[2017.03.08-12.13.03:903][  0]LogStats: UGameplayTagsManager::ConstructGameplayTagTree: GameplayTagTreeChangedEvent.Broadcast -  0.000 s
[2017.03.08-12.13.03:955][  0]LogContentBrowser: Native class hierarchy updated for 'WidgetCarousel' in 0.0004 seconds. Added 0 classes and 0 folders.
[2017.03.08-12.13.04:149][  0]LogContentBrowser: Native class hierarchy updated for 'AddContentDialog' in 0.0004 seconds. Added 0 classes and 0 folders.
[2017.03.08-12.13.04:197][  0]LogContentBrowser: Native class hierarchy updated for 'SceneOutliner' in 0.0004 seconds. Added 1 classes and 2 folders.
[2017.03.08-12.13.04:390][  0]LogCrashTracker: Crashtracker disabled due to settings.
[2017.03.08-12.13.04:402][  0]LogUObjectGlobals:Warning: Failed to find object 'Class None.'
[2017.03.08-12.13.04:460][  0]LogContentBrowser: Native class hierarchy updated for 'HierarchicalLODOutliner' in 0.0005 seconds. Added 1 classes and 2 folders.
[2017.03.08-12.13.04:460][  0]LogLoad: (Engine Initialization) Total time: 17.62 seconds
[2017.03.08-12.13.04:460][  0]LogLoad: (Engine Initialization) Total Blueprint compile time: 0.32 seconds
[2017.03.08-12.13.04:460][  0]LogExternalProfiler: Found external profiler: VSPerf
[2017.03.08-12.13.04:460][  0]LogExternalProfiler: Using external profiler: VSPerf
[2017.03.08-12.13.04:470][  0]LogOcInput: OculusInput pre-init called
[2017.03.08-12.13.04:481][  0]LogOcInput: OculusInput is initialized. Init status 0. Runtime version: 1.12.0
[2017.03.08-12.13.04:503][  0]LogContentStreaming: Texture pool size now 1000 MB
[2017.03.08-12.13.04:504][  0]LogSlate: Took 0.000247 seconds to synchronously load lazily loaded font '../../../Engine/Content/Slate/Fonts/Roboto-Regular.ttf' (155K)
[2017.03.08-12.13.04:507][  0]LogSlate: Took 0.000204 seconds to synchronously load lazily loaded font '../../../Engine/Content/Slate/Fonts/Roboto-Bold.ttf' (160K)
[2017.03.08-12.13.04:515][  0]LogSlate: Took 0.001970 seconds to synchronously load lazily loaded font '../../../Engine/Content/Editor/Slate/Fonts/FontAwesome.ttf' (139K)
[2017.03.08-12.13.04:635][  0]LogSlate: Took 0.001542 seconds to synchronously load lazily loaded font '../../../Engine/Content/Slate/Fonts/Roboto-Light.ttf' (159K)
[2017.03.08-12.13.04:678][  0]LogRenderer: Reallocating scene render targets to support 1208x652 NumSamples 1 (Frame:2).
[2017.03.08-12.13.04:737][  1]LogAssetRegistry: Asset discovery search completed in 8.0376 seconds
[2017.03.08-12.13.04:737][  1]LogCollectionManager: Rebuilt the object cache for 0 collections in 0.000004 seconds (found 0 objects)
[2017.03.08-12.13.04:737][  1]LogCollectionManager: Fixed up redirectors for 0 collections in 0.000018 seconds (updated 0 objects)
[2017.03.08-12.13.32:080][273]LogSlate: Took 0.000174 seconds to synchronously load lazily loaded font '../../../Engine/Content/Slate/Fonts/Roboto-Light.ttf' (159K)
[2017.03.08-12.13.32:145][273]LogAIModule: Creating AISystem for world Teapot_Level_Test2
[2017.03.08-12.13.32:173][273]LightingResults: New page: Lighting Build
[2017.03.08-12.13.32:174][273]LoadErrors: New page: Loading map: Teapot_Level_Test2.umap
[2017.03.08-12.13.32:174][273]MapCheck: New page: Map Check
[2017.03.08-12.13.32:174][273]LightingResults: New page: Lighting Build
[2017.03.08-12.13.32:241][273]LogEditorServer: Finished looking for orphan Actors (0.000 secs)
[2017.03.08-12.13.32:258][273]Cmd: MAP CHECKDEP NOCLEARLOG
[2017.03.08-12.13.32:290][273]MapCheck: Info Map check complete: 0 Error(s), 0 Warning(s), took 31.733ms to complete.
[2017.03.08-12.13.32:290][273]LogFileHelpers: Loading map 'Teapot_Level_Test2' took 0.117
[2017.03.08-12.13.41:257][343]LogAIModule: Creating AISystem for world Teapot_Level_Test1
[2017.03.08-12.13.41:273][343]LightingResults: New page: Lighting Build
[2017.03.08-12.13.41:274][343]LoadErrors: New page: Loading map: Teapot_Level_Test1.umap
[2017.03.08-12.13.41:274][343]MapCheck: New page: Map Check
[2017.03.08-12.13.41:274][343]LightingResults: New page: Lighting Build
[2017.03.08-12.13.41:352][343]LogEditorServer: Finished looking for orphan Actors (0.000 secs)
[2017.03.08-12.13.41:369][343]Cmd: MAP CHECKDEP NOCLEARLOG
[2017.03.08-12.13.41:403][343]MapCheck: Info Map check complete: 0 Error(s), 0 Warning(s), took 33.791ms to complete.
[2017.03.08-12.13.41:403][343]LogFileHelpers: Loading map 'Teapot_Level_Test1' took 0.131
[2017.03.08-12.13.42:899][517]LogAIModule: Creating AISystem for world Teapot_Level_Test2
[2017.03.08-12.13.42:913][517]LightingResults: New page: Lighting Build
[2017.03.08-12.13.42:914][517]LoadErrors: New page: Loading map: Teapot_Level_Test2.umap
[2017.03.08-12.13.42:915][517]MapCheck: New page: Map Check
[2017.03.08-12.13.42:915][517]LightingResults: New page: Lighting Build
[2017.03.08-12.13.43:006][517]LogEditorServer: Finished looking for orphan Actors (0.000 secs)
[2017.03.08-12.13.43:023][517]Cmd: MAP CHECKDEP NOCLEARLOG
[2017.03.08-12.13.43:053][517]MapCheck: Info Map check complete: 0 Error(s), 0 Warning(s), took 29.778ms to complete.
[2017.03.08-12.13.43:053][517]LogFileHelpers: Loading map 'Teapot_Level_Test2' took 0.141
[2017.03.08-12.14.06:102][277]LogEditorViewport: Clicking on Actor (LMB): Teapot_Tile_C (Teapot_Tile5)
[2017.03.08-12.14.20:804][ 24]Cmd: DELETE
[2017.03.08-12.14.20:804][ 24]Cmd: ACTOR DELETE
[2017.03.08-12.14.20:808][ 24]LogEditorActor: Deleted Actor: Brush
[2017.03.08-12.14.20:824][ 24]LogEditorActor: Deleted 1 Actors (0.018 secs)
[2017.03.08-12.14.22:862][262]LogEditorViewport: Clicking on Actor (LMB): Teapot_PickupCube_C (Teapot_PickupCube)
[2017.03.08-12.14.23:783][361]Cmd: DELETE
[2017.03.08-12.14.23:783][361]Cmd: ACTOR DELETE
[2017.03.08-12.14.23:784][361]LogEditorActor: Deleted Actor: Teapot_PickupCube_C
[2017.03.08-12.14.23:791][361]LogEditorActor: Deleted 1 Actors (0.008 secs)
[2017.03.08-12.14.24:681][468]LogEditorViewport: Clicking on Actor (LMB): BP_PickupCube_C (BP_PickupCube)
[2017.03.08-12.14.25:080][510]Cmd: DELETE
[2017.03.08-12.14.25:080][510]Cmd: ACTOR DELETE
[2017.03.08-12.14.25:080][510]LogEditorActor: Deleted Actor: BP_PickupCube_C
[2017.03.08-12.14.25:089][510]LogEditorActor: Deleted 1 Actors (0.009 secs)
[2017.03.08-12.14.30:599][171]LogEditorViewport: Clicking on Actor (LMB): Teapot_Tile_C (Teapot_Tile5)
[2017.03.08-12.14.41:624][476]LogEditorViewport: Clicking on Actor (LMB): Teapot_Tile_C (Teapot_Tile6)
[2017.03.08-12.14.46:146][  6]LogEditorViewport: Clicking on Actor (LMB): Teapot_Tile_C (Teapot_Tile7)
[2017.03.08-12.14.56:557][233]LogEditorViewport: Clicking on Actor (LMB): Teapot_Tile_C (Teapot_Tile8)
[2017.03.08-12.15.03:867][ 90]LogEditorViewport: Clicking on Actor (LMB): Teapot_Tile_C (Teapot_Tile9)
[2017.03.08-12.15.13:112][179]LogEditorViewport: Clicking on Actor (LMB): Teapot_Tile_C (Teapot_Tile5)
[2017.03.08-12.15.20:294][ 33]LogEditorViewport: Clicking on Actor (LMB): Teapot_Tile_C (Teapot_Tile6)
[2017.03.08-12.15.30:930][299]LogEditorViewport: Clicking on Actor (LMB): Teapot_Tile_C (Teapot_Tile3)
[2017.03.08-12.15.35:957][895]LogEditorViewport: Clicking on Actor (LMB): Teapot_Tile_C (Teapot_Tile8)
[2017.03.08-12.15.54:558][109]LogSlate: Took 0.002241 seconds to synchronously load lazily loaded font '../../../Engine/Content/Editor/Slate/Fonts/Roboto-Italic.ttf' (157K)
[2017.03.08-12.15.59:884][746]LogEditorViewport: Clicking on Actor (LMB): Teapot_Tile_C (Teapot_Tile7)
[2017.03.08-12.16.13:531][371]LogEditorViewport: Clicking on Actor (LMB): Teapot_Tile_C (Teapot_Tile9)
[2017.03.08-12.16.34:066][807]LogEditorViewport: Clicking on Actor (LMB): Teapot_Tile_C (Teapot_Tile9)
[2017.03.08-12.19.10:788][525]LogEditorViewport: Clicking on Actor (LMB): NavMeshBoundsVolume (NavMeshBoundsVolume)
[2017.03.08-12.19.13:883][889]LogEditorViewport: Clicking Background
[2017.03.08-12.19.40:853][113]LogEditorViewport: Clicking Background
[2017.03.08-12.19.55:441][852]Cmd: BRUSH ADD SELECTNEWBRUSH
[2017.03.08-12.21.30:973][182]LogAIModule: Creating AISystem for world Teapot_Level_Lobby
[2017.03.08-12.21.32:813][182]LogSavePackage: Save=109.23ms
[2017.03.08-12.21.32:813][182]LogSavePackage: Moving '../../../../../../Users/Student_VR/Documents/GitHub/Gambling-Teapot/Teapot_Multiplayer 4.15/Saved/Teapot_Level_Test23B8CBDA947506B9847E9E9B79C458C80.tmp' to '../../../../../../Users/Student_VR/Documents/GitHub/Gambling-Teapot/Teapot_Multiplayer 4.15/Content/Teapot_Content/Maps/Teapot_Level_Test2.umap'
[2017.03.08-12.21.32:819][182]LogSavePackage:Display: Finished SavePackage ../../../../../../Users/Student_VR/Documents/GitHub/Gambling-Teapot/Teapot_Multiplayer 4.15/Content/Teapot_Content/Maps/Teapot_Level_Test2.umap
[2017.03.08-12.21.32:847][182]LogFileHelpers: Saving map 'Teapot_Level_Test2' took 0.203
[2017.03.08-12.21.32:849][182]LightingResults: New page: Lighting Build
[2017.03.08-12.21.32:850][182]LoadErrors: New page: Loading map: Teapot_Level_Lobby.umap
[2017.03.08-12.21.32:852][182]MapCheck: New page: Map Check
[2017.03.08-12.21.32:852][182]LightingResults: New page: Lighting Build
[2017.03.08-12.21.32:956][182]LogEditorServer: Finished looking for orphan Actors (0.000 secs)
[2017.03.08-12.21.32:973][182]Cmd: MAP CHECKDEP NOCLEARLOG
[2017.03.08-12.21.33:004][182]MapCheck: Info Map check complete: 0 Error(s), 0 Warning(s), took 31.637ms to complete.
[2017.03.08-12.21.33:004][182]LogFileHelpers: Loading map 'Teapot_Level_Lobby' took 0.157
[2017.03.08-12.21.33:005][182]LogSlate: Took 0.000191 seconds to synchronously load lazily loaded font '../../../Engine/Content/Slate/Fonts/Roboto-Regular.ttf' (155K)
[2017.03.08-12.21.33:960][293]LogTemp: Repeting last play command: VR Preview
[2017.03.08-12.21.33:968][293]LogBlueprintUserMessages: Early PlayInEditor Detection: Level '/Game/Teapot_Content/Maps/Teapot_Level_Lobby.Teapot_Level_Lobby:PersistentLevel' has LevelScriptBlueprint '/Game/Teapot_Content/Maps/Teapot_Level_Lobby.Teapot_Level_Lobby:PersistentLevel.Teapot_Level_Lobby' with GeneratedClass '/Game/Teapot_Content/Maps/Teapot_Level_Lobby.Teapot_Level_Lobby_C' with ClassGeneratedBy '/Game/Teapot_Content/Maps/Teapot_Level_Lobby.Teapot_Level_Lobby:PersistentLevel.Teapot_Level_Lobby'
[2017.03.08-12.21.33:968][293]LogPlayLevel: PlayLevel: No blueprints needed recompiling
[2017.03.08-12.21.33:976][293]OCULUS: Debug: [HMDState] Using default profile default
[2017.03.08-12.21.33:976][293]OCULUS: Info: IAD changed to 60.5mm
[2017.03.08-12.21.33:976][293]LogHMD: New ovr session is created
[2017.03.08-12.21.33:976][293]LogHMD: HMD Oculus Rift CV1, res = 2160 x 1200
[2017.03.08-12.21.33:977][293]LogOnline:Display: OSS: FOnlineSubsystemNull::Shutdown()
[2017.03.08-12.21.33:990][293]PIE: New page: PIE session: Teapot_Level_Lobby (Mar 8, 2017, 2:21:33 PM)
[2017.03.08-12.21.33:991][293]LogPlayLevel: Creating play world package: /Game/Teapot_Content/Maps/UEDPIE_0_Teapot_Level_Lobby
[2017.03.08-12.21.33:993][293]LogPlayLevel: PIE: StaticDuplicateObject took: (0.002434s)
[2017.03.08-12.21.33:994][293]LogAIModule: Creating AISystem for world Teapot_Level_Lobby
[2017.03.08-12.21.33:994][293]LogPlayLevel: PIE: World Init took: (0.000662s)
[2017.03.08-12.21.33:994][293]LogPlayLevel: PIE: Created PIE world by copying editor world from /Game/Teapot_Content/Maps/Teapot_Level_Lobby.Teapot_Level_Lobby to /Game/Teapot_Content/Maps/UEDPIE_0_Teapot_Level_Lobby.Teapot_Level_Lobby (0.003647s)
[2017.03.08-12.21.34:005][293]LogHMD: Vision Tracking Acquired
[2017.03.08-12.21.34:008][293]LogInit: XAudio2 using 'Headphones (Rift Audio)' : 2 channels at 48 kHz using 16 bits per sample (channel mask 0x3)
[2017.03.08-12.21.34:015][293]LogInit: FAudioDevice initialized.
[2017.03.08-12.21.34:042][293]LogStats:Warning: MetaData mismatch. Did you assign a stat to two groups? New //STATGROUP_Threads//OnlineAsyncTaskThreadNull DefaultInstance///Thread_f8_0///####STATCAT_Advanced#### old //STATGROUP_Threads//OnlineAsyncTaskThreadNull DefaultInstance///Thread_1d4c_0///####STATCAT_Advanced####
[2017.03.08-12.21.34:107][293]LogLoad: Game class is 'Teapot_GameMode_C'
[2017.03.08-12.21.34:111][293]LogWorld: Bringing World /Game/Teapot_Content/Maps/UEDPIE_0_Teapot_Level_Lobby.Teapot_Level_Lobby up for play (max tick rate 0) at 2017.03.08-13.21.34
[2017.03.08-12.21.34:112][293]LogWorld: Bringing up level for play took: 0.001745
[2017.03.08-12.21.34:179][293]LogContentBrowser: Native class hierarchy updated for 'MovieSceneCapture' in 0.0006 seconds. Added 11 classes and 0 folders.
[2017.03.08-12.21.34:180][293]LogBlueprintUserMessages: [Teapot_GameMode_C_0] OnPostLogin
[2017.03.08-12.21.34:181][293]LogGameMode:Display: Match State Changed from EnteringMap to WaitingToStart
[2017.03.08-12.21.34:181][293]LogGameState: Match State Changed from EnteringMap to WaitingToStart
[2017.03.08-12.21.34:181][293]LogGameMode:Display: Match State Changed from WaitingToStart to InProgress
[2017.03.08-12.21.34:181][293]LogGameState: Match State Changed from WaitingToStart to InProgress
[2017.03.08-12.21.34:187][293]PIE: Info Play in editor start time for /Game/Teapot_Content/Maps/UEDPIE_0_Teapot_Level_Lobby 0.072
[2017.03.08-12.21.34:187][293]LogBlueprintUserMessages: Late PlayInEditor Detection: Level '/Game/Teapot_Content/Maps/Teapot_Level_Lobby.Teapot_Level_Lobby:PersistentLevel' has LevelScriptBlueprint '/Game/Teapot_Content/Maps/Teapot_Level_Lobby.Teapot_Level_Lobby:PersistentLevel.Teapot_Level_Lobby' with GeneratedClass '/Game/Teapot_Content/Maps/Teapot_Level_Lobby.Teapot_Level_Lobby_C' with ClassGeneratedBy '/Game/Teapot_Content/Maps/Teapot_Level_Lobby.Teapot_Level_Lobby:PersistentLevel.Teapot_Level_Lobby'
[2017.03.08-12.21.34:194][293]LogHMD: Reallocation of eye buffer was requested
[2017.03.08-12.21.34:197][293]LogHMD: Allocated a new swap texture set (size 2720 x 1600, mipcount = 1), 0x00000214A9E7A100
[2017.03.08-12.21.34:222][293]LogHMD: Orientation wasn't applied to a camera in frame 3
[2017.03.08-12.21.34:222][293]LogHMD: Orientation wasn't applied to a camera in frame 3
[2017.03.08-12.21.34:225][293]LogHMD: Allocated a new mirror texture (size 1280 x 720)
[2017.03.08-12.21.34:225][293]LogRenderer: Reallocating scene render targets to support 2720x1600 NumSamples 1 (Frame:59845).
[2017.03.08-12.21.34:225][293]LogHMD: Orientation wasn't applied to a camera in frame 3
[2017.03.08-12.21.34:252][294]LogHMD: Orientation wasn't applied to a camera in frame 4
[2017.03.08-12.21.34:253][294]LogHMD: Orientation wasn't applied to a camera in frame 4
[2017.03.08-12.21.34:255][294]LogHMD: Orientation wasn't applied to a camera in frame 4
[2017.03.08-12.21.34:255][295]LogHMD: Orientation wasn't applied to a camera in frame 5
[2017.03.08-12.21.34:256][295]LogHMD: Orientation wasn't applied to a camera in frame 5
[2017.03.08-12.21.34:258][295]LogHMD: Orientation wasn't applied to a camera in frame 5
[2017.03.08-12.21.34:264][296]LogHMD: Orientation wasn't applied to a camera in frame 6
[2017.03.08-12.21.34:264][296]LogHMD: Orientation wasn't applied to a camera in frame 6
[2017.03.08-12.21.34:266][296]LogHMD: Orientation wasn't applied to a camera in frame 6
[2017.03.08-12.21.34:272][297]LogHMD: Orientation wasn't applied to a camera in frame 7
[2017.03.08-12.21.34:272][297]LogHMD: Orientation wasn't applied to a camera in frame 7
[2017.03.08-12.21.34:274][297]LogHMD: Orientation wasn't applied to a camera in frame 7
[2017.03.08-12.21.34:280][298]LogHMD: Orientation wasn't applied to a camera in frame 8
[2017.03.08-12.21.34:280][298]LogHMD: Orientation wasn't applied to a camera in frame 8
[2017.03.08-12.21.34:281][298]LogHMD: Orientation wasn't applied to a camera in frame 8
[2017.03.08-12.21.34:287][299]LogHMD: Orientation wasn't applied to a camera in frame 9
[2017.03.08-12.21.34:287][299]LogHMD: Orientation wasn't applied to a camera in frame 9
[2017.03.08-12.21.34:289][299]LogHMD: Orientation wasn't applied to a camera in frame 9
[2017.03.08-12.21.34:295][300]LogHMD: Orientation wasn't applied to a camera in frame 10
[2017.03.08-12.21.34:295][300]LogHMD: Orientation wasn't applied to a camera in frame 10
[2017.03.08-12.21.34:297][300]LogHMD: Orientation wasn't applied to a camera in frame 10
[2017.03.08-12.21.34:303][301]LogHMD: Orientation wasn't applied to a camera in frame 11
[2017.03.08-12.21.34:303][301]LogHMD: Orientation wasn't applied to a camera in frame 11
[2017.03.08-12.21.34:304][301]LogHMD: Orientation wasn't applied to a camera in frame 11
[2017.03.08-12.21.34:311][302]LogHMD: Orientation wasn't applied to a camera in frame 12
[2017.03.08-12.21.34:311][302]LogHMD: Orientation wasn't applied to a camera in frame 12
[2017.03.08-12.21.34:312][302]LogHMD: Orientation wasn't applied to a camera in frame 12
[2017.03.08-12.21.34:318][303]LogHMD: Orientation wasn't applied to a camera in frame 13
[2017.03.08-12.21.34:318][303]LogHMD: Orientation wasn't applied to a camera in frame 13
[2017.03.08-12.21.34:319][303]LogHMD: Orientation wasn't applied to a camera in frame 13
[2017.03.08-12.21.34:326][304]LogHMD: Orientation wasn't applied to a camera in frame 14
[2017.03.08-12.21.34:326][304]LogHMD: Orientation wasn't applied to a camera in frame 14
[2017.03.08-12.21.34:327][304]LogHMD: Orientation wasn't applied to a camera in frame 14
[2017.03.08-12.21.34:334][305]LogHMD: Orientation wasn't applied to a camera in frame 15
[2017.03.08-12.21.34:334][305]LogHMD: Orientation wasn't applied to a camera in frame 15
[2017.03.08-12.21.34:335][305]LogHMD: Orientation wasn't applied to a camera in frame 15
[2017.03.08-12.21.34:341][306]LogHMD: Orientation wasn't applied to a camera in frame 16
[2017.03.08-12.21.34:341][306]LogHMD: Orientation wasn't applied to a camera in frame 16
[2017.03.08-12.21.34:342][306]LogHMD: Orientation wasn't applied to a camera in frame 16
[2017.03.08-12.21.34:349][307]LogHMD: Orientation wasn't applied to a camera in frame 17
[2017.03.08-12.21.34:349][307]LogHMD: Orientation wasn't applied to a camera in frame 17
[2017.03.08-12.21.34:350][307]LogHMD: Orientation wasn't applied to a camera in frame 17
[2017.03.08-12.21.34:357][308]LogHMD: Orientation wasn't applied to a camera in frame 18
[2017.03.08-12.21.34:357][308]LogHMD: Orientation wasn't applied to a camera in frame 18
[2017.03.08-12.21.34:358][308]LogHMD: Orientation wasn't applied to a camera in frame 18
[2017.03.08-12.21.34:364][309]LogHMD: Orientation wasn't applied to a camera in frame 19
[2017.03.08-12.21.34:364][309]LogHMD: Orientation wasn't applied to a camera in frame 19
[2017.03.08-12.21.34:366][309]LogHMD: Orientation wasn't applied to a camera in frame 19
[2017.03.08-12.21.34:373][310]LogHMD: Orientation wasn't applied to a camera in frame 20
[2017.03.08-12.21.34:373][310]LogHMD: Orientation wasn't applied to a camera in frame 20
[2017.03.08-12.21.34:374][310]LogHMD: Orientation wasn't applied to a camera in frame 20
[2017.03.08-12.21.34:381][311]LogHMD: Orientation wasn't applied to a camera in frame 21
[2017.03.08-12.21.34:381][311]LogHMD: Orientation wasn't applied to a camera in frame 21
[2017.03.08-12.21.34:382][311]LogHMD: Orientation wasn't applied to a camera in frame 21
[2017.03.08-12.21.34:389][312]LogHMD: Orientation wasn't applied to a camera in frame 22
[2017.03.08-12.21.34:389][312]LogHMD: Orientation wasn't applied to a camera in frame 22
[2017.03.08-12.21.34:390][312]LogHMD: Orientation wasn't applied to a camera in frame 22
[2017.03.08-12.21.34:396][313]LogHMD: Orientation wasn't applied to a camera in frame 23
[2017.03.08-12.21.34:396][313]LogHMD: Orientation wasn't applied to a camera in frame 23
[2017.03.08-12.21.34:397][313]LogHMD: Orientation wasn't applied to a camera in frame 23
[2017.03.08-12.21.34:404][314]LogHMD: Orientation wasn't applied to a camera in frame 24
[2017.03.08-12.21.34:404][314]LogHMD: Orientation wasn't applied to a camera in frame 24
[2017.03.08-12.21.34:405][314]LogHMD: Orientation wasn't applied to a camera in frame 24
[2017.03.08-12.21.34:411][315]LogHMD: Orientation wasn't applied to a camera in frame 25
[2017.03.08-12.21.34:411][315]LogHMD: Orientation wasn't applied to a camera in frame 25
[2017.03.08-12.21.34:412][315]LogHMD: Orientation wasn't applied to a camera in frame 25
[2017.03.08-12.21.34:419][316]LogHMD: Orientation wasn't applied to a camera in frame 26
[2017.03.08-12.21.34:419][316]LogHMD: Orientation wasn't applied to a camera in frame 26
[2017.03.08-12.21.34:420][316]LogHMD: Orientation wasn't applied to a camera in frame 26
[2017.03.08-12.21.34:426][317]LogHMD: Orientation wasn't applied to a camera in frame 27
[2017.03.08-12.21.34:426][317]LogHMD: Orientation wasn't applied to a camera in frame 27
[2017.03.08-12.21.34:428][317]LogHMD: Orientation wasn't applied to a camera in frame 27
[2017.03.08-12.21.34:434][318]LogHMD: Orientation wasn't applied to a camera in frame 28
[2017.03.08-12.21.34:434][318]LogHMD: Orientation wasn't applied to a camera in frame 28
[2017.03.08-12.21.34:435][318]LogHMD: Orientation wasn't applied to a camera in frame 28
[2017.03.08-12.21.34:442][319]LogHMD: Orientation wasn't applied to a camera in frame 29
[2017.03.08-12.21.34:442][319]LogHMD: Orientation wasn't applied to a camera in frame 29
[2017.03.08-12.21.34:443][319]LogHMD: Orientation wasn't applied to a camera in frame 29
[2017.03.08-12.21.34:450][320]LogHMD: Orientation wasn't applied to a camera in frame 30
[2017.03.08-12.21.34:450][320]LogHMD: Orientation wasn't applied to a camera in frame 30
[2017.03.08-12.21.34:451][320]LogHMD: Orientation wasn't applied to a camera in frame 30
[2017.03.08-12.21.34:457][321]LogHMD: Orientation wasn't applied to a camera in frame 31
[2017.03.08-12.21.34:457][321]LogHMD: Orientation wasn't applied to a camera in frame 31
[2017.03.08-12.21.34:458][321]LogHMD: Orientation wasn't applied to a camera in frame 31
[2017.03.08-12.21.34:464][322]LogHMD: Orientation wasn't applied to a camera in frame 32
[2017.03.08-12.21.34:464][322]LogHMD: Orientation wasn't applied to a camera in frame 32
[2017.03.08-12.21.34:465][322]LogHMD: Orientation wasn't applied to a camera in frame 32
[2017.03.08-12.21.34:471][323]LogHMD: Orientation wasn't applied to a camera in frame 33
[2017.03.08-12.21.34:471][323]LogHMD: Orientation wasn't applied to a camera in frame 33
[2017.03.08-12.21.34:472][323]LogHMD: Orientation wasn't applied to a camera in frame 33
[2017.03.08-12.21.34:478][324]LogHMD: Orientation wasn't applied to a camera in frame 34
[2017.03.08-12.21.34:478][324]LogHMD: Orientation wasn't applied to a camera in frame 34
[2017.03.08-12.21.34:479][324]LogHMD: Orientation wasn't applied to a camera in frame 34
[2017.03.08-12.21.34:486][325]LogHMD: Orientation wasn't applied to a camera in frame 35
[2017.03.08-12.21.34:486][325]LogHMD: Orientation wasn't applied to a camera in frame 35
[2017.03.08-12.21.34:487][325]LogHMD: Orientation wasn't applied to a camera in frame 35
[2017.03.08-12.21.34:493][326]LogHMD: Orientation wasn't applied to a camera in frame 36
[2017.03.08-12.21.34:493][326]LogHMD: Orientation wasn't applied to a camera in frame 36
[2017.03.08-12.21.34:494][326]LogHMD: Orientation wasn't applied to a camera in frame 36
[2017.03.08-12.21.34:500][327]LogHMD: Orientation wasn't applied to a camera in frame 37
[2017.03.08-12.21.34:500][327]LogHMD: Orientation wasn't applied to a camera in frame 37
[2017.03.08-12.21.34:501][327]LogHMD: Orientation wasn't applied to a camera in frame 37
[2017.03.08-12.21.34:508][328]LogHMD: Orientation wasn't applied to a camera in frame 38
[2017.03.08-12.21.34:508][328]LogHMD: Orientation wasn't applied to a camera in frame 38
[2017.03.08-12.21.34:509][328]LogHMD: Orientation wasn't applied to a camera in frame 38
[2017.03.08-12.21.34:515][329]LogHMD: Orientation wasn't applied to a camera in frame 39
[2017.03.08-12.21.34:515][329]LogHMD: Orientation wasn't applied to a camera in frame 39
[2017.03.08-12.21.34:516][329]LogHMD: Orientation wasn't applied to a camera in frame 39
[2017.03.08-12.21.34:522][330]LogHMD: Orientation wasn't applied to a camera in frame 40
[2017.03.08-12.21.34:522][330]LogHMD: Orientation wasn't applied to a camera in frame 40
[2017.03.08-12.21.34:523][330]LogHMD: Orientation wasn't applied to a camera in frame 40
[2017.03.08-12.21.34:529][331]LogHMD: Orientation wasn't applied to a camera in frame 41
[2017.03.08-12.21.34:529][331]LogHMD: Orientation wasn't applied to a camera in frame 41
[2017.03.08-12.21.34:530][331]LogHMD: Orientation wasn't applied to a camera in frame 41
[2017.03.08-12.21.34:537][332]LogHMD: Orientation wasn't applied to a camera in frame 42
[2017.03.08-12.21.34:537][332]LogHMD: Orientation wasn't applied to a camera in frame 42
[2017.03.08-12.21.34:538][332]LogHMD: Orientation wasn't applied to a camera in frame 42
[2017.03.08-12.21.34:544][333]LogHMD: Orientation wasn't applied to a camera in frame 43
[2017.03.08-12.21.34:544][333]LogHMD: Orientation wasn't applied to a camera in frame 43
[2017.03.08-12.21.34:545][333]LogHMD: Orientation wasn't applied to a camera in frame 43
[2017.03.08-12.21.34:552][334]LogHMD: Orientation wasn't applied to a camera in frame 44
[2017.03.08-12.21.34:552][334]LogHMD: Orientation wasn't applied to a camera in frame 44
[2017.03.08-12.21.34:553][334]LogHMD: Orientation wasn't applied to a camera in frame 44
[2017.03.08-12.21.34:559][335]LogHMD: Orientation wasn't applied to a camera in frame 45
[2017.03.08-12.21.34:559][335]LogHMD: Orientation wasn't applied to a camera in frame 45
[2017.03.08-12.21.34:560][335]LogHMD: Orientation wasn't applied to a camera in frame 45
[2017.03.08-12.21.34:567][336]LogHMD: Orientation wasn't applied to a camera in frame 46
[2017.03.08-12.21.34:567][336]LogHMD: Orientation wasn't applied to a camera in frame 46
[2017.03.08-12.21.34:568][336]LogHMD: Orientation wasn't applied to a camera in frame 46
[2017.03.08-12.21.34:574][337]LogHMD: Orientation wasn't applied to a camera in frame 47
[2017.03.08-12.21.34:574][337]LogHMD: Orientation wasn't applied to a camera in frame 47
[2017.03.08-12.21.34:575][337]LogHMD: Orientation wasn't applied to a camera in frame 47
[2017.03.08-12.21.34:581][338]LogHMD: Orientation wasn't applied to a camera in frame 48
[2017.03.08-12.21.34:581][338]LogHMD: Orientation wasn't applied to a camera in frame 48
[2017.03.08-12.21.34:582][338]LogHMD: Orientation wasn't applied to a camera in frame 48
[2017.03.08-12.21.34:588][339]LogHMD: Orientation wasn't applied to a camera in frame 49
[2017.03.08-12.21.34:588][339]LogHMD: Orientation wasn't applied to a camera in frame 49
[2017.03.08-12.21.34:589][339]LogHMD: Orientation wasn't applied to a camera in frame 49
[2017.03.08-12.21.34:596][340]LogHMD: Orientation wasn't applied to a camera in frame 50
[2017.03.08-12.21.34:596][340]LogHMD: Orientation wasn't applied to a camera in frame 50
[2017.03.08-12.21.34:597][340]LogHMD: Orientation wasn't applied to a camera in frame 50
[2017.03.08-12.21.34:603][341]LogHMD: Orientation wasn't applied to a camera in frame 51
[2017.03.08-12.21.34:603][341]LogHMD: Orientation wasn't applied to a camera in frame 51
[2017.03.08-12.21.34:604][341]LogHMD: Orientation wasn't applied to a camera in frame 51
[2017.03.08-12.21.34:610][342]LogHMD: Orientation wasn't applied to a camera in frame 52
[2017.03.08-12.21.34:610][342]LogHMD: Orientation wasn't applied to a camera in frame 52
[2017.03.08-12.21.34:612][342]LogHMD: Orientation wasn't applied to a camera in frame 52
[2017.03.08-12.21.34:619][343]LogHMD: Orientation wasn't applied to a camera in frame 53
[2017.03.08-12.21.34:619][343]LogHMD: Orientation wasn't applied to a camera in frame 53
[2017.03.08-12.21.34:620][343]LogHMD: Orientation wasn't applied to a camera in frame 53
[2017.03.08-12.21.34:626][344]LogHMD: Orientation wasn't applied to a camera in frame 54
[2017.03.08-12.21.34:626][344]LogHMD: Orientation wasn't applied to a camera in frame 54
[2017.03.08-12.21.34:627][344]LogHMD: Orientation wasn't applied to a camera in frame 54
[2017.03.08-12.21.34:633][345]LogHMD: Orientation wasn't applied to a camera in frame 55
[2017.03.08-12.21.34:633][345]LogHMD: Orientation wasn't applied to a camera in frame 55
[2017.03.08-12.21.34:634][345]LogHMD: Orientation wasn't applied to a camera in frame 55
[2017.03.08-12.21.34:641][346]LogHMD: Orientation wasn't applied to a camera in frame 56
[2017.03.08-12.21.34:641][346]LogHMD: Orientation wasn't applied to a camera in frame 56
[2017.03.08-12.21.34:642][346]LogHMD: Orientation wasn't applied to a camera in frame 56
[2017.03.08-12.21.34:649][347]LogHMD: Orientation wasn't applied to a camera in frame 57
[2017.03.08-12.21.34:649][347]LogHMD: Orientation wasn't applied to a camera in frame 57
[2017.03.08-12.21.34:650][347]LogHMD: Orientation wasn't applied to a camera in frame 57
[2017.03.08-12.21.34:656][348]LogHMD: Orientation wasn't applied to a camera in frame 58
[2017.03.08-12.21.34:656][348]LogHMD: Orientation wasn't applied to a camera in frame 58
[2017.03.08-12.21.34:658][348]LogHMD: Orientation wasn't applied to a camera in frame 58
[2017.03.08-12.21.34:664][349]LogHMD: Orientation wasn't applied to a camera in frame 59
[2017.03.08-12.21.34:664][349]LogHMD: Orientation wasn't applied to a camera in frame 59
[2017.03.08-12.21.34:665][349]LogHMD: Orientation wasn't applied to a camera in frame 59
[2017.03.08-12.21.34:671][350]LogHMD: Orientation wasn't applied to a camera in frame 60
[2017.03.08-12.21.34:671][350]LogHMD: Orientation wasn't applied to a camera in frame 60
[2017.03.08-12.21.34:672][350]LogHMD: Orientation wasn't applied to a camera in frame 60
[2017.03.08-12.21.34:679][351]LogHMD: Orientation wasn't applied to a camera in frame 61
[2017.03.08-12.21.34:679][351]LogHMD: Orientation wasn't applied to a camera in frame 61
[2017.03.08-12.21.34:681][351]LogHMD: Orientation wasn't applied to a camera in frame 61
[2017.03.08-12.21.34:686][352]LogHMD: Orientation wasn't applied to a camera in frame 62
[2017.03.08-12.21.34:686][352]LogHMD: Orientation wasn't applied to a camera in frame 62
[2017.03.08-12.21.34:687][352]LogHMD: Orientation wasn't applied to a camera in frame 62
[2017.03.08-12.21.34:694][353]LogHMD: Orientation wasn't applied to a camera in frame 63
[2017.03.08-12.21.34:694][353]LogHMD: Orientation wasn't applied to a camera in frame 63
[2017.03.08-12.21.34:695][353]LogHMD: Orientation wasn't applied to a camera in frame 63
[2017.03.08-12.21.34:701][354]LogHMD: Orientation wasn't applied to a camera in frame 64
[2017.03.08-12.21.34:701][354]LogHMD: Orientation wasn't applied to a camera in frame 64
[2017.03.08-12.21.34:702][354]LogHMD: Orientation wasn't applied to a camera in frame 64
[2017.03.08-12.21.34:708][355]LogHMD: Orientation wasn't applied to a camera in frame 65
[2017.03.08-12.21.34:708][355]LogHMD: Orientation wasn't applied to a camera in frame 65
[2017.03.08-12.21.34:709][355]LogHMD: Orientation wasn't applied to a camera in frame 65
[2017.03.08-12.21.34:715][356]LogHMD: Orientation wasn't applied to a camera in frame 66
[2017.03.08-12.21.34:715][356]LogHMD: Orientation wasn't applied to a camera in frame 66
[2017.03.08-12.21.34:716][356]LogHMD: Orientation wasn't applied to a camera in frame 66
[2017.03.08-12.21.34:722][357]LogHMD: Orientation wasn't applied to a camera in frame 67
[2017.03.08-12.21.34:722][357]LogHMD: Orientation wasn't applied to a camera in frame 67
[2017.03.08-12.21.34:723][357]LogHMD: Orientation wasn't applied to a camera in frame 67
[2017.03.08-12.21.34:729][358]LogHMD: Orientation wasn't applied to a camera in frame 68
[2017.03.08-12.21.34:729][358]LogHMD: Orientation wasn't applied to a camera in frame 68
[2017.03.08-12.21.34:730][358]LogHMD: Orientation wasn't applied to a camera in frame 68
[2017.03.08-12.21.34:737][359]LogHMD: Orientation wasn't applied to a camera in frame 69
[2017.03.08-12.21.34:737][359]LogHMD: Orientation wasn't applied to a camera in frame 69
[2017.03.08-12.21.34:738][359]LogHMD: Orientation wasn't applied to a camera in frame 69
[2017.03.08-12.21.34:744][360]LogHMD: Orientation wasn't applied to a camera in frame 70
[2017.03.08-12.21.34:744][360]LogHMD: Orientation wasn't applied to a camera in frame 70
[2017.03.08-12.21.34:745][360]LogHMD: Orientation wasn't applied to a camera in frame 70
[2017.03.08-12.21.34:752][361]LogHMD: Orientation wasn't applied to a camera in frame 71
[2017.03.08-12.21.34:752][361]LogHMD: Orientation wasn't applied to a camera in frame 71
[2017.03.08-12.21.34:753][361]LogHMD: Orientation wasn't applied to a camera in frame 71
[2017.03.08-12.21.34:760][362]LogHMD: Orientation wasn't applied to a camera in frame 72
[2017.03.08-12.21.34:760][362]LogHMD: Orientation wasn't applied to a camera in frame 72
[2017.03.08-12.21.34:761][362]LogHMD: Orientation wasn't applied to a camera in frame 72
[2017.03.08-12.21.34:767][363]LogHMD: Orientation wasn't applied to a camera in frame 73
[2017.03.08-12.21.34:767][363]LogHMD: Orientation wasn't applied to a camera in frame 73
[2017.03.08-12.21.34:768][363]LogHMD: Orientation wasn't applied to a camera in frame 73
[2017.03.08-12.21.34:774][364]LogHMD: Orientation wasn't applied to a camera in frame 74
[2017.03.08-12.21.34:774][364]LogHMD: Orientation wasn't applied to a camera in frame 74
[2017.03.08-12.21.34:775][364]LogHMD: Orientation wasn't applied to a camera in frame 74
[2017.03.08-12.21.34:781][365]LogHMD: Orientation wasn't applied to a camera in frame 75
[2017.03.08-12.21.34:781][365]LogHMD: Orientation wasn't applied to a camera in frame 75
[2017.03.08-12.21.34:782][365]LogHMD: Orientation wasn't applied to a camera in frame 75
[2017.03.08-12.21.34:788][366]LogHMD: Orientation wasn't applied to a camera in frame 76
[2017.03.08-12.21.34:788][366]LogHMD: Orientation wasn't applied to a camera in frame 76
[2017.03.08-12.21.34:789][366]LogHMD: Orientation wasn't applied to a camera in frame 76
[2017.03.08-12.21.34:796][367]LogHMD: Orientation wasn't applied to a camera in frame 77
[2017.03.08-12.21.34:796][367]LogHMD: Orientation wasn't applied to a camera in frame 77
[2017.03.08-12.21.34:797][367]LogHMD: Orientation wasn't applied to a camera in frame 77
[2017.03.08-12.21.34:803][368]LogHMD: Orientation wasn't applied to a camera in frame 78
[2017.03.08-12.21.34:803][368]LogHMD: Orientation wasn't applied to a camera in frame 78
[2017.03.08-12.21.34:804][368]LogHMD: Orientation wasn't applied to a camera in frame 78
[2017.03.08-12.21.34:811][369]LogHMD: Orientation wasn't applied to a camera in frame 79
[2017.03.08-12.21.34:811][369]LogHMD: Orientation wasn't applied to a camera in frame 79
[2017.03.08-12.21.34:812][369]LogHMD: Orientation wasn't applied to a camera in frame 79
[2017.03.08-12.21.34:818][370]LogHMD: Orientation wasn't applied to a camera in frame 80
[2017.03.08-12.21.34:818][370]LogHMD: Orientation wasn't applied to a camera in frame 80
[2017.03.08-12.21.34:819][370]LogHMD: Orientation wasn't applied to a camera in frame 80
[2017.03.08-12.21.34:825][371]LogHMD: Orientation wasn't applied to a camera in frame 81
[2017.03.08-12.21.34:825][371]LogHMD: Orientation wasn't applied to a camera in frame 81
[2017.03.08-12.21.34:826][371]LogHMD: Orientation wasn't applied to a camera in frame 81
[2017.03.08-12.21.34:832][372]LogHMD: Orientation wasn't applied to a camera in frame 82
[2017.03.08-12.21.34:832][372]LogHMD: Orientation wasn't applied to a camera in frame 82
[2017.03.08-12.21.34:833][372]LogHMD: Orientation wasn't applied to a camera in frame 82
[2017.03.08-12.21.34:840][373]LogHMD: Orientation wasn't applied to a camera in frame 83
[2017.03.08-12.21.34:840][373]LogHMD: Orientation wasn't applied to a camera in frame 83
[2017.03.08-12.21.34:841][373]LogHMD: Orientation wasn't applied to a camera in frame 83
[2017.03.08-12.21.34:847][374]LogHMD: Orientation wasn't applied to a camera in frame 84
[2017.03.08-12.21.34:847][374]LogHMD: Orientation wasn't applied to a camera in frame 84
[2017.03.08-12.21.34:848][374]LogHMD: Orientation wasn't applied to a camera in frame 84
[2017.03.08-12.21.34:854][375]LogHMD: Orientation wasn't applied to a camera in frame 85
[2017.03.08-12.21.34:854][375]LogHMD: Orientation wasn't applied to a camera in frame 85
[2017.03.08-12.21.34:855][375]LogHMD: Orientation wasn't applied to a camera in frame 85
[2017.03.08-12.21.34:862][376]LogHMD: Orientation wasn't applied to a camera in frame 86
[2017.03.08-12.21.34:862][376]LogHMD: Orientation wasn't applied to a camera in frame 86
[2017.03.08-12.21.34:863][376]LogHMD: Orientation wasn't applied to a camera in frame 86
[2017.03.08-12.21.34:869][377]LogHMD: Orientation wasn't applied to a camera in frame 87
[2017.03.08-12.21.34:869][377]LogHMD: Orientation wasn't applied to a camera in frame 87
[2017.03.08-12.21.34:870][377]LogHMD: Orientation wasn't applied to a camera in frame 87
[2017.03.08-12.21.34:876][378]LogHMD: Orientation wasn't applied to a camera in frame 88
[2017.03.08-12.21.34:876][378]LogHMD: Orientation wasn't applied to a camera in frame 88
[2017.03.08-12.21.34:877][378]LogHMD: Orientation wasn't applied to a camera in frame 88
[2017.03.08-12.21.34:884][379]LogHMD: Orientation wasn't applied to a camera in frame 89
[2017.03.08-12.21.34:884][379]LogHMD: Orientation wasn't applied to a camera in frame 89
[2017.03.08-12.21.34:885][379]LogHMD: Orientation wasn't applied to a camera in frame 89
[2017.03.08-12.21.34:892][380]LogHMD: Orientation wasn't applied to a camera in frame 90
[2017.03.08-12.21.34:892][380]LogHMD: Orientation wasn't applied to a camera in frame 90
[2017.03.08-12.21.34:893][380]LogHMD: Orientation wasn't applied to a camera in frame 90
[2017.03.08-12.21.34:899][381]LogHMD: Orientation wasn't applied to a camera in frame 91
[2017.03.08-12.21.34:899][381]LogHMD: Orientation wasn't applied to a camera in frame 91
[2017.03.08-12.21.34:900][381]LogHMD: Orientation wasn't applied to a camera in frame 91
[2017.03.08-12.21.34:906][382]LogHMD: Orientation wasn't applied to a camera in frame 92
[2017.03.08-12.21.34:906][382]LogHMD: Orientation wasn't applied to a camera in frame 92
[2017.03.08-12.21.34:907][382]LogHMD: Orientation wasn't applied to a camera in frame 92
[2017.03.08-12.21.34:914][383]LogHMD: Orientation wasn't applied to a camera in frame 93
[2017.03.08-12.21.34:914][383]LogHMD: Orientation wasn't applied to a camera in frame 93
[2017.03.08-12.21.34:915][383]LogHMD: Orientation wasn't applied to a camera in frame 93
[2017.03.08-12.21.34:921][384]LogHMD: Orientation wasn't applied to a camera in frame 94
[2017.03.08-12.21.34:921][384]LogHMD: Orientation wasn't applied to a camera in frame 94
[2017.03.08-12.21.34:922][384]LogHMD: Orientation wasn't applied to a camera in frame 94
[2017.03.08-12.21.34:928][385]LogHMD: Orientation wasn't applied to a camera in frame 95
[2017.03.08-12.21.34:928][385]LogHMD: Orientation wasn't applied to a camera in frame 95
[2017.03.08-12.21.34:930][385]LogHMD: Orientation wasn't applied to a camera in frame 95
[2017.03.08-12.21.34:936][386]LogHMD: Orientation wasn't applied to a camera in frame 96
[2017.03.08-12.21.34:936][386]LogHMD: Orientation wasn't applied to a camera in frame 96
[2017.03.08-12.21.34:937][386]LogHMD: Orientation wasn't applied to a camera in frame 96
[2017.03.08-12.21.34:944][387]LogHMD: Orientation wasn't applied to a camera in frame 97
[2017.03.08-12.21.34:944][387]LogHMD: Orientation wasn't applied to a camera in frame 97
[2017.03.08-12.21.34:945][387]LogHMD: Orientation wasn't applied to a camera in frame 97
[2017.03.08-12.21.34:951][388]LogHMD: Orientation wasn't applied to a camera in frame 98
[2017.03.08-12.21.34:951][388]LogHMD: Orientation wasn't applied to a camera in frame 98
[2017.03.08-12.21.34:953][388]LogHMD: Orientation wasn't applied to a camera in frame 98
[2017.03.08-12.21.34:960][389]LogHMD: Orientation wasn't applied to a camera in frame 99
[2017.03.08-12.21.34:960][389]LogHMD: Orientation wasn't applied to a camera in frame 99
[2017.03.08-12.21.34:961][389]LogHMD: Orientation wasn't applied to a camera in frame 99
[2017.03.08-12.21.34:967][390]LogHMD: Orientation wasn't applied to a camera in frame 100
[2017.03.08-12.21.34:967][390]LogHMD: Orientation wasn't applied to a camera in frame 100
[2017.03.08-12.21.34:968][390]LogHMD: Orientation wasn't applied to a camera in frame 100
[2017.03.08-12.21.40:306][116]OCULUS: Info: [HMDState] Requested to SetForegroundWindow(2103e4ll)
[2017.03.08-12.21.46:622][588]OCULUS: Info: [HMDState] Requested to SetForegroundWindow(2103e4ll)
[2017.03.08-12.21.49:563][852]LogBlueprintUserMessages: [Teapot_PlayerController_C_0] H Pressed
[2017.03.08-12.21.49:564][852]LogNetVersion: GetLocalNetworkVersion: CL: 3299760, ProjectName: teapot_multiplayer, ProjectVersion: 1.0.0.0, EngineNetworkVersion: 2, GameNetworkVersion: 0, NetworkChecksum: 2092144190
[2017.03.08-12.21.49:564][852]LogInit: WinSock: I am DESKTOP-RDBT9IJ (172.16.0.184:0)
[2017.03.08-12.21.49:565][852]LogBlueprintUserMessages: [Teapot_GameInstance_C_0] Succeded creating session
[2017.03.08-12.21.49:574][853]LogGameMode:Display: Match State Changed from InProgress to LeavingMap
[2017.03.08-12.21.49:575][853]LogGameState: Match State Changed from InProgress to LeavingMap
[2017.03.08-12.21.49:575][853]LogNet: Browse: /Game/Teapot_Content/Maps/Teapot_Level_Test1?listen
[2017.03.08-12.21.49:575][853]LogLoadingSplash: Loading begins
[2017.03.08-12.21.49:587][853]LogHMD: Allocated a new swap texture set (size 16 x 16, mipcount = 5), 0x00000214BD941140
[2017.03.08-12.21.49:597][853]LogHMD: FOculusRiftSplash::PushBlackFrame
[2017.03.08-12.21.49:597][853]LogHMD: FOculusRiftSplash::Show
[2017.03.08-12.21.49:597][853]LogLoad: LoadMap: /Game/Teapot_Content/Maps/Teapot_Level_Test1?listen
[2017.03.08-12.21.49:607][853]Cmd: MEM
[2017.03.08-12.21.49:613][853]LogMemory: Platform Memory Stats for Windows
[2017.03.08-12.21.49:613][853]LogMemory: Process Physical Memory: 1268.16 MB used, 1355.51 MB peak
[2017.03.08-12.21.49:613][853]LogMemory: Process Virtual Memory: 1994.02 MB used, 2269.18 MB peak
[2017.03.08-12.21.49:613][853]LogMemory: Physical Memory: 4967.71 MB used,  11358.27 MB free, 16325.98 MB total
[2017.03.08-12.21.49:613][853]LogMemory: Virtual Memory: 3010.83 MB used,  11358.27 MB free, 134217728.00 MB total
[2017.03.08-12.21.49:613][853]LogMemory: 
[2017.03.08-12.21.49:613][853]Allocator Stats for TBB: (not implemented)
[2017.03.08-12.21.49:756][853]LogAIModule: Creating AISystem for world Teapot_Level_Test1
[2017.03.08-12.21.49:756][853]LogLoad: Game class is 'Teapot_GameMode_C'
[2017.03.08-12.21.49:757][853]LogInit: WinSock: Socket queue 131072 / 131072
[2017.03.08-12.21.49:757][853]PacketHandlerLog: Loaded PacketHandler component: Engine.EngineHandlerComponentFactory (StatelessConnectHandlerComponent)
[2017.03.08-12.21.49:758][853]LogNet: GameNetDriver IpNetDriver_0 IpNetDriver listening on port 7777
[2017.03.08-12.21.49:762][853]LogWorld: Bringing World /Game/Teapot_Content/Maps/UEDPIE_0_Teapot_Level_Test1.Teapot_Level_Test1 up for play (max tick rate 0) at 2017.03.08-13.21.49
[2017.03.08-12.21.49:764][853]LogWorld: Bringing up level for play took: 0.005104
[2017.03.08-12.21.49:764][853]LogBlueprintUserMessages: [Teapot_GameMode_C_0] Server: OnPostLogin
[2017.03.08-12.21.49:764][853]LogBlueprintUserMessages: [Teapot_GameMode_C_0] Server: Spawning Pawn
[2017.03.08-12.21.49:766][853]LogGameMode:Display: Match State Changed from EnteringMap to WaitingToStart
[2017.03.08-12.21.49:766][853]LogGameState: Match State Changed from EnteringMap to WaitingToStart
[2017.03.08-12.21.49:766][853]LogGameMode:Display: Match State Changed from WaitingToStart to InProgress
[2017.03.08-12.21.49:767][853]LogUnrealMath:Error: FMatrix::InverseFast(), trying to invert a NIL matrix, this results in NaNs! Use Inverse() instead.
[2017.03.08-12.21.49:767][853]LogOutputDevice:Warning: 

Script Stack:
Teapot_MotionController_C.SetupRoomScaleOutline
Teapot_MotionController_C.ExecuteUbergraph_Teapot_MotionController
Teapot_MotionController_C.ReceiveBeginPlay
Teapot_VRPawn3_C.ExecuteUbergraph_Teapot_VRPawn3
Teapot_VRPawn3_C.ReceiveBeginPlay

[2017.03.08-12.21.49:830][853]LogStats: FPlatformStackWalk::StackWalkAndDump -  0.062 s
[2017.03.08-12.21.49:830][853]LogOutputDevice:Error: === Handled ensure: ===
[2017.03.08-12.21.49:830][853]LogOutputDevice:Error: 
[2017.03.08-12.21.49:830][853]LogOutputDevice:Error: Ensure condition failed: false [File:D:\Build\++UE4+Release-4.15+Compile\Sync\Engine\Source\Runtime\Core\Private\Math\Matrix.cpp] [Line: 8]
[2017.03.08-12.21.49:830][853]LogOutputDevice:Error: FMatrix::InverseFast(), trying to invert a NIL matrix, this results in NaNs! Use Inverse() instead.
[2017.03.08-12.21.49:830][853]LogOutputDevice:Error: Stack: 
[2017.03.08-12.21.49:830][853]LogOutputDevice:Error: UE4Editor-Core.dll!0x000000008F7795D6
[2017.03.08-12.21.49:830][853]LogOutputDevice:Error: UE4Editor-Core.dll!0x000000008F529B72
[2017.03.08-12.21.49:830][853]LogOutputDevice:Error: UE4Editor-Core.dll!0x000000008F53B656
[2017.03.08-12.21.49:830][853]LogOutputDevice:Error: UE4Editor-Core.dll!0x000000008F4D23F1
[2017.03.08-12.21.49:830][853]LogOutputDevice:Error: UE4Editor-Engine.dll!0x0000000081E34FBB
[2017.03.08-12.21.49:830][853]LogOutputDevice:Error: UE4Editor-Engine.dll!0x0000000082749606
[2017.03.08-12.21.49:830][853]LogOutputDevice:Error: UE4Editor-Engine.dll!0x000000008277FCF4
[2017.03.08-12.21.49:830][853]LogOutputDevice:Error: UE4Editor-CoreUObject.dll!0x000000008FDA4C1A
[2017.03.08-12.21.49:830][853]LogOutputDevice:Error: UE4Editor-CoreUObject.dll!0x000000008FED7A1E
[2017.03.08-12.21.49:830][853]LogOutputDevice:Error: UE4Editor-CoreUObject.dll!0x000000008FEF9A71
[2017.03.08-12.21.49:830][853]LogOutputDevice:Error: UE4Editor-CoreUObject.dll!0x000000008FEFBC72
[2017.03.08-12.21.49:830][853]LogOutputDevice:Error: UE4Editor-CoreUObject.dll!0x000000008FED842E
[2017.03.08-12.21.49:830][853]LogOutputDevice:Error: UE4Editor-CoreUObject.dll!0x000000008FF21BC3
[2017.03.08-12.21.49:830][853]LogOutputDevice:Error: UE4Editor-CoreUObject.dll!0x000000008FEFBC72
[2017.03.08-12.21.49:830][853]LogOutputDevice:Error: UE4Editor-CoreUObject.dll!0x000000008FED842E
[2017.03.08-12.21.49:830][853]LogOutputDevice:Error: UE4Editor-CoreUObject.dll!0x000000008FF21BC3
[2017.03.08-12.21.49:830][853]LogOutputDevice:Error: UE4Editor-CoreUObject.dll!0x000000008FEFBC72
[2017.03.08-12.21.49:830][853]LogOutputDevice:Error: UE4Editor-CoreUObject.dll!0x000000008FDA4C1A
[2017.03.08-12.21.49:830][853]LogOutputDevice:Error: UE4Editor-CoreUObject.dll!0x000000008FEFAFEB
[2017.03.08-12.21.49:830][853]LogOutputDevice:Error: UE4Editor-Engine.dll!0x0000000081F23922
[2017.03.08-12.21.49:830][853]LogOutputDevice:Error: UE4Editor-Engine.dll!0x00000000831B6EA7
[2017.03.08-12.21.49:830][853]LogOutputDevice:Error: UE4Editor-Engine.dll!0x0000000081EE2CDF
[2017.03.08-12.21.49:830][853]LogOutputDevice:Error: UE4Editor-Engine.dll!0x0000000081EEFE2B
[2017.03.08-12.21.49:830][853]LogOutputDevice:Error: UE4Editor-Engine.dll!0x0000000081F1F398
[2017.03.08-12.21.49:830][853]LogOutputDevice:Error: UE4Editor-Engine.dll!0x0000000081EFF86B
[2017.03.08-12.21.49:830][853]LogOutputDevice:Error: UE4Editor-Engine.dll!0x00000000825D4169
[2017.03.08-12.21.49:830][853]LogOutputDevice:Error: UE4Editor-Engine.dll!0x0000000081F5B056
[2017.03.08-12.21.49:830][853]LogOutputDevice:Error: UE4Editor-CoreUObject.dll!0x000000008FDA4C1A
[2017.03.08-12.21.49:830][853]LogOutputDevice:Error: UE4Editor-CoreUObject.dll!0x000000008FED7A1E
[2017.03.08-12.21.49:830][853]LogOutputDevice:Error: UE4Editor-CoreUObject.dll!0x000000008FEF9A71
[2017.03.08-12.21.49:830][853]LogOutputDevice:Error: UE4Editor-CoreUObject.dll!0x000000008FF1F51B
[2017.03.08-12.21.49:830][853]LogOutputDevice:Error: UE4Editor-CoreUObject.dll!0x000000008FEFBC72
[2017.03.08-12.21.49:830][853]LogOutputDevice:Error: UE4Editor-CoreUObject.dll!0x000000008FED842E
[2017.03.08-12.21.49:830][853]LogOutputDevice:Error: UE4Editor-CoreUObject.dll!0x000000008FF21BC3
[2017.03.08-12.21.49:830][853]LogOutputDevice:Error: UE4Editor-CoreUObject.dll!0x000000008FEFBC72
[2017.03.08-12.21.49:830][853]LogOutputDevice:Error: UE4Editor-CoreUObject.dll!0x000000008FDA4C1A
[2017.03.08-12.21.49:830][853]LogOutputDevice:Error: UE4Editor-CoreUObject.dll!0x000000008FEFAFEB
[2017.03.08-12.21.49:830][853]LogOutputDevice:Error: UE4Editor-Engine.dll!0x0000000081F23922
[2017.03.08-12.21.49:830][853]LogOutputDevice:Error: UE4Editor-Engine.dll!0x00000000831B6EA7
[2017.03.08-12.21.49:830][853]LogOutputDevice:Error: UE4Editor-Engine.dll!0x0000000081EE2CDF
[2017.03.08-12.21.49:830][853]LogOutputDevice:Error: UE4Editor-Engine.dll!0x0000000081EEFE2B
[2017.03.08-12.21.49:830][853]LogOutputDevice:Error: UE4Editor-Engine.dll!0x0000000083024BE4
[2017.03.08-12.21.49:830][853]LogOutputDevice:Error: UE4Editor-Engine.dll!0x00000000825DEC81
[2017.03.08-12.21.49:830][853]LogOutputDevice:Error: UE4Editor-Engine.dll!0x00000000825F65C3
[2017.03.08-12.21.49:830][853]LogOutputDevice:Error: UE4Editor-Engine.dll!0x00000000825FB8A3
[2017.03.08-12.21.49:830][853]LogOutputDevice:Error: UE4Editor-Engine.dll!0x000000008301248E
[2017.03.08-12.21.49:830][853]LogOutputDevice:Error: UE4Editor-Engine.dll!0x0000000082F38F6D
[2017.03.08-12.21.49:830][853]LogOutputDevice:Error: UE4Editor-Engine.dll!0x0000000082EED43E
[2017.03.08-12.21.49:830][853]LogOutputDevice:Error: UE4Editor-Engine.dll!0x0000000082F5BC30
[2017.03.08-12.21.49:831][853]LogOutputDevice:Error: UE4Editor-UnrealEd.dll!0x000000008091637F
[2017.03.08-12.21.49:831][853]LogOutputDevice:Error: UE4Editor-UnrealEd.dll!0x0000000081121AD6
[2017.03.08-12.21.49:831][853]LogOutputDevice:Error: UE4Editor.exe!0x000000008FFCDEE3
[2017.03.08-12.21.49:831][853]LogOutputDevice:Error: UE4Editor.exe!0x000000008FFBEB40
[2017.03.08-12.21.49:831][853]LogOutputDevice:Error: UE4Editor.exe!0x000000008FFBEBBA
[2017.03.08-12.21.49:831][853]LogOutputDevice:Error: UE4Editor.exe!0x000000008FFD0A29
[2017.03.08-12.21.49:831][853]LogOutputDevice:Error: UE4Editor.exe!0x000000008FFD22B6
[2017.03.08-12.21.49:831][853]LogOutputDevice:Error: KERNEL32.DLL!0x00000000C55B8364
[2017.03.08-12.21.49:831][853]LogOutputDevice:Error: ntdll.dll!0x00000000C7E470D1
[2017.03.08-12.21.49:831][853]LogOutputDevice:Error: 
[2017.03.08-12.21.49:834][853]LogStats:                SubmitErrorReport -  0.000 s
